2023-12-25 14:23:55,413[7] ERROR 测量波长错误 
System.AggregateException: One or more errors occurred. (由于连接方在一段时间后没有正确答复或连接的主机没有反应，连接尝试失败。)
 ---> System.Net.Sockets.SocketException (10060): 由于连接方在一段时间后没有正确答复或连接的主机没有反应，连接尝试失败。
   at System.Net.Sockets.Socket.Receive(Byte[] buffer)
   at Semight.Fwm.Connection.ConnectionAssistantLib.Net.NetCommunicator.ReceiveData(Int32 replyLength, CancellationToken cancellationToken) in D:\Semight.Fwm.Fwm8612\Code\02Semight.Fwm.Connection\Semight.Fwm.Connection.ConnectionAssistantLib\Net\NetCommunicator.cs:line 187
   at Semight.Fwm.Connection.ConnectionAssistantLib.ConnectionContext.<>c__DisplayClass6_0.<SendMessageWithData>b__0() in D:\Semight.Fwm.Fwm8612\Code\02Semight.Fwm.Connection\Semight.Fwm.Connection.ConnectionAssistantLib\ConnectionContext.cs:line 124
   at System.Threading.Tasks.Task`1.InnerInvoke()
   at System.Threading.Tasks.Task.<>c.<.cctor>b__272_0(Object obj)
   at System.Threading.ExecutionContext.RunFromThreadPoolDispatchLoop(Thread threadPoolThread, ExecutionContext executionContext, ContextCallback callback, Object state)
--- End of stack trace from previous location ---
   at System.Threading.ExecutionContext.RunFromThreadPoolDispatchLoop(Thread threadPoolThread, ExecutionContext executionContext, ContextCallback callback, Object state)
   at System.Threading.Tasks.Task.ExecuteWithThreadLocal(Task& currentTaskSlot, Thread threadPoolThread)
   --- End of inner exception stack trace ---
   at System.Threading.Tasks.Task.ThrowIfExceptional(Boolean includeTaskCanceledExceptions)
   at System.Threading.Tasks.Task`1.GetResultCore(Boolean waitCompletionNotification)
   at System.Threading.Tasks.Task`1.get_Result()
   at Semight.Fwm.Connection.ConnectionAssistantLib.ConnectionContext.SendMessageWithData(String msg, Int32 replyLength, Int32 timeOut) in D:\Semight.Fwm.Fwm8612\Code\02Semight.Fwm.Connection\Semight.Fwm.Connection.ConnectionAssistantLib\ConnectionContext.cs:line 129
   at Semight.Fwm.HardWare.FWM8612InteractionLib.FWM8612_API.AcquireData(String commandMsg, Int32 replyLength, Int32 timeout) in D:\Semight.Fwm.Fwm8612\Code\03Semight.Fwm.HardWare\Semight.Fwm.HardWare.FWM8612InteractionLib\FWM8612_API.cs:line 145
   at Semight.Fwm.HardWare.FWM8612InteractionLib.FWM8612_API.ReadCCD_SingleN() in D:\Semight.Fwm.Fwm8612\Code\03Semight.Fwm.HardWare\Semight.Fwm.HardWare.FWM8612InteractionLib\FWM8612_API.cs:line 208
   at Semight.Fwm.Fwm8612Helper.CommonBusiness.HardWare.FWM8612.FWM8612Context.GetCavityDataFromLower() in D:\Semight.Fwm.Fwm8612\Code\Semight.Fwm.Fwm8612Helper\CommonBusiness\HardWare\FWM8612\FWM8612Context.cs:line 203
   at Semight.Fwm.Fwm8612Helper.CommonBusiness.HardWare.FWM8612.FWM8612Context.GetCurWaveLengthAndPower(Boolean compensate) in D:\Semight.Fwm.Fwm8612\Code\Semight.Fwm.Fwm8612Helper\CommonBusiness\HardWare\FWM8612\FWM8612Context.cs:line 218
   at Semight.Fwm.Fwm8612Helper.CommonBusiness.HardWare.FWM8612.FWM8612Context.<StartMeasure>b__34_2() in D:\Semight.Fwm.Fwm8612\Code\Semight.Fwm.Fwm8612Helper\CommonBusiness\HardWare\FWM8612\FWM8612Context.cs:line 399
2023-12-25 14:26:22,006[30] ERROR 测量波长错误 
System.AggregateException: One or more errors occurred. (由于连接方在一段时间后没有正确答复或连接的主机没有反应，连接尝试失败。)
 ---> System.Net.Sockets.SocketException (10060): 由于连接方在一段时间后没有正确答复或连接的主机没有反应，连接尝试失败。
   at System.Net.Sockets.Socket.Receive(Byte[] buffer)
   at Semight.Fwm.Connection.ConnectionAssistantLib.Net.NetCommunicator.ReceiveData(Int32 replyLength, CancellationToken cancellationToken) in D:\Semight.Fwm.Fwm8612\Code\02Semight.Fwm.Connection\Semight.Fwm.Connection.ConnectionAssistantLib\Net\NetCommunicator.cs:line 187
   at Semight.Fwm.Connection.ConnectionAssistantLib.ConnectionContext.<>c__DisplayClass6_0.<SendMessageWithData>b__0() in D:\Semight.Fwm.Fwm8612\Code\02Semight.Fwm.Connection\Semight.Fwm.Connection.ConnectionAssistantLib\ConnectionContext.cs:line 124
   at System.Threading.Tasks.Task`1.InnerInvoke()
   at System.Threading.Tasks.Task.<>c.<.cctor>b__272_0(Object obj)
   at System.Threading.ExecutionContext.RunFromThreadPoolDispatchLoop(Thread threadPoolThread, ExecutionContext executionContext, ContextCallback callback, Object state)
--- End of stack trace from previous location ---
   at System.Threading.ExecutionContext.RunFromThreadPoolDispatchLoop(Thread threadPoolThread, ExecutionContext executionContext, ContextCallback callback, Object state)
   at System.Threading.Tasks.Task.ExecuteWithThreadLocal(Task& currentTaskSlot, Thread threadPoolThread)
   --- End of inner exception stack trace ---
   at System.Threading.Tasks.Task.ThrowIfExceptional(Boolean includeTaskCanceledExceptions)
   at System.Threading.Tasks.Task`1.GetResultCore(Boolean waitCompletionNotification)
   at System.Threading.Tasks.Task`1.get_Result()
   at Semight.Fwm.Connection.ConnectionAssistantLib.ConnectionContext.SendMessageWithData(String msg, Int32 replyLength, Int32 timeOut) in D:\Semight.Fwm.Fwm8612\Code\02Semight.Fwm.Connection\Semight.Fwm.Connection.ConnectionAssistantLib\ConnectionContext.cs:line 129
   at Semight.Fwm.HardWare.FWM8612InteractionLib.FWM8612_API.AcquireData(String commandMsg, Int32 replyLength, Int32 timeout) in D:\Semight.Fwm.Fwm8612\Code\03Semight.Fwm.HardWare\Semight.Fwm.HardWare.FWM8612InteractionLib\FWM8612_API.cs:line 145
   at Semight.Fwm.HardWare.FWM8612InteractionLib.FWM8612_API.ReadCCD_SingleN() in D:\Semight.Fwm.Fwm8612\Code\03Semight.Fwm.HardWare\Semight.Fwm.HardWare.FWM8612InteractionLib\FWM8612_API.cs:line 208
   at Semight.Fwm.Fwm8612Helper.CommonBusiness.HardWare.FWM8612.FWM8612Context.GetCavityDataFromLower() in D:\Semight.Fwm.Fwm8612\Code\Semight.Fwm.Fwm8612Helper\CommonBusiness\HardWare\FWM8612\FWM8612Context.cs:line 203
   at Semight.Fwm.Fwm8612Helper.CommonBusiness.HardWare.FWM8612.FWM8612Context.GetCurWaveLengthAndPower(Boolean compensate) in D:\Semight.Fwm.Fwm8612\Code\Semight.Fwm.Fwm8612Helper\CommonBusiness\HardWare\FWM8612\FWM8612Context.cs:line 218
   at Semight.Fwm.Fwm8612Helper.CommonBusiness.HardWare.FWM8612.FWM8612Context.<StartMeasure>b__34_2() in D:\Semight.Fwm.Fwm8612\Code\Semight.Fwm.Fwm8612Helper\CommonBusiness\HardWare\FWM8612\FWM8612Context.cs:line 399
2023-12-25 14:50:19,014[16] ERROR 测量波长错误 
System.InvalidOperationException: Sequence contains no elements
   at System.Linq.ThrowHelper.ThrowNoElementsException()
   at System.Linq.Enumerable.Average(IEnumerable`1 source)
   at Semight.Fwm.Fwm8612Helper.CommonBusiness.HardWare.FWM8612.FWM8612Context.GetCurWaveLengthAndPower(Int32 average, Boolean compensate) in D:\Semight.Fwm.Fwm8612\Code\Semight.Fwm.Fwm8612Helper\CommonBusiness\HardWare\FWM8612\FWM8612Context.cs:line 243
   at Semight.Fwm.Fwm8612Helper.CommonBusiness.HardWare.FWM8612.FWM8612Context.<StartMeasure>b__34_2() in D:\Semight.Fwm.Fwm8612\Code\Semight.Fwm.Fwm8612Helper\CommonBusiness\HardWare\FWM8612\FWM8612Context.cs:line 433
2023-12-25 14:50:22,912[20] ERROR 测量波长错误 
System.InvalidOperationException: Sequence contains no elements
   at System.Linq.ThrowHelper.ThrowNoElementsException()
   at System.Linq.Enumerable.Average(IEnumerable`1 source)
   at Semight.Fwm.Fwm8612Helper.CommonBusiness.HardWare.FWM8612.FWM8612Context.GetCurWaveLengthAndPower(Int32 average, Boolean compensate) in D:\Semight.Fwm.Fwm8612\Code\Semight.Fwm.Fwm8612Helper\CommonBusiness\HardWare\FWM8612\FWM8612Context.cs:line 243
   at Semight.Fwm.Fwm8612Helper.CommonBusiness.HardWare.FWM8612.FWM8612Context.<StartMeasure>b__34_2() in D:\Semight.Fwm.Fwm8612\Code\Semight.Fwm.Fwm8612Helper\CommonBusiness\HardWare\FWM8612\FWM8612Context.cs:line 433
2023-12-25 14:50:37,340[16] ERROR 测量波长错误 
System.InvalidOperationException: Sequence contains no elements
   at System.Linq.ThrowHelper.ThrowNoElementsException()
   at System.Linq.Enumerable.Average(IEnumerable`1 source)
   at Semight.Fwm.Fwm8612Helper.CommonBusiness.HardWare.FWM8612.FWM8612Context.GetCurWaveLengthAndPower(Int32 average, Boolean compensate) in D:\Semight.Fwm.Fwm8612\Code\Semight.Fwm.Fwm8612Helper\CommonBusiness\HardWare\FWM8612\FWM8612Context.cs:line 243
   at Semight.Fwm.Fwm8612Helper.CommonBusiness.HardWare.FWM8612.FWM8612Context.<StartMeasure>b__34_2() in D:\Semight.Fwm.Fwm8612\Code\Semight.Fwm.Fwm8612Helper\CommonBusiness\HardWare\FWM8612\FWM8612Context.cs:line 433
2023-12-25 14:50:46,005[7] ERROR 测量波长错误 
System.InvalidOperationException: Sequence contains no elements
   at System.Linq.ThrowHelper.ThrowNoElementsException()
   at System.Linq.Enumerable.Average(IEnumerable`1 source)
   at Semight.Fwm.Fwm8612Helper.CommonBusiness.HardWare.FWM8612.FWM8612Context.GetCurWaveLengthAndPower(Int32 average, Boolean compensate) in D:\Semight.Fwm.Fwm8612\Code\Semight.Fwm.Fwm8612Helper\CommonBusiness\HardWare\FWM8612\FWM8612Context.cs:line 243
   at Semight.Fwm.Fwm8612Helper.CommonBusiness.HardWare.FWM8612.FWM8612Context.<StartMeasure>b__34_2() in D:\Semight.Fwm.Fwm8612\Code\Semight.Fwm.Fwm8612Helper\CommonBusiness\HardWare\FWM8612\FWM8612Context.cs:line 433
2023-12-25 14:51:06,744[16] ERROR 测量波长错误 
System.InvalidOperationException: Sequence contains no elements
   at System.Linq.ThrowHelper.ThrowNoElementsException()
   at System.Linq.Enumerable.Average(IEnumerable`1 source)
   at Semight.Fwm.Fwm8612Helper.CommonBusiness.HardWare.FWM8612.FWM8612Context.GetCurWaveLengthAndPower(Int32 average, Boolean compensate) in D:\Semight.Fwm.Fwm8612\Code\Semight.Fwm.Fwm8612Helper\CommonBusiness\HardWare\FWM8612\FWM8612Context.cs:line 243
   at Semight.Fwm.Fwm8612Helper.CommonBusiness.HardWare.FWM8612.FWM8612Context.<StartMeasure>b__34_2() in D:\Semight.Fwm.Fwm8612\Code\Semight.Fwm.Fwm8612Helper\CommonBusiness\HardWare\FWM8612\FWM8612Context.cs:line 433
2023-12-25 15:47:14,128[16] ERROR 测量波长错误 
System.AggregateException: One or more errors occurred. (由于连接方在一段时间后没有正确答复或连接的主机没有反应，连接尝试失败。)
 ---> System.Net.Sockets.SocketException (10060): 由于连接方在一段时间后没有正确答复或连接的主机没有反应，连接尝试失败。
   at System.Net.Sockets.Socket.Receive(Byte[] buffer)
   at Semight.Fwm.Connection.ConnectionAssistantLib.Net.NetCommunicator.ReceiveData(Int32 replyLength, CancellationToken cancellationToken) in D:\Semight.Fwm.Fwm8612\Code\02Semight.Fwm.Connection\Semight.Fwm.Connection.ConnectionAssistantLib\Net\NetCommunicator.cs:line 187
   at Semight.Fwm.Connection.ConnectionAssistantLib.ConnectionContext.<>c__DisplayClass6_0.<SendMessageWithData>b__0() in D:\Semight.Fwm.Fwm8612\Code\02Semight.Fwm.Connection\Semight.Fwm.Connection.ConnectionAssistantLib\ConnectionContext.cs:line 124
   at System.Threading.Tasks.Task`1.InnerInvoke()
   at System.Threading.Tasks.Task.<>c.<.cctor>b__272_0(Object obj)
   at System.Threading.ExecutionContext.RunFromThreadPoolDispatchLoop(Thread threadPoolThread, ExecutionContext executionContext, ContextCallback callback, Object state)
--- End of stack trace from previous location ---
   at System.Threading.ExecutionContext.RunFromThreadPoolDispatchLoop(Thread threadPoolThread, ExecutionContext executionContext, ContextCallback callback, Object state)
   at System.Threading.Tasks.Task.ExecuteWithThreadLocal(Task& currentTaskSlot, Thread threadPoolThread)
   --- End of inner exception stack trace ---
   at System.Threading.Tasks.Task.ThrowIfExceptional(Boolean includeTaskCanceledExceptions)
   at System.Threading.Tasks.Task`1.GetResultCore(Boolean waitCompletionNotification)
   at System.Threading.Tasks.Task`1.get_Result()
   at Semight.Fwm.Connection.ConnectionAssistantLib.ConnectionContext.SendMessageWithData(String msg, Int32 replyLength, Int32 timeOut) in D:\Semight.Fwm.Fwm8612\Code\02Semight.Fwm.Connection\Semight.Fwm.Connection.ConnectionAssistantLib\ConnectionContext.cs:line 129
   at Semight.Fwm.HardWare.FWM8612InteractionLib.FWM8612_API.AcquireData(String commandMsg, Int32 replyLength, Int32 timeout) in D:\Semight.Fwm.Fwm8612\Code\03Semight.Fwm.HardWare\Semight.Fwm.HardWare.FWM8612InteractionLib\FWM8612_API.cs:line 145
   at Semight.Fwm.HardWare.FWM8612InteractionLib.FWM8612_API.ReadCCD_SingleN() in D:\Semight.Fwm.Fwm8612\Code\03Semight.Fwm.HardWare\Semight.Fwm.HardWare.FWM8612InteractionLib\FWM8612_API.cs:line 208
   at Semight.Fwm.Fwm8612Helper.CommonBusiness.HardWare.FWM8612.FWM8612Context.GetCavityDataFromLower() in D:\Semight.Fwm.Fwm8612\Code\Semight.Fwm.Fwm8612Helper\CommonBusiness\HardWare\FWM8612\FWM8612Context.cs:line 204
   at Semight.Fwm.Fwm8612Helper.CommonBusiness.HardWare.FWM8612.FWM8612Context.GetCurWaveLengthAndPower(Int32 average, Boolean compensate) in D:\Semight.Fwm.Fwm8612\Code\Semight.Fwm.Fwm8612Helper\CommonBusiness\HardWare\FWM8612\FWM8612Context.cs:line 222
   at Semight.Fwm.Fwm8612Helper.CommonBusiness.HardWare.FWM8612.FWM8612Context.<StartMeasure>b__34_2() in D:\Semight.Fwm.Fwm8612\Code\Semight.Fwm.Fwm8612Helper\CommonBusiness\HardWare\FWM8612\FWM8612Context.cs:line 433
2023-12-25 16:32:01,526[9] ERROR 开始测量失败 
System.Exception: Connection was Broke!
   at Semight.Fwm.HardWare.FWM8612InteractionLib.FWM8612_API.SendCommand(String commandMsg) in D:\Semight.Fwm.Fwm8612\Code\03Semight.Fwm.HardWare\Semight.Fwm.HardWare.FWM8612InteractionLib\FWM8612_API.cs:line 163
   at Semight.Fwm.HardWare.FWM8612InteractionLib.FWM8612_API.FPGA_SetExpoTimeAuto() in D:\Semight.Fwm.Fwm8612\Code\03Semight.Fwm.HardWare\Semight.Fwm.HardWare.FWM8612InteractionLib\FWM8612_API.cs:line 590
   at Semight.Fwm.Fwm8612Helper.CommonBusiness.HardWare.FWM8612.FWM8612Context.FPGA_SetExpoTimeAuto() in D:\Semight.Fwm.Fwm8612\Code\Semight.Fwm.Fwm8612Helper\CommonBusiness\HardWare\FWM8612\FWM8612Context.cs:line 643
   at Semight.Fwm.Fwm8612Helper.CommonBusiness.HardWare.FWM8612.FWM8612Context.StartMeasure() in D:\Semight.Fwm.Fwm8612\Code\Semight.Fwm.Fwm8612Helper\CommonBusiness\HardWare\FWM8612\FWM8612Context.cs:line 458
2023-12-25 16:32:03,257[9] ERROR 开始测量失败 
System.Exception: Connection was Broke!
   at Semight.Fwm.HardWare.FWM8612InteractionLib.FWM8612_API.SendCommand(String commandMsg) in D:\Semight.Fwm.Fwm8612\Code\03Semight.Fwm.HardWare\Semight.Fwm.HardWare.FWM8612InteractionLib\FWM8612_API.cs:line 163
   at Semight.Fwm.HardWare.FWM8612InteractionLib.FWM8612_API.FPGA_SetExpoTimeAuto() in D:\Semight.Fwm.Fwm8612\Code\03Semight.Fwm.HardWare\Semight.Fwm.HardWare.FWM8612InteractionLib\FWM8612_API.cs:line 590
   at Semight.Fwm.Fwm8612Helper.CommonBusiness.HardWare.FWM8612.FWM8612Context.FPGA_SetExpoTimeAuto() in D:\Semight.Fwm.Fwm8612\Code\Semight.Fwm.Fwm8612Helper\CommonBusiness\HardWare\FWM8612\FWM8612Context.cs:line 643
   at Semight.Fwm.Fwm8612Helper.CommonBusiness.HardWare.FWM8612.FWM8612Context.StartMeasure() in D:\Semight.Fwm.Fwm8612\Code\Semight.Fwm.Fwm8612Helper\CommonBusiness\HardWare\FWM8612\FWM8612Context.cs:line 458
2023-12-25 17:40:14,991[4] ERROR 非UI线程发生未处理错误 
System.Threading.Channels.ChannelClosedException: The channel has been closed.
   at System.Threading.Channels.ChannelWriter`1.Complete(Exception error)
   at Semight.Fwm.Fwm8612Helper.ViewModel.Chart.WaveLengthChartViewModel.ClearCollection() in D:\Semight.Fwm.Fwm8612\Code\Semight.Fwm.Fwm8612Helper\ViewModel\Chart\WaveLengthChartViewModel.cs:line 456
   at Semight.Fwm.Fwm8612Helper.ViewModel.Chart.WaveLengthChartViewModel.RefreshVisual(CancellationToken cancellationToken) in D:\Semight.Fwm.Fwm8612\Code\Semight.Fwm.Fwm8612Helper\ViewModel\Chart\WaveLengthChartViewModel.cs:line 431
   at System.Threading.Tasks.Task.<>c.<ThrowAsync>b__128_1(Object state)
   at System.Threading.QueueUserWorkItemCallback.<>c.<.cctor>b__6_0(QueueUserWorkItemCallback quwi)
   at System.Threading.ExecutionContext.RunForThreadPoolUnsafe[TState](ExecutionContext executionContext, Action`1 callback, TState& state)
   at System.Threading.QueueUserWorkItemCallback.Execute()
   at System.Threading.ThreadPoolWorkQueue.Dispatch()
   at System.Threading.PortableThreadPool.WorkerThread.WorkerThreadStart()
   at System.Threading.Thread.StartCallback()
