2023-11-17 09:40:08,349[1] ERROR 导出数据失败 
System.OutOfMemoryException: Exception of type 'System.OutOfMemoryException' was thrown.
   at System.IO.MemoryStream.set_Capacity(Int32 value)
   at System.IO.MemoryStream.EnsureCapacity(Int32 value)
   at System.IO.MemoryStream.Write(Byte[] buffer, Int32 offset, Int32 count)
   at NPOI.OpenXml4Net.OPC.Internal.MemoryPackagePartOutputStream.Write(Byte[] b, Int32 off, Int32 len)
   at System.IO.Stream.Write(ReadOnlySpan`1 buffer)
   at System.IO.StreamWriter.Flush(Boolean flushStream, Boolean flushEncoder)
   at System.IO.StreamWriter.Write(String value)
   at NPOI.OpenXmlFormats.Spreadsheet.CT_Cell.Write(StreamWriter sw, String nodeName)
   at NPOI.OpenXmlFormats.Spreadsheet.CT_Row.Write(StreamWriter sw, String nodeName)
   at NPOI.OpenXmlFormats.Spreadsheet.CT_SheetData.Write(StreamWriter sw, String nodeName)
   at NPOI.OpenXmlFormats.Spreadsheet.CT_Worksheet.Write(Stream stream, Boolean leaveOpen)
   at NPOI.XSSF.UserModel.XSSFSheet.Write(Stream stream, Boolean leaveOpen)
   at NPOI.XSSF.UserModel.XSSFSheet.Commit()
   at NPOI.POIXMLDocumentPart.OnSave(List`1 alreadySaved)
   at NPOI.POIXMLDocumentPart.OnSave(List`1 alreadySaved)
   at NPOI.POIXMLDocument.Write(Stream stream)
   at NPOI.XSSF.UserModel.XSSFWorkbook.Write(Stream stream, Boolean leaveOpen)
   at Common.CommonTools.McsFile.Excel.ExcelHelper.NPOISaveFile(XSSFWorkbook workbook, String filePath) in D:\FWMAutoTest\Code\Common\CommonTools\McsFile\Excel\ExcelHelper.cs:line 156
   at Common.CommonTools.McsFile.Excel.ExcelHelper.Export(DataTable dt, String strHeader, String filePath, String sheetName) in D:\FWMAutoTest\Code\Common\CommonTools\McsFile\Excel\ExcelHelper.cs:line 52
   at FwmTestHelper.View.Chart.UcScottPlot.SaveToLocal(String savePath, Double[] waveLengtData, Double[] powerData, Double[] timeData) in D:\FWMAutoTest\Code\FwmTestHelper\View\Chart\UcScottPlot.xaml.cs:line 373
   at FwmTestHelper.View.Chart.UcScottPlot.<>c__DisplayClass34_1.<ExportData>b__0() in D:\FWMAutoTest\Code\FwmTestHelper\View\Chart\UcScottPlot.xaml.cs:line 333
   at System.Threading.Tasks.Task.InnerInvoke()
   at System.Threading.Tasks.Task.<>c.<.cctor>b__272_0(Object obj)
   at System.Threading.ExecutionContext.RunFromThreadPoolDispatchLoop(Thread threadPoolThread, ExecutionContext executionContext, ContextCallback callback, Object state)
--- End of stack trace from previous location ---
   at System.Threading.ExecutionContext.RunFromThreadPoolDispatchLoop(Thread threadPoolThread, ExecutionContext executionContext, ContextCallback callback, Object state)
   at System.Threading.Tasks.Task.ExecuteWithThreadLocal(Task& currentTaskSlot, Thread threadPoolThread)
--- End of stack trace from previous location ---
   at FwmTestHelper.View.Chart.UcScottPlot.ExportData(String path) in D:\FWMAutoTest\Code\FwmTestHelper\View\Chart\UcScottPlot.xaml.cs:line 322
2023-11-17 09:41:29,825[1] ERROR 导出数据失败 
System.OutOfMemoryException: Exception of type 'System.OutOfMemoryException' was thrown.
   at System.IO.MemoryStream.set_Capacity(Int32 value)
   at System.IO.MemoryStream.EnsureCapacity(Int32 value)
   at System.IO.MemoryStream.Write(Byte[] buffer, Int32 offset, Int32 count)
   at NPOI.OpenXml4Net.OPC.Internal.MemoryPackagePartOutputStream.Write(Byte[] b, Int32 off, Int32 len)
   at System.IO.Stream.Write(ReadOnlySpan`1 buffer)
   at System.IO.StreamWriter.Flush(Boolean flushStream, Boolean flushEncoder)
   at System.IO.StreamWriter.Write(String value)
   at NPOI.OpenXmlFormats.Spreadsheet.CT_Cell.Write(StreamWriter sw, String nodeName)
   at NPOI.OpenXmlFormats.Spreadsheet.CT_Row.Write(StreamWriter sw, String nodeName)
   at NPOI.OpenXmlFormats.Spreadsheet.CT_SheetData.Write(StreamWriter sw, String nodeName)
   at NPOI.OpenXmlFormats.Spreadsheet.CT_Worksheet.Write(Stream stream, Boolean leaveOpen)
   at NPOI.XSSF.UserModel.XSSFSheet.Write(Stream stream, Boolean leaveOpen)
   at NPOI.XSSF.UserModel.XSSFSheet.Commit()
   at NPOI.POIXMLDocumentPart.OnSave(List`1 alreadySaved)
   at NPOI.POIXMLDocumentPart.OnSave(List`1 alreadySaved)
   at NPOI.POIXMLDocument.Write(Stream stream)
   at NPOI.XSSF.UserModel.XSSFWorkbook.Write(Stream stream, Boolean leaveOpen)
   at Common.CommonTools.McsFile.Excel.ExcelHelper.NPOISaveFile(XSSFWorkbook workbook, String filePath) in D:\FWMAutoTest\Code\Common\CommonTools\McsFile\Excel\ExcelHelper.cs:line 156
   at Common.CommonTools.McsFile.Excel.ExcelHelper.Export(DataTable dt, String strHeader, String filePath, String sheetName) in D:\FWMAutoTest\Code\Common\CommonTools\McsFile\Excel\ExcelHelper.cs:line 52
   at FwmTestHelper.View.Chart.UcScottPlot.SaveToLocal(String savePath, Double[] waveLengtData, Double[] powerData, Double[] timeData) in D:\FWMAutoTest\Code\FwmTestHelper\View\Chart\UcScottPlot.xaml.cs:line 373
   at FwmTestHelper.View.Chart.UcScottPlot.<>c__DisplayClass34_1.<ExportData>b__0() in D:\FWMAutoTest\Code\FwmTestHelper\View\Chart\UcScottPlot.xaml.cs:line 333
   at System.Threading.Tasks.Task.InnerInvoke()
   at System.Threading.Tasks.Task.<>c.<.cctor>b__272_0(Object obj)
   at System.Threading.ExecutionContext.RunFromThreadPoolDispatchLoop(Thread threadPoolThread, ExecutionContext executionContext, ContextCallback callback, Object state)
--- End of stack trace from previous location ---
   at System.Threading.ExecutionContext.RunFromThreadPoolDispatchLoop(Thread threadPoolThread, ExecutionContext executionContext, ContextCallback callback, Object state)
   at System.Threading.Tasks.Task.ExecuteWithThreadLocal(Task& currentTaskSlot, Thread threadPoolThread)
--- End of stack trace from previous location ---
   at FwmTestHelper.View.Chart.UcScottPlot.ExportData(String path) in D:\FWMAutoTest\Code\FwmTestHelper\View\Chart\UcScottPlot.xaml.cs:line 322
2023-11-17 14:12:32,446[1] ERROR UI线程发生未处理错误 
System.ArgumentNullException: Value cannot be null. (Parameter 'list')
   at System.Collections.ObjectModel.Collection`1..ctor(IList`1 list)
   at System.ComponentModel.BindingList`1..ctor(IList`1 list)
   at FwmTestHelper.ViewModel.Param.FizeauViewModel.RefreshParam() in D:\FWMAutoTest\Code\FwmTestHelper\ViewModel\Param\FizeauViewModel.cs:line 80
   at FwmTestHelper.ViewModel.Param.FizeauViewModel.Loaded() in D:\FWMAutoTest\Code\FwmTestHelper\ViewModel\Param\FizeauViewModel.cs:line 29
   at CommunityToolkit.Mvvm.Input.RelayCommand.Execute(Object parameter)
   at Microsoft.Xaml.Behaviors.InvokeCommandAction.Invoke(Object parameter)
   at Microsoft.Xaml.Behaviors.TriggerBase.InvokeActions(Object parameter)
   at Microsoft.Xaml.Behaviors.EventTriggerBase.OnEvent(EventArgs eventArgs)
   at Microsoft.Xaml.Behaviors.EventTriggerBase.OnEventImpl(Object sender, EventArgs eventArgs)
   at System.Windows.RoutedEventHandlerInfo.InvokeHandler(Object target, RoutedEventArgs routedEventArgs)
   at System.Windows.EventRoute.InvokeHandlersImpl(Object source, RoutedEventArgs args, Boolean reRaised)
   at System.Windows.UIElement.RaiseEventImpl(DependencyObject sender, RoutedEventArgs args)
   at System.Windows.UIElement.RaiseEvent(RoutedEventArgs e)
   at System.Windows.BroadcastEventHelper.BroadcastEvent(DependencyObject root, RoutedEvent routedEvent)
   at System.Windows.BroadcastEventHelper.BroadcastLoadedEvent(Object root)
   at System.Windows.Media.MediaContext.FireLoadedPendingCallbacks()
   at System.Windows.Media.MediaContext.FireInvokeOnRenderCallbacks()
   at System.Windows.Media.MediaContext.RenderMessageHandlerCore(Object resizedCompositionTarget)
   at System.Windows.Media.MediaContext.RenderMessageHandler(Object resizedCompositionTarget)
   at System.Windows.Threading.ExceptionWrapper.InternalRealCall(Delegate callback, Object args, Int32 numArgs)
   at System.Windows.Threading.ExceptionWrapper.TryCatchWhen(Object source, Delegate callback, Object args, Int32 numArgs, Delegate catchHandler)
2023-11-17 14:12:34,390[1] ERROR 非UI线程发生未处理错误 
System.ArgumentNullException: Value cannot be null. (Parameter 'list')
   at System.Collections.ObjectModel.Collection`1..ctor(IList`1 list)
   at System.ComponentModel.BindingList`1..ctor(IList`1 list)
   at FwmTestHelper.ViewModel.Param.FizeauViewModel.RefreshParam() in D:\FWMAutoTest\Code\FwmTestHelper\ViewModel\Param\FizeauViewModel.cs:line 80
   at FwmTestHelper.ViewModel.Param.FizeauViewModel.Loaded() in D:\FWMAutoTest\Code\FwmTestHelper\ViewModel\Param\FizeauViewModel.cs:line 29
   at CommunityToolkit.Mvvm.Input.RelayCommand.Execute(Object parameter)
   at Microsoft.Xaml.Behaviors.InvokeCommandAction.Invoke(Object parameter)
   at Microsoft.Xaml.Behaviors.TriggerBase.InvokeActions(Object parameter)
   at Microsoft.Xaml.Behaviors.EventTriggerBase.OnEvent(EventArgs eventArgs)
   at Microsoft.Xaml.Behaviors.EventTriggerBase.OnEventImpl(Object sender, EventArgs eventArgs)
   at System.Windows.RoutedEventHandlerInfo.InvokeHandler(Object target, RoutedEventArgs routedEventArgs)
   at System.Windows.EventRoute.InvokeHandlersImpl(Object source, RoutedEventArgs args, Boolean reRaised)
   at System.Windows.UIElement.RaiseEventImpl(DependencyObject sender, RoutedEventArgs args)
   at System.Windows.UIElement.RaiseEvent(RoutedEventArgs e)
   at System.Windows.BroadcastEventHelper.BroadcastEvent(DependencyObject root, RoutedEvent routedEvent)
   at System.Windows.BroadcastEventHelper.BroadcastLoadedEvent(Object root)
   at System.Windows.Media.MediaContext.FireLoadedPendingCallbacks()
   at System.Windows.Media.MediaContext.FireInvokeOnRenderCallbacks()
   at System.Windows.Media.MediaContext.RenderMessageHandlerCore(Object resizedCompositionTarget)
   at System.Windows.Media.MediaContext.RenderMessageHandler(Object resizedCompositionTarget)
   at System.Windows.Threading.ExceptionWrapper.InternalRealCall(Delegate callback, Object args, Int32 numArgs)
   at System.Windows.Threading.ExceptionWrapper.TryCatchWhen(Object source, Delegate callback, Object args, Int32 numArgs, Delegate catchHandler)
   at System.Windows.Threading.DispatcherOperation.InvokeImpl()
   at System.Windows.Threading.DispatcherOperation.InvokeInSecurityContext(Object state)
   at MS.Internal.CulturePreservingExecutionContext.CallbackWrapper(Object obj)
   at System.Threading.ExecutionContext.RunInternal(ExecutionContext executionContext, ContextCallback callback, Object state)
--- End of stack trace from previous location ---
   at System.Threading.ExecutionContext.RunInternal(ExecutionContext executionContext, ContextCallback callback, Object state)
   at System.Threading.ExecutionContext.Run(ExecutionContext executionContext, ContextCallback callback, Object state)
   at MS.Internal.CulturePreservingExecutionContext.Run(CulturePreservingExecutionContext executionContext, ContextCallback callback, Object state)
   at System.Windows.Threading.DispatcherOperation.Invoke()
   at System.Windows.Threading.Dispatcher.ProcessQueue()
   at System.Windows.Threading.Dispatcher.WndProcHook(IntPtr hwnd, Int32 msg, IntPtr wParam, IntPtr lParam, Boolean& handled)
   at MS.Win32.HwndWrapper.WndProc(IntPtr hwnd, Int32 msg, IntPtr wParam, IntPtr lParam, Boolean& handled)
   at MS.Win32.HwndSubclass.DispatcherCallbackOperation(Object o)
   at System.Windows.Threading.ExceptionWrapper.InternalRealCall(Delegate callback, Object args, Int32 numArgs)
   at System.Windows.Threading.ExceptionWrapper.TryCatchWhen(Object source, Delegate callback, Object args, Int32 numArgs, Delegate catchHandler)
   at System.Windows.Threading.Dispatcher.LegacyInvokeImpl(DispatcherPriority priority, TimeSpan timeout, Delegate method, Object args, Int32 numArgs)
   at MS.Win32.HwndSubclass.SubclassWndProc(IntPtr hwnd, Int32 msg, IntPtr wParam, IntPtr lParam)
   at MS.Win32.UnsafeNativeMethods.DispatchMessage(MSG& msg)
   at System.Windows.Threading.Dispatcher.PushFrameImpl(DispatcherFrame frame)
   at System.Windows.Threading.Dispatcher.PushFrame(DispatcherFrame frame)
   at System.Windows.Threading.Dispatcher.Run()
   at System.Windows.Application.RunDispatcher(Object ignore)
   at System.Windows.Application.RunInternal(Window window)
   at System.Windows.Application.Run()
   at FwmTestHelper.App.Main()
