2023-11-30 19:00:07,503[1] ERROR UI线程发生未处理错误 
System.IO.FileNotFoundException: Could not load file or assembly 'CommonUILib, Version=1.3.2.23283, Culture=neutral, PublicKeyToken=null'. 系统找不到指定的文件。
File name: 'CommonUILib, Version=1.3.2.23283, Culture=neutral, PublicKeyToken=null'
   at WaveLengthParamUI.ViewModel.Integrated.LcParamViewModel.ReadParamFromLower()
   at WaveLengthParamUI.ViewModel.Integrated.LcParamViewModel.Loaded() in D:\FWMAutoTest\Code\WaveLengthCommonUI\WaveLengthParamUI\ViewModel\Integrated\LcParamViewModel.cs:line 52
   at CommunityToolkit.Mvvm.Input.RelayCommand.Execute(Object parameter)
   at Microsoft.Xaml.Behaviors.InvokeCommandAction.Invoke(Object parameter)
   at Microsoft.Xaml.Behaviors.TriggerBase.InvokeActions(Object parameter)
   at Microsoft.Xaml.Behaviors.EventTriggerBase.OnEvent(EventArgs eventArgs)
   at Microsoft.Xaml.Behaviors.EventTriggerBase.OnEventImpl(Object sender, EventArgs eventArgs)
   at System.Windows.RoutedEventHandlerInfo.InvokeHandler(Object target, RoutedEventArgs routedEventArgs)
   at System.Windows.EventRoute.InvokeHandlersImpl(Object source, RoutedEventArgs args, Boolean reRaised)
   at System.Windows.UIElement.RaiseEventImpl(DependencyObject sender, RoutedEventArgs args)
   at System.Windows.UIElement.RaiseEvent(RoutedEventArgs e)
   at System.Windows.BroadcastEventHelper.BroadcastEvent(DependencyObject root, RoutedEvent routedEvent)
   at System.Windows.BroadcastEventHelper.BroadcastLoadedEvent(Object root)
   at System.Windows.Media.MediaContext.FireLoadedPendingCallbacks()
   at System.Windows.Media.MediaContext.FireInvokeOnRenderCallbacks()
   at System.Windows.Media.MediaContext.RenderMessageHandlerCore(Object resizedCompositionTarget)
   at System.Windows.Media.MediaContext.RenderMessageHandler(Object resizedCompositionTarget)
   at System.Windows.Media.MediaContext.Resize(ICompositionTarget resizedCompositionTarget)
   at System.Windows.Interop.HwndTarget.OnResize()
   at System.Windows.Interop.HwndTarget.HandleMessage(WindowMessage msg, IntPtr wparam, IntPtr lparam)
   at System.Windows.Interop.HwndSource.HwndTargetFilterMessage(IntPtr hwnd, Int32 msg, IntPtr wParam, IntPtr lParam, Boolean& handled)
   at MS.Win32.HwndWrapper.WndProc(IntPtr hwnd, Int32 msg, IntPtr wParam, IntPtr lParam, Boolean& handled)
   at MS.Win32.HwndSubclass.DispatcherCallbackOperation(Object o)
   at System.Windows.Threading.ExceptionWrapper.InternalRealCall(Delegate callback, Object args, Int32 numArgs)
   at System.Windows.Threading.ExceptionWrapper.TryCatchWhen(Object source, Delegate callback, Object args, Int32 numArgs, Delegate catchHandler)
2023-11-30 19:00:07,638[1] ERROR 非UI线程发生未处理错误 
System.IO.FileNotFoundException: Could not load file or assembly 'CommonUILib, Version=1.3.2.23283, Culture=neutral, PublicKeyToken=null'. 系统找不到指定的文件。
File name: 'CommonUILib, Version=1.3.2.23283, Culture=neutral, PublicKeyToken=null'
   at WaveLengthParamUI.ViewModel.Integrated.LcParamViewModel.ReadParamFromLower()
   at WaveLengthParamUI.ViewModel.Integrated.LcParamViewModel.Loaded() in D:\FWMAutoTest\Code\WaveLengthCommonUI\WaveLengthParamUI\ViewModel\Integrated\LcParamViewModel.cs:line 52
   at CommunityToolkit.Mvvm.Input.RelayCommand.Execute(Object parameter)
   at Microsoft.Xaml.Behaviors.InvokeCommandAction.Invoke(Object parameter)
   at Microsoft.Xaml.Behaviors.TriggerBase.InvokeActions(Object parameter)
   at Microsoft.Xaml.Behaviors.EventTriggerBase.OnEvent(EventArgs eventArgs)
   at Microsoft.Xaml.Behaviors.EventTriggerBase.OnEventImpl(Object sender, EventArgs eventArgs)
   at System.Windows.RoutedEventHandlerInfo.InvokeHandler(Object target, RoutedEventArgs routedEventArgs)
   at System.Windows.EventRoute.InvokeHandlersImpl(Object source, RoutedEventArgs args, Boolean reRaised)
   at System.Windows.UIElement.RaiseEventImpl(DependencyObject sender, RoutedEventArgs args)
   at System.Windows.UIElement.RaiseEvent(RoutedEventArgs e)
   at System.Windows.BroadcastEventHelper.BroadcastEvent(DependencyObject root, RoutedEvent routedEvent)
   at System.Windows.BroadcastEventHelper.BroadcastLoadedEvent(Object root)
   at System.Windows.Media.MediaContext.FireLoadedPendingCallbacks()
   at System.Windows.Media.MediaContext.FireInvokeOnRenderCallbacks()
   at System.Windows.Media.MediaContext.RenderMessageHandlerCore(Object resizedCompositionTarget)
   at System.Windows.Media.MediaContext.RenderMessageHandler(Object resizedCompositionTarget)
   at System.Windows.Media.MediaContext.Resize(ICompositionTarget resizedCompositionTarget)
   at System.Windows.Interop.HwndTarget.OnResize()
   at System.Windows.Interop.HwndTarget.HandleMessage(WindowMessage msg, IntPtr wparam, IntPtr lparam)
   at System.Windows.Interop.HwndSource.HwndTargetFilterMessage(IntPtr hwnd, Int32 msg, IntPtr wParam, IntPtr lParam, Boolean& handled)
   at MS.Win32.HwndWrapper.WndProc(IntPtr hwnd, Int32 msg, IntPtr wParam, IntPtr lParam, Boolean& handled)
   at MS.Win32.HwndSubclass.DispatcherCallbackOperation(Object o)
   at System.Windows.Threading.ExceptionWrapper.InternalRealCall(Delegate callback, Object args, Int32 numArgs)
   at System.Windows.Threading.ExceptionWrapper.TryCatchWhen(Object source, Delegate callback, Object args, Int32 numArgs, Delegate catchHandler)
   at System.Windows.Threading.Dispatcher.LegacyInvokeImpl(DispatcherPriority priority, TimeSpan timeout, Delegate method, Object args, Int32 numArgs)
   at MS.Win32.HwndSubclass.SubclassWndProc(IntPtr hwnd, Int32 msg, IntPtr wParam, IntPtr lParam)
