2023-11-24 09:11:01,507[3] ERROR 连接下位机失败 
System.TimeoutException: Connection Failed : Time Limit Exceeded! 
   at ConnectionAssistantLib.ConnectionContext.StartConnect(Int32 timeout) in D:\FWMAutoTest\Code\Connection\ConnectionAssistantLib\ConnectionContext.cs:line 47
   at FWM8612InteractionLib.FWM8612_API.Connect(String ip, Int32 port) in D:\FWMAutoTest\Code\HardWare\FWM8612InteractionLib\FWM8612_API.cs:line 42
   at FwmTestHelper.CommonBusiness.HardWare.FWM8612.FWM8612Context.ConnectLowerComputer(String lcIP, Int32 lcPort) in D:\FWMAutoTest\Code\FwmTestHelper\CommonBusiness\HardWare\FWM8612\FWM8612Context.cs:line 147
2023-11-24 09:22:12,481[8] ERROR 连接下位机失败 
System.TimeoutException: Connection Failed : Time Limit Exceeded! 
   at ConnectionAssistantLib.ConnectionContext.StartConnect(Int32 timeout) in D:\FWMAutoTest\Code\Connection\ConnectionAssistantLib\ConnectionContext.cs:line 47
   at FWM8612InteractionLib.FWM8612_API.Connect(String ip, Int32 port) in D:\FWMAutoTest\Code\HardWare\FWM8612InteractionLib\FWM8612_API.cs:line 42
   at FwmTestHelper.CommonBusiness.HardWare.FWM8612.FWM8612Context.ConnectLowerComputer(String lcIP, Int32 lcPort) in D:\FWMAutoTest\Code\FwmTestHelper\CommonBusiness\HardWare\FWM8612\FWM8612Context.cs:line 147
2023-11-24 09:22:39,872[3] ERROR 连接下位机失败 
System.TimeoutException: Connection Failed : Time Limit Exceeded! 
   at ConnectionAssistantLib.ConnectionContext.StartConnect(Int32 timeout) in D:\FWMAutoTest\Code\Connection\ConnectionAssistantLib\ConnectionContext.cs:line 47
   at FWM8612InteractionLib.FWM8612_API.Connect(String ip, Int32 port) in D:\FWMAutoTest\Code\HardWare\FWM8612InteractionLib\FWM8612_API.cs:line 42
   at FwmTestHelper.CommonBusiness.HardWare.FWM8612.FWM8612Context.ConnectLowerComputer(String lcIP, Int32 lcPort) in D:\FWMAutoTest\Code\FwmTestHelper\CommonBusiness\HardWare\FWM8612\FWM8612Context.cs:line 147
2023-11-24 09:24:03,956[3] ERROR 初始化硬件失败！ 
System.TimeoutException: Acquire Message Failed : Time Limit Exceeded!
   at ConnectionAssistantLib.ConnectionContext.SendMessageWithReply(String msg, Int32 timeOut) in D:\FWMAutoTest\Code\Connection\ConnectionAssistantLib\ConnectionContext.cs:line 170
   at FWM8612InteractionLib.FWM8612_API.AcquireMessage(String commandMsg, Int32 timeout) in D:\FWMAutoTest\Code\HardWare\FWM8612InteractionLib\FWM8612_API.cs:line 112
   at FWM8612InteractionLib.FWM8612_API.MacDefault() in D:\FWMAutoTest\Code\HardWare\FWM8612InteractionLib\FWM8612_API.cs:line 444
   at FwmTestHelper.CommonBusiness.HardWare.FWM8612.FWM8612Context.InitialHardWare() in D:\FWMAutoTest\Code\FwmTestHelper\CommonBusiness\HardWare\FWM8612\FWM8612Context.cs:line 130
2023-11-24 09:26:09,608[16] ERROR 初始化硬件失败！ 
System.TimeoutException: Acquire Message Failed : Time Limit Exceeded!
   at ConnectionAssistantLib.ConnectionContext.SendMessageWithReply(String msg, Int32 timeOut) in D:\FWMAutoTest\Code\Connection\ConnectionAssistantLib\ConnectionContext.cs:line 170
   at FWM8612InteractionLib.FWM8612_API.AcquireMessage(String commandMsg, Int32 timeout) in D:\FWMAutoTest\Code\HardWare\FWM8612InteractionLib\FWM8612_API.cs:line 112
   at FWM8612InteractionLib.FWM8612_API.MacDefault() in D:\FWMAutoTest\Code\HardWare\FWM8612InteractionLib\FWM8612_API.cs:line 444
   at FwmTestHelper.CommonBusiness.HardWare.FWM8612.FWM8612Context.InitialHardWare() in D:\FWMAutoTest\Code\FwmTestHelper\CommonBusiness\HardWare\FWM8612\FWM8612Context.cs:line 130
2023-11-24 09:28:55,886[42] ERROR 波长折线图刷新发生错误 
System.InvalidOperationException: xMax must be greater than xMin
   at ScottPlot.Plot.SetAxisLimits(Nullable`1 xMin, Nullable`1 xMax, Nullable`1 yMin, Nullable`1 yMax, Int32 xAxisIndex, Int32 yAxisIndex)
   at ScottPlot.Plot.SetAxisLimitsX(Double xMin, Double xMax, Int32 xAxisIndex)
   at FwmTestHelper.View.Chart.UcScottPlot.RefrenshChartView(Int32 count) in D:\FWMAutoTest\Code\FwmTestHelper\View\Chart\UcScottPlot.xaml.cs:line 216
   at FwmTestHelper.View.Chart.UcScottPlot.NewDataHandler(Double power, Double wavelength, Boolean refresh) in D:\FWMAutoTest\Code\FwmTestHelper\View\Chart\UcScottPlot.xaml.cs:line 175
   at FwmTestHelper.ViewModel.Chart.WaveLengthChartViewModel.<>c__DisplayClass39_0.<RefreshVisual>b__0() in D:\FWMAutoTest\Code\FwmTestHelper\ViewModel\Chart\WaveLengthChartViewModel.cs:line 425
   at System.Windows.Threading.DispatcherOperation.InvokeDelegateCore()
   at System.Windows.Threading.DispatcherOperation.InvokeImpl()
--- End of stack trace from previous location ---
   at System.Windows.Threading.DispatcherOperation.Wait(TimeSpan timeout)
   at System.Windows.Threading.Dispatcher.InvokeImpl(DispatcherOperation operation, CancellationToken cancellationToken, TimeSpan timeout)
   at System.Windows.Threading.Dispatcher.Invoke(Action callback, DispatcherPriority priority, CancellationToken cancellationToken, TimeSpan timeout)
   at System.Windows.Threading.Dispatcher.Invoke(Action callback)
   at FwmTestHelper.ViewModel.Chart.WaveLengthChartViewModel.RefreshVisual(CancellationToken cancellationToken) in D:\FWMAutoTest\Code\FwmTestHelper\ViewModel\Chart\WaveLengthChartViewModel.cs:line 423
2023-11-24 09:30:54,992[40] ERROR 测量波长错误 
System.TimeoutException: Acquire Data Failed : Time Limit Exceeded!
   at ConnectionAssistantLib.ConnectionContext.SendMessageWithData(String msg, Int32 replyLength, Int32 timeOut) in D:\FWMAutoTest\Code\Connection\ConnectionAssistantLib\ConnectionContext.cs:line 128
   at FWM8612InteractionLib.FWM8612_API.AcquireData(String commandMsg, Int32 replyLength, Int32 timeout) in D:\FWMAutoTest\Code\HardWare\FWM8612InteractionLib\FWM8612_API.cs:line 140
   at FWM8612InteractionLib.FWM8612_API.ReadCCD_SingleN() in D:\FWMAutoTest\Code\HardWare\FWM8612InteractionLib\FWM8612_API.cs:line 203
   at FwmTestHelper.CommonBusiness.HardWare.FWM8612.FWM8612Context.GetCavityDataFromLower() in D:\FWMAutoTest\Code\FwmTestHelper\CommonBusiness\HardWare\FWM8612\FWM8612Context.cs:line 314
   at FwmTestHelper.CommonBusiness.HardWare.FWM8612.FWM8612Context.<StartMeasure>b__33_2() in D:\FWMAutoTest\Code\FwmTestHelper\CommonBusiness\HardWare\FWM8612\FWM8612Context.cs:line 216
2023-11-24 09:42:09,746[29] ERROR 测量波长错误 
System.TimeoutException: Acquire Data Failed : Time Limit Exceeded!
   at ConnectionAssistantLib.ConnectionContext.SendMessageWithData(String msg, Int32 replyLength, Int32 timeOut) in D:\FWMAutoTest\Code\Connection\ConnectionAssistantLib\ConnectionContext.cs:line 128
   at FWM8612InteractionLib.FWM8612_API.AcquireData(String commandMsg, Int32 replyLength, Int32 timeout) in D:\FWMAutoTest\Code\HardWare\FWM8612InteractionLib\FWM8612_API.cs:line 140
   at FWM8612InteractionLib.FWM8612_API.ReadCCD_SingleN() in D:\FWMAutoTest\Code\HardWare\FWM8612InteractionLib\FWM8612_API.cs:line 203
   at FwmTestHelper.CommonBusiness.HardWare.FWM8612.FWM8612Context.GetCavityDataFromLower() in D:\FWMAutoTest\Code\FwmTestHelper\CommonBusiness\HardWare\FWM8612\FWM8612Context.cs:line 314
   at FwmTestHelper.CommonBusiness.HardWare.FWM8612.FWM8612Context.<StartMeasure>b__33_2() in D:\FWMAutoTest\Code\FwmTestHelper\CommonBusiness\HardWare\FWM8612\FWM8612Context.cs:line 216
2023-11-24 09:42:31,446[17] ERROR 获取TCM温度错误 
System.TimeoutException: Acquire Message Failed : Time Limit Exceeded!
   at ConnectionAssistantLib.ConnectionContext.SendMessageWithReply(String msg, Int32 timeOut) in D:\FWMAutoTest\Code\Connection\ConnectionAssistantLib\ConnectionContext.cs:line 170
   at FWM8612InteractionLib.FWM8612_API.AcquireMessage(String commandMsg, Int32 timeout) in D:\FWMAutoTest\Code\HardWare\FWM8612InteractionLib\FWM8612_API.cs:line 112
   at FWM8612InteractionLib.FWM8612_API.GetTCM_Temperature(Int32 num) in D:\FWMAutoTest\Code\HardWare\FWM8612InteractionLib\FWM8612_API.cs:line 834
   at FwmTestHelper.CommonBusiness.HardWare.FWM8612.FWM8612Context.GetTCM_Temperature(Int32 index) in D:\FWMAutoTest\Code\FwmTestHelper\CommonBusiness\HardWare\FWM8612\FWM8612Context.cs:line 606
   at FwmTestHelper.ViewModel.HardWare.Setting.TemperatureViewModel.ShowTemprature(CancellationToken cancellationToken) in D:\FWMAutoTest\Code\FwmTestHelper\ViewModel\HardWare\State\TemperatureViewModel.cs:line 200
2023-11-24 09:50:42,626[30] ERROR 测量波长错误 
System.TimeoutException: Acquire Data Failed : Time Limit Exceeded!
   at ConnectionAssistantLib.ConnectionContext.SendMessageWithData(String msg, Int32 replyLength, Int32 timeOut) in D:\FWMAutoTest\Code\Connection\ConnectionAssistantLib\ConnectionContext.cs:line 128
   at FWM8612InteractionLib.FWM8612_API.AcquireData(String commandMsg, Int32 replyLength, Int32 timeout) in D:\FWMAutoTest\Code\HardWare\FWM8612InteractionLib\FWM8612_API.cs:line 140
   at FWM8612InteractionLib.FWM8612_API.ReadCCD_SingleN() in D:\FWMAutoTest\Code\HardWare\FWM8612InteractionLib\FWM8612_API.cs:line 203
   at FwmTestHelper.CommonBusiness.HardWare.FWM8612.FWM8612Context.GetCavityDataFromLower() in D:\FWMAutoTest\Code\FwmTestHelper\CommonBusiness\HardWare\FWM8612\FWM8612Context.cs:line 314
   at FwmTestHelper.CommonBusiness.HardWare.FWM8612.FWM8612Context.<StartMeasure>b__33_2() in D:\FWMAutoTest\Code\FwmTestHelper\CommonBusiness\HardWare\FWM8612\FWM8612Context.cs:line 216
2023-11-24 09:53:58,887[32] ERROR 测量波长错误 
System.TimeoutException: Acquire Data Failed : Time Limit Exceeded!
   at ConnectionAssistantLib.ConnectionContext.SendMessageWithData(String msg, Int32 replyLength, Int32 timeOut) in D:\FWMAutoTest\Code\Connection\ConnectionAssistantLib\ConnectionContext.cs:line 128
   at FWM8612InteractionLib.FWM8612_API.AcquireData(String commandMsg, Int32 replyLength, Int32 timeout) in D:\FWMAutoTest\Code\HardWare\FWM8612InteractionLib\FWM8612_API.cs:line 140
   at FWM8612InteractionLib.FWM8612_API.ReadCCD_SingleN() in D:\FWMAutoTest\Code\HardWare\FWM8612InteractionLib\FWM8612_API.cs:line 203
   at FwmTestHelper.CommonBusiness.HardWare.FWM8612.FWM8612Context.GetCavityDataFromLower() in D:\FWMAutoTest\Code\FwmTestHelper\CommonBusiness\HardWare\FWM8612\FWM8612Context.cs:line 314
   at FwmTestHelper.CommonBusiness.HardWare.FWM8612.FWM8612Context.<StartMeasure>b__33_2() in D:\FWMAutoTest\Code\FwmTestHelper\CommonBusiness\HardWare\FWM8612\FWM8612Context.cs:line 216
2023-11-24 10:06:37,058[35] ERROR 波长折线图刷新发生错误 
System.InvalidOperationException: xMax must be greater than xMin
   at ScottPlot.Plot.SetAxisLimits(Nullable`1 xMin, Nullable`1 xMax, Nullable`1 yMin, Nullable`1 yMax, Int32 xAxisIndex, Int32 yAxisIndex)
   at ScottPlot.Plot.SetAxisLimitsX(Double xMin, Double xMax, Int32 xAxisIndex)
   at FwmTestHelper.View.Chart.UcScottPlot.RefrenshChartView(Int32 count) in D:\FWMAutoTest\Code\FwmTestHelper\View\Chart\UcScottPlot.xaml.cs:line 217
   at FwmTestHelper.View.Chart.UcScottPlot.NewDataHandler(Double power, Double wavelength, Boolean refresh) in D:\FWMAutoTest\Code\FwmTestHelper\View\Chart\UcScottPlot.xaml.cs:line 175
   at FwmTestHelper.ViewModel.Chart.WaveLengthChartViewModel.<>c__DisplayClass39_0.<RefreshVisual>b__0() in D:\FWMAutoTest\Code\FwmTestHelper\ViewModel\Chart\WaveLengthChartViewModel.cs:line 427
   at System.Windows.Threading.DispatcherOperation.InvokeDelegateCore()
   at System.Windows.Threading.DispatcherOperation.InvokeImpl()
--- End of stack trace from previous location ---
   at System.Windows.Threading.DispatcherOperation.Wait(TimeSpan timeout)
   at System.Windows.Threading.Dispatcher.InvokeImpl(DispatcherOperation operation, CancellationToken cancellationToken, TimeSpan timeout)
   at System.Windows.Threading.Dispatcher.Invoke(Action callback, DispatcherPriority priority, CancellationToken cancellationToken, TimeSpan timeout)
   at System.Windows.Threading.Dispatcher.Invoke(Action callback)
   at FwmTestHelper.ViewModel.Chart.WaveLengthChartViewModel.RefreshVisual(CancellationToken cancellationToken) in D:\FWMAutoTest\Code\FwmTestHelper\ViewModel\Chart\WaveLengthChartViewModel.cs:line 425
