2023-11-06 10:04:13,260[9] ERROR 读取功率校准参数失败 
System.IndexOutOfRangeException: Index was outside the bounds of the array.
   at FwmTestHelper.CommonBusiness.HardWare.FWM8612.FWM8612Context.ReadPowerParamFromLower() in D:\FWMAutoTest\Code\FwmTestHelper\CommonBusiness\HardWare\FWM8612\FWM8612Context.cs:line 840
2023-11-06 10:04:13,469[9] ERROR 获取下位机参数失败 
System.IndexOutOfRangeException: Index was outside the bounds of the array.
   at FwmTestHelper.CommonBusiness.HardWare.FWM8612.FWM8612Context.ReadPowerParamFromLower() in D:\FWMAutoTest\Code\FwmTestHelper\CommonBusiness\HardWare\FWM8612\FWM8612Context.cs:line 840
   at FwmTestHelper.CommonBusiness.HardWare.FWM8612.FWM8612Context.ReadAllLowerComputerParam() in D:\FWMAutoTest\Code\FwmTestHelper\CommonBusiness\HardWare\FWM8612\FWM8612Context.cs:line 772
2023-11-06 10:04:30,931[1] ERROR 连接或断连出现报错 
System.IndexOutOfRangeException: Index was outside the bounds of the array.
   at FwmTestHelper.CommonBusiness.HardWare.FWM8612.FWM8612Context.ReadPowerParamFromLower() in D:\FWMAutoTest\Code\FwmTestHelper\CommonBusiness\HardWare\FWM8612\FWM8612Context.cs:line 840
   at FwmTestHelper.CommonBusiness.HardWare.FWM8612.FWM8612Context.ReadAllLowerComputerParam() in D:\FWMAutoTest\Code\FwmTestHelper\CommonBusiness\HardWare\FWM8612\FWM8612Context.cs:line 772
   at FwmTestHelper.CommonBusiness.HardWare.FWM8612.FWM8612Context.Connect(String ip, Int32 port) in D:\FWMAutoTest\Code\FwmTestHelper\CommonBusiness\HardWare\FWM8612\FWM8612Context.cs:line 118
   at FwmTestHelper.ViewModel.WaveLengthMesure.WaveLengthMeasureViewModel.<ConnectionChange>b__10_0() in D:\FWMAutoTest\Code\FwmTestHelper\ViewModel\WaveLengthMesure\WaveLengthMeasureViewModel.cs:line 97
   at System.Threading.Tasks.Task`1.InnerInvoke()
   at System.Threading.Tasks.Task.<>c.<.cctor>b__272_0(Object obj)
   at System.Threading.ExecutionContext.RunFromThreadPoolDispatchLoop(Thread threadPoolThread, ExecutionContext executionContext, ContextCallback callback, Object state)
--- End of stack trace from previous location ---
   at System.Threading.ExecutionContext.RunFromThreadPoolDispatchLoop(Thread threadPoolThread, ExecutionContext executionContext, ContextCallback callback, Object state)
   at System.Threading.Tasks.Task.ExecuteWithThreadLocal(Task& currentTaskSlot, Thread threadPoolThread)
--- End of stack trace from previous location ---
   at FwmTestHelper.ViewModel.WaveLengthMesure.WaveLengthMeasureViewModel.ConnectionChange() in D:\FWMAutoTest\Code\FwmTestHelper\ViewModel\WaveLengthMesure\WaveLengthMeasureViewModel.cs:line 106
2023-11-06 10:05:20,793[26] ERROR 初始化硬件失败！ 
System.TimeoutException: SendMessage Failed : Time Limit Exceeded!
   at ConnectionAssistantLib.ConnectionHelper.SendMessageWithReply(String msg, Int32 timeOut) in D:\FWMAutoTest\Code\Connection\ConnectionAssistantLib\ConnectionHelper.cs:line 215
   at FWM8612InteractionLib.FWM8612API.AcquireMessage(String commandMsg, Int32 timeout) in D:\FWMAutoTest\Code\HardWare\FWM8612InteractionLib\FWM8612API.cs:line 140
   at FWM8612InteractionLib.FWM8612API.MacDefault() in D:\FWMAutoTest\Code\HardWare\FWM8612InteractionLib\FWM8612API.cs:line 711
   at FwmTestHelper.CommonBusiness.HardWare.FWM8612.FWM8612Context.InitialHardWare() in D:\FWMAutoTest\Code\FwmTestHelper\CommonBusiness\HardWare\FWM8612\FWM8612Context.cs:line 144
2023-11-06 10:06:54,877[9] ERROR 获取波长值失败 
System.Exception: There are errors in the obtained data!
   at FwmTestHelper.CommonBusiness.HardWare.FWM8612.FWM8612Context.GetWaveLengthFromLower() in D:\FWMAutoTest\Code\FwmTestHelper\CommonBusiness\HardWare\FWM8612\FWM8612Context.cs:line 347
2023-11-06 10:06:54,957[9] ERROR 测量波长错误 
System.Exception: There are errors in the obtained data!
   at FwmTestHelper.CommonBusiness.HardWare.FWM8612.FWM8612Context.GetWaveLengthFromLower() in D:\FWMAutoTest\Code\FwmTestHelper\CommonBusiness\HardWare\FWM8612\FWM8612Context.cs:line 347
   at FwmTestHelper.CommonBusiness.HardWare.FWM8612.FWM8612Context.<StartMeasure>b__50_2() in D:\FWMAutoTest\Code\FwmTestHelper\CommonBusiness\HardWare\FWM8612\FWM8612Context.cs:line 261
2023-11-06 10:06:54,995[20] ERROR 波长表格显示错误 
System.OperationCanceledException: The operation was canceled.
   at System.Threading.CancellationToken.ThrowOperationCanceledException()
   at System.Threading.CancellationToken.ThrowIfCancellationRequested()
   at System.Collections.Concurrent.BlockingCollection`1.TryTakeWithNoTimeValidation(T& item, Int32 millisecondsTimeout, CancellationToken cancellationToken, CancellationTokenSource combinedTokenSource)
   at System.Collections.Concurrent.BlockingCollection`1.Take(CancellationToken cancellationToken)
   at FwmTestHelper.CommonBusiness.HardWare.FWM8612.FWM8612Context.WaveLengthGridVisual(BlockingCollection`1 queue, Action`1 action, CancellationToken cancellationToken) in D:\FWMAutoTest\Code\FwmTestHelper\CommonBusiness\HardWare\FWM8612\FWM8612Context.cs:line 581
2023-11-06 10:06:54,995[7] ERROR 波长结果显示错误 
System.OperationCanceledException: The operation was canceled.
   at System.Threading.CancellationToken.ThrowOperationCanceledException()
   at System.Threading.CancellationToken.ThrowIfCancellationRequested()
   at System.Collections.Concurrent.BlockingCollection`1.TryTakeWithNoTimeValidation(T& item, Int32 millisecondsTimeout, CancellationToken cancellationToken, CancellationTokenSource combinedTokenSource)
   at System.Collections.Concurrent.BlockingCollection`1.Take(CancellationToken cancellationToken)
   at FwmTestHelper.CommonBusiness.HardWare.FWM8612.FWM8612Context.WaveLengthResultVisual(BlockingCollection`1 queue, Action`2 action, CancellationToken cancellationToken) in D:\FWMAutoTest\Code\FwmTestHelper\CommonBusiness\HardWare\FWM8612\FWM8612Context.cs:line 549
2023-11-06 10:06:55,001[19] ERROR 波长结果显示错误 
System.OperationCanceledException: The operation was canceled.
   at System.Threading.CancellationToken.ThrowOperationCanceledException()
   at System.Threading.CancellationToken.ThrowIfCancellationRequested()
   at System.Collections.Concurrent.BlockingCollection`1.TryTakeWithNoTimeValidation(T& item, Int32 millisecondsTimeout, CancellationToken cancellationToken, CancellationTokenSource combinedTokenSource)
   at System.Collections.Concurrent.BlockingCollection`1.Take(CancellationToken cancellationToken)
   at FwmTestHelper.CommonBusiness.HardWare.FWM8612.FWM8612Context.WaveLengthResultVisual(BlockingCollection`1 queue, Action`2 action, CancellationToken cancellationToken) in D:\FWMAutoTest\Code\FwmTestHelper\CommonBusiness\HardWare\FWM8612\FWM8612Context.cs:line 549
2023-11-06 10:09:33,809[22] ERROR 获取波长值失败 
System.Exception: There are errors in the obtained data!
   at FwmTestHelper.CommonBusiness.HardWare.FWM8612.FWM8612Context.GetWaveLengthFromLower() in D:\FWMAutoTest\Code\FwmTestHelper\CommonBusiness\HardWare\FWM8612\FWM8612Context.cs:line 347
2023-11-06 10:09:33,834[22] ERROR 测量波长错误 
System.Exception: There are errors in the obtained data!
   at FwmTestHelper.CommonBusiness.HardWare.FWM8612.FWM8612Context.GetWaveLengthFromLower() in D:\FWMAutoTest\Code\FwmTestHelper\CommonBusiness\HardWare\FWM8612\FWM8612Context.cs:line 347
   at FwmTestHelper.CommonBusiness.HardWare.FWM8612.FWM8612Context.<StartMeasure>b__50_2() in D:\FWMAutoTest\Code\FwmTestHelper\CommonBusiness\HardWare\FWM8612\FWM8612Context.cs:line 261
2023-11-06 10:09:43,008[18] ERROR 获取测量温度错误 
System.TimeoutException: SendMessage Failed : Time Limit Exceeded!
   at ConnectionAssistantLib.ConnectionHelper.SendMessageWithReply(String msg, Int32 timeOut) in D:\FWMAutoTest\Code\Connection\ConnectionAssistantLib\ConnectionHelper.cs:line 215
   at FWM8612InteractionLib.FWM8612API.AcquireMessage(String commandMsg, Int32 timeout) in D:\FWMAutoTest\Code\HardWare\FWM8612InteractionLib\FWM8612API.cs:line 140
   at FWM8612InteractionLib.FWM8612API.GetTCM_Temperature(Int32 num) in D:\FWMAutoTest\Code\HardWare\FWM8612InteractionLib\FWM8612API.cs:line 1076
   at FwmTestHelper.CommonBusiness.HardWare.FWM8612.FWM8612Context.GetTCM_Temperature(Int32 index) in D:\FWMAutoTest\Code\FwmTestHelper\CommonBusiness\HardWare\FWM8612\FWM8612Context.cs:line 616
   at FwmTestHelper.ViewModel.HardWare.Setting.TemperatureViewModel.<>c__DisplayClass12_0.<ShowTemprature>b__0() in D:\FWMAutoTest\Code\FwmTestHelper\ViewModel\HardWare\State\TemperatureViewModel.cs:line 93
2023-11-06 10:09:43,975[16] ERROR 波长结果显示错误 
System.OperationCanceledException: The operation was canceled.
   at System.Threading.CancellationToken.ThrowOperationCanceledException()
   at System.Threading.CancellationToken.ThrowIfCancellationRequested()
   at System.Collections.Concurrent.BlockingCollection`1.TryTakeWithNoTimeValidation(T& item, Int32 millisecondsTimeout, CancellationToken cancellationToken, CancellationTokenSource combinedTokenSource)
   at System.Collections.Concurrent.BlockingCollection`1.Take(CancellationToken cancellationToken)
   at FwmTestHelper.CommonBusiness.HardWare.FWM8612.FWM8612Context.WaveLengthResultVisual(BlockingCollection`1 queue, Action`2 action, CancellationToken cancellationToken) in D:\FWMAutoTest\Code\FwmTestHelper\CommonBusiness\HardWare\FWM8612\FWM8612Context.cs:line 549
2023-11-06 10:09:43,024[5] ERROR 波长结果显示错误 
System.OperationCanceledException: The operation was canceled.
   at System.Threading.CancellationToken.ThrowOperationCanceledException()
   at System.Threading.CancellationToken.ThrowIfCancellationRequested()
   at System.Collections.Concurrent.BlockingCollection`1.TryTakeWithNoTimeValidation(T& item, Int32 millisecondsTimeout, CancellationToken cancellationToken, CancellationTokenSource combinedTokenSource)
   at System.Collections.Concurrent.BlockingCollection`1.Take(CancellationToken cancellationToken)
   at FwmTestHelper.CommonBusiness.HardWare.FWM8612.FWM8612Context.WaveLengthResultVisual(BlockingCollection`1 queue, Action`2 action, CancellationToken cancellationToken) in D:\FWMAutoTest\Code\FwmTestHelper\CommonBusiness\HardWare\FWM8612\FWM8612Context.cs:line 549
2023-11-06 10:09:43,975[19] ERROR 波长表格显示错误 
System.OperationCanceledException: The operation was canceled.
   at System.Threading.CancellationToken.ThrowOperationCanceledException()
   at System.Threading.CancellationToken.ThrowIfCancellationRequested()
   at System.Collections.Concurrent.BlockingCollection`1.TryTakeWithNoTimeValidation(T& item, Int32 millisecondsTimeout, CancellationToken cancellationToken, CancellationTokenSource combinedTokenSource)
   at System.Collections.Concurrent.BlockingCollection`1.Take(CancellationToken cancellationToken)
   at FwmTestHelper.CommonBusiness.HardWare.FWM8612.FWM8612Context.WaveLengthGridVisual(BlockingCollection`1 queue, Action`1 action, CancellationToken cancellationToken) in D:\FWMAutoTest\Code\FwmTestHelper\CommonBusiness\HardWare\FWM8612\FWM8612Context.cs:line 581
2023-11-06 10:18:55,851[20] ERROR 测量波长错误 
System.Exception: 不存在None段Thin参数！
   at FwmTestHelper.CommonBusiness.HardWare.FWM8612.FWM8612Context.SaveAlgoFizeauParam(WaveBand waveBand, WLThickNess widthType) in D:\FWMAutoTest\Code\FwmTestHelper\CommonBusiness\HardWare\FWM8612\FWM8612Context.cs:line 481
   at FwmTestHelper.CommonBusiness.HardWare.FWM8612.FWM8612Context.CalculateWaveLength(Int32[] thinIntensity, Int32[] thickIntensity, CavityType cavityType, Boolean fit) in D:\FWMAutoTest\Code\FwmTestHelper\CommonBusiness\HardWare\FWM8612\FWM8612Context.cs:line 400
   at FwmTestHelper.CommonBusiness.HardWare.FWM8612.FWM8612Context.<StartMeasure>b__50_2() in D:\FWMAutoTest\Code\FwmTestHelper\CommonBusiness\HardWare\FWM8612\FWM8612Context.cs:line 267
2023-11-06 10:19:03,157[16] ERROR 波长结果显示错误 
System.OperationCanceledException: The operation was canceled.
   at System.Threading.CancellationToken.ThrowOperationCanceledException()
   at System.Threading.CancellationToken.ThrowIfCancellationRequested()
   at System.Collections.Concurrent.BlockingCollection`1.TryTakeWithNoTimeValidation(T& item, Int32 millisecondsTimeout, CancellationToken cancellationToken, CancellationTokenSource combinedTokenSource)
   at System.Collections.Concurrent.BlockingCollection`1.Take(CancellationToken cancellationToken)
   at FwmTestHelper.CommonBusiness.HardWare.FWM8612.FWM8612Context.WaveLengthResultVisual(BlockingCollection`1 queue, Action`2 action, CancellationToken cancellationToken) in D:\FWMAutoTest\Code\FwmTestHelper\CommonBusiness\HardWare\FWM8612\FWM8612Context.cs:line 549
2023-11-06 10:19:04,206[17] ERROR 原始数据显示错误 
System.OperationCanceledException: The operation was canceled.
   at System.Threading.CancellationToken.ThrowOperationCanceledException()
   at System.Threading.CancellationToken.ThrowIfCancellationRequested()
   at System.Collections.Concurrent.BlockingCollection`1.TryTakeWithNoTimeValidation(T& item, Int32 millisecondsTimeout, CancellationToken cancellationToken, CancellationTokenSource combinedTokenSource)
   at System.Collections.Concurrent.BlockingCollection`1.Take(CancellationToken cancellationToken)
   at FwmTestHelper.CommonBusiness.HardWare.FWM8612.FWM8612Context.CCDDataVisual(BlockingCollection`1 queue, Action`2 action, CancellationToken cancellationToken) in D:\FWMAutoTest\Code\FwmTestHelper\CommonBusiness\HardWare\FWM8612\FWM8612Context.cs:line 517
2023-11-06 10:19:04,206[15] ERROR 波长结果显示错误 
System.OperationCanceledException: The operation was canceled.
   at System.Threading.CancellationToken.ThrowOperationCanceledException()
   at System.Threading.CancellationToken.ThrowIfCancellationRequested()
   at System.Collections.Concurrent.BlockingCollection`1.TryTakeWithNoTimeValidation(T& item, Int32 millisecondsTimeout, CancellationToken cancellationToken, CancellationTokenSource combinedTokenSource)
   at System.Collections.Concurrent.BlockingCollection`1.Take(CancellationToken cancellationToken)
   at FwmTestHelper.CommonBusiness.HardWare.FWM8612.FWM8612Context.WaveLengthResultVisual(BlockingCollection`1 queue, Action`2 action, CancellationToken cancellationToken) in D:\FWMAutoTest\Code\FwmTestHelper\CommonBusiness\HardWare\FWM8612\FWM8612Context.cs:line 549
2023-11-06 10:19:04,206[6] ERROR 波长表格显示错误 
System.OperationCanceledException: The operation was canceled.
   at System.Threading.CancellationToken.ThrowOperationCanceledException()
   at System.Threading.CancellationToken.ThrowIfCancellationRequested()
   at System.Collections.Concurrent.BlockingCollection`1.TryTakeWithNoTimeValidation(T& item, Int32 millisecondsTimeout, CancellationToken cancellationToken, CancellationTokenSource combinedTokenSource)
   at System.Collections.Concurrent.BlockingCollection`1.Take(CancellationToken cancellationToken)
   at FwmTestHelper.CommonBusiness.HardWare.FWM8612.FWM8612Context.WaveLengthGridVisual(BlockingCollection`1 queue, Action`1 action, CancellationToken cancellationToken) in D:\FWMAutoTest\Code\FwmTestHelper\CommonBusiness\HardWare\FWM8612\FWM8612Context.cs:line 581
2023-11-06 10:19:25,610[16] ERROR 获取波长值失败 
System.Exception: There are errors in the obtained data!
   at FwmTestHelper.CommonBusiness.HardWare.FWM8612.FWM8612Context.GetWaveLengthFromLower() in D:\FWMAutoTest\Code\FwmTestHelper\CommonBusiness\HardWare\FWM8612\FWM8612Context.cs:line 347
2023-11-06 10:19:28,754[16] ERROR 测量波长错误 
System.Exception: There are errors in the obtained data!
   at FwmTestHelper.CommonBusiness.HardWare.FWM8612.FWM8612Context.GetWaveLengthFromLower() in D:\FWMAutoTest\Code\FwmTestHelper\CommonBusiness\HardWare\FWM8612\FWM8612Context.cs:line 347
   at FwmTestHelper.CommonBusiness.HardWare.FWM8612.FWM8612Context.<StartMeasure>b__50_2() in D:\FWMAutoTest\Code\FwmTestHelper\CommonBusiness\HardWare\FWM8612\FWM8612Context.cs:line 261
2023-11-06 10:19:32,266[8] ERROR 波长结果显示错误 
System.OperationCanceledException: The operation was canceled.
   at System.Threading.CancellationToken.ThrowOperationCanceledException()
   at System.Threading.CancellationToken.ThrowIfCancellationRequested()
   at System.Collections.Concurrent.BlockingCollection`1.TryTakeWithNoTimeValidation(T& item, Int32 millisecondsTimeout, CancellationToken cancellationToken, CancellationTokenSource combinedTokenSource)
   at System.Collections.Concurrent.BlockingCollection`1.Take(CancellationToken cancellationToken)
   at FwmTestHelper.CommonBusiness.HardWare.FWM8612.FWM8612Context.WaveLengthResultVisual(BlockingCollection`1 queue, Action`2 action, CancellationToken cancellationToken) in D:\FWMAutoTest\Code\FwmTestHelper\CommonBusiness\HardWare\FWM8612\FWM8612Context.cs:line 549
2023-11-06 10:19:32,271[26] ERROR 波长表格显示错误 
System.OperationCanceledException: The operation was canceled.
   at System.Threading.CancellationToken.ThrowOperationCanceledException()
   at System.Threading.CancellationToken.ThrowIfCancellationRequested()
   at System.Collections.Concurrent.BlockingCollection`1.TryTakeWithNoTimeValidation(T& item, Int32 millisecondsTimeout, CancellationToken cancellationToken, CancellationTokenSource combinedTokenSource)
   at System.Collections.Concurrent.BlockingCollection`1.Take(CancellationToken cancellationToken)
   at FwmTestHelper.CommonBusiness.HardWare.FWM8612.FWM8612Context.WaveLengthGridVisual(BlockingCollection`1 queue, Action`1 action, CancellationToken cancellationToken) in D:\FWMAutoTest\Code\FwmTestHelper\CommonBusiness\HardWare\FWM8612\FWM8612Context.cs:line 581
2023-11-06 10:19:32,271[9] ERROR 波长结果显示错误 
System.OperationCanceledException: The operation was canceled.
   at System.Threading.CancellationToken.ThrowOperationCanceledException()
   at System.Threading.CancellationToken.ThrowIfCancellationRequested()
   at System.Collections.Concurrent.BlockingCollection`1.TryTakeWithNoTimeValidation(T& item, Int32 millisecondsTimeout, CancellationToken cancellationToken, CancellationTokenSource combinedTokenSource)
   at System.Collections.Concurrent.BlockingCollection`1.Take(CancellationToken cancellationToken)
   at FwmTestHelper.CommonBusiness.HardWare.FWM8612.FWM8612Context.WaveLengthResultVisual(BlockingCollection`1 queue, Action`2 action, CancellationToken cancellationToken) in D:\FWMAutoTest\Code\FwmTestHelper\CommonBusiness\HardWare\FWM8612\FWM8612Context.cs:line 549
2023-11-06 10:19:33,371[17] ERROR 原始数据显示错误 
System.OperationCanceledException: The operation was canceled.
   at System.Threading.CancellationToken.ThrowOperationCanceledException()
   at System.Threading.CancellationToken.ThrowIfCancellationRequested()
   at System.Collections.Concurrent.BlockingCollection`1.TryTakeWithNoTimeValidation(T& item, Int32 millisecondsTimeout, CancellationToken cancellationToken, CancellationTokenSource combinedTokenSource)
   at System.Collections.Concurrent.BlockingCollection`1.Take(CancellationToken cancellationToken)
   at FwmTestHelper.CommonBusiness.HardWare.FWM8612.FWM8612Context.CCDDataVisual(BlockingCollection`1 queue, Action`2 action, CancellationToken cancellationToken) in D:\FWMAutoTest\Code\FwmTestHelper\CommonBusiness\HardWare\FWM8612\FWM8612Context.cs:line 517
2023-11-06 10:20:42,977[15] ERROR 获取波长值失败 
System.TimeoutException: SendMessage Failed : Time Limit Exceeded!
   at ConnectionAssistantLib.ConnectionHelper.SendMessageWithReply(String msg, Int32 timeOut) in D:\FWMAutoTest\Code\Connection\ConnectionAssistantLib\ConnectionHelper.cs:line 227
   at FWM8612InteractionLib.FWM8612API.AcquireMessage(String commandMsg, Int32 timeout) in D:\FWMAutoTest\Code\HardWare\FWM8612InteractionLib\FWM8612API.cs:line 140
   at FWM8612InteractionLib.FWM8612API.MeasureWLAndPower() in D:\FWMAutoTest\Code\HardWare\FWM8612InteractionLib\FWM8612API.cs:line 865
   at FwmTestHelper.CommonBusiness.HardWare.FWM8612.FWM8612Context.GetWaveLengthFromLower() in D:\FWMAutoTest\Code\FwmTestHelper\CommonBusiness\HardWare\FWM8612\FWM8612Context.cs:line 342
2023-11-06 10:20:47,592[15] ERROR 测量波长错误 
System.TimeoutException: SendMessage Failed : Time Limit Exceeded!
   at ConnectionAssistantLib.ConnectionHelper.SendMessageWithReply(String msg, Int32 timeOut) in D:\FWMAutoTest\Code\Connection\ConnectionAssistantLib\ConnectionHelper.cs:line 227
   at FWM8612InteractionLib.FWM8612API.AcquireMessage(String commandMsg, Int32 timeout) in D:\FWMAutoTest\Code\HardWare\FWM8612InteractionLib\FWM8612API.cs:line 140
   at FWM8612InteractionLib.FWM8612API.MeasureWLAndPower() in D:\FWMAutoTest\Code\HardWare\FWM8612InteractionLib\FWM8612API.cs:line 865
   at FwmTestHelper.CommonBusiness.HardWare.FWM8612.FWM8612Context.GetWaveLengthFromLower() in D:\FWMAutoTest\Code\FwmTestHelper\CommonBusiness\HardWare\FWM8612\FWM8612Context.cs:line 342
   at FwmTestHelper.CommonBusiness.HardWare.FWM8612.FWM8612Context.<StartMeasure>b__50_2() in D:\FWMAutoTest\Code\FwmTestHelper\CommonBusiness\HardWare\FWM8612\FWM8612Context.cs:line 261
2023-11-06 10:20:50,813[25] ERROR 获取测量温度错误 
System.TimeoutException: SendMessage Failed : Time Limit Exceeded!
   at ConnectionAssistantLib.ConnectionHelper.SendMessageWithReply(String msg, Int32 timeOut) in D:\FWMAutoTest\Code\Connection\ConnectionAssistantLib\ConnectionHelper.cs:line 227
   at FWM8612InteractionLib.FWM8612API.AcquireMessage(String commandMsg, Int32 timeout) in D:\FWMAutoTest\Code\HardWare\FWM8612InteractionLib\FWM8612API.cs:line 140
   at FWM8612InteractionLib.FWM8612API.GetTCM_Temperature(Int32 num) in D:\FWMAutoTest\Code\HardWare\FWM8612InteractionLib\FWM8612API.cs:line 1076
   at FwmTestHelper.CommonBusiness.HardWare.FWM8612.FWM8612Context.GetTCM_Temperature(Int32 index) in D:\FWMAutoTest\Code\FwmTestHelper\CommonBusiness\HardWare\FWM8612\FWM8612Context.cs:line 616
   at FwmTestHelper.ViewModel.HardWare.Setting.TemperatureViewModel.<>c__DisplayClass12_0.<ShowTemprature>b__0() in D:\FWMAutoTest\Code\FwmTestHelper\ViewModel\HardWare\State\TemperatureViewModel.cs:line 93
2023-11-06 10:20:59,550[29] ERROR 波长结果显示错误 
System.OperationCanceledException: The operation was canceled.
   at System.Threading.CancellationToken.ThrowOperationCanceledException()
   at System.Threading.CancellationToken.ThrowIfCancellationRequested()
   at System.Collections.Concurrent.BlockingCollection`1.TryTakeWithNoTimeValidation(T& item, Int32 millisecondsTimeout, CancellationToken cancellationToken, CancellationTokenSource combinedTokenSource)
   at System.Collections.Concurrent.BlockingCollection`1.Take(CancellationToken cancellationToken)
   at FwmTestHelper.CommonBusiness.HardWare.FWM8612.FWM8612Context.WaveLengthResultVisual(BlockingCollection`1 queue, Action`2 action, CancellationToken cancellationToken) in D:\FWMAutoTest\Code\FwmTestHelper\CommonBusiness\HardWare\FWM8612\FWM8612Context.cs:line 549
2023-11-06 10:20:59,555[27] ERROR 原始数据显示错误 
System.OperationCanceledException: The operation was canceled.
   at System.Threading.CancellationToken.ThrowOperationCanceledException()
   at System.Threading.CancellationToken.ThrowIfCancellationRequested()
   at System.Collections.Concurrent.BlockingCollection`1.TryTakeWithNoTimeValidation(T& item, Int32 millisecondsTimeout, CancellationToken cancellationToken, CancellationTokenSource combinedTokenSource)
   at System.Collections.Concurrent.BlockingCollection`1.Take(CancellationToken cancellationToken)
   at FwmTestHelper.CommonBusiness.HardWare.FWM8612.FWM8612Context.CCDDataVisual(BlockingCollection`1 queue, Action`2 action, CancellationToken cancellationToken) in D:\FWMAutoTest\Code\FwmTestHelper\CommonBusiness\HardWare\FWM8612\FWM8612Context.cs:line 517
2023-11-06 10:20:59,555[28] ERROR 波长结果显示错误 
System.OperationCanceledException: The operation was canceled.
   at System.Threading.CancellationToken.ThrowOperationCanceledException()
   at System.Threading.CancellationToken.ThrowIfCancellationRequested()
   at System.Collections.Concurrent.BlockingCollection`1.TryTakeWithNoTimeValidation(T& item, Int32 millisecondsTimeout, CancellationToken cancellationToken, CancellationTokenSource combinedTokenSource)
   at System.Collections.Concurrent.BlockingCollection`1.Take(CancellationToken cancellationToken)
   at FwmTestHelper.CommonBusiness.HardWare.FWM8612.FWM8612Context.WaveLengthResultVisual(BlockingCollection`1 queue, Action`2 action, CancellationToken cancellationToken) in D:\FWMAutoTest\Code\FwmTestHelper\CommonBusiness\HardWare\FWM8612\FWM8612Context.cs:line 549
2023-11-06 10:21:03,755[30] ERROR 波长表格显示错误 
System.OperationCanceledException: The operation was canceled.
   at System.Threading.CancellationToken.ThrowOperationCanceledException()
   at System.Threading.CancellationToken.ThrowIfCancellationRequested()
   at System.Collections.Concurrent.BlockingCollection`1.TryTakeWithNoTimeValidation(T& item, Int32 millisecondsTimeout, CancellationToken cancellationToken, CancellationTokenSource combinedTokenSource)
   at System.Collections.Concurrent.BlockingCollection`1.Take(CancellationToken cancellationToken)
   at FwmTestHelper.CommonBusiness.HardWare.FWM8612.FWM8612Context.WaveLengthGridVisual(BlockingCollection`1 queue, Action`1 action, CancellationToken cancellationToken) in D:\FWMAutoTest\Code\FwmTestHelper\CommonBusiness\HardWare\FWM8612\FWM8612Context.cs:line 581
2023-11-06 10:21:14,110[25] ERROR 获取测量温度错误 
System.TimeoutException: SendMessage Failed : Time Limit Exceeded!
   at ConnectionAssistantLib.ConnectionHelper.SendMessageWithReply(String msg, Int32 timeOut) in D:\FWMAutoTest\Code\Connection\ConnectionAssistantLib\ConnectionHelper.cs:line 227
   at FWM8612InteractionLib.FWM8612API.AcquireMessage(String commandMsg, Int32 timeout) in D:\FWMAutoTest\Code\HardWare\FWM8612InteractionLib\FWM8612API.cs:line 140
   at FWM8612InteractionLib.FWM8612API.GetTCM_Temperature(Int32 num) in D:\FWMAutoTest\Code\HardWare\FWM8612InteractionLib\FWM8612API.cs:line 1076
   at FwmTestHelper.CommonBusiness.HardWare.FWM8612.FWM8612Context.GetTCM_Temperature(Int32 index) in D:\FWMAutoTest\Code\FwmTestHelper\CommonBusiness\HardWare\FWM8612\FWM8612Context.cs:line 616
   at FwmTestHelper.ViewModel.HardWare.Setting.TemperatureViewModel.<>c__DisplayClass12_0.<ShowTemprature>b__0() in D:\FWMAutoTest\Code\FwmTestHelper\ViewModel\HardWare\State\TemperatureViewModel.cs:line 93
2023-11-06 10:21:19,545[25] ERROR 获取测量温度错误 
System.TimeoutException: SendMessage Failed : Time Limit Exceeded!
   at ConnectionAssistantLib.ConnectionHelper.SendMessageWithReply(String msg, Int32 timeOut) in D:\FWMAutoTest\Code\Connection\ConnectionAssistantLib\ConnectionHelper.cs:line 227
   at FWM8612InteractionLib.FWM8612API.AcquireMessage(String commandMsg, Int32 timeout) in D:\FWMAutoTest\Code\HardWare\FWM8612InteractionLib\FWM8612API.cs:line 140
   at FWM8612InteractionLib.FWM8612API.GetTCM_Temperature(Int32 num) in D:\FWMAutoTest\Code\HardWare\FWM8612InteractionLib\FWM8612API.cs:line 1076
   at FwmTestHelper.CommonBusiness.HardWare.FWM8612.FWM8612Context.GetTCM_Temperature(Int32 index) in D:\FWMAutoTest\Code\FwmTestHelper\CommonBusiness\HardWare\FWM8612\FWM8612Context.cs:line 616
   at FwmTestHelper.ViewModel.HardWare.Setting.TemperatureViewModel.<>c__DisplayClass12_0.<ShowTemprature>b__0() in D:\FWMAutoTest\Code\FwmTestHelper\ViewModel\HardWare\State\TemperatureViewModel.cs:line 93
2023-11-06 10:21:59,900[25] ERROR 获取测量温度错误 
System.TimeoutException: SendMessage Failed : Time Limit Exceeded!
   at ConnectionAssistantLib.ConnectionHelper.SendMessageWithReply(String msg, Int32 timeOut) in D:\FWMAutoTest\Code\Connection\ConnectionAssistantLib\ConnectionHelper.cs:line 227
   at FWM8612InteractionLib.FWM8612API.AcquireMessage(String commandMsg, Int32 timeout) in D:\FWMAutoTest\Code\HardWare\FWM8612InteractionLib\FWM8612API.cs:line 140
   at FWM8612InteractionLib.FWM8612API.GetTCM_Temperature(Int32 num) in D:\FWMAutoTest\Code\HardWare\FWM8612InteractionLib\FWM8612API.cs:line 1076
   at FwmTestHelper.CommonBusiness.HardWare.FWM8612.FWM8612Context.GetTCM_Temperature(Int32 index) in D:\FWMAutoTest\Code\FwmTestHelper\CommonBusiness\HardWare\FWM8612\FWM8612Context.cs:line 616
   at FwmTestHelper.ViewModel.HardWare.Setting.TemperatureViewModel.<>c__DisplayClass12_0.<ShowTemprature>b__0() in D:\FWMAutoTest\Code\FwmTestHelper\ViewModel\HardWare\State\TemperatureViewModel.cs:line 93
2023-11-06 10:22:23,800[32] ERROR 获取波长值失败 
System.Exception: There are errors in the obtained data!
   at FwmTestHelper.CommonBusiness.HardWare.FWM8612.FWM8612Context.GetWaveLengthFromLower() in D:\FWMAutoTest\Code\FwmTestHelper\CommonBusiness\HardWare\FWM8612\FWM8612Context.cs:line 347
2023-11-06 10:22:23,812[32] ERROR 测量波长错误 
System.Exception: There are errors in the obtained data!
   at FwmTestHelper.CommonBusiness.HardWare.FWM8612.FWM8612Context.GetWaveLengthFromLower() in D:\FWMAutoTest\Code\FwmTestHelper\CommonBusiness\HardWare\FWM8612\FWM8612Context.cs:line 347
   at FwmTestHelper.CommonBusiness.HardWare.FWM8612.FWM8612Context.<StartMeasure>b__50_2() in D:\FWMAutoTest\Code\FwmTestHelper\CommonBusiness\HardWare\FWM8612\FWM8612Context.cs:line 261
2023-11-06 10:22:23,849[35] ERROR 波长结果显示错误 
System.OperationCanceledException: The operation was canceled.
   at System.Threading.CancellationToken.ThrowOperationCanceledException()
   at System.Threading.CancellationToken.ThrowIfCancellationRequested()
   at System.Collections.Concurrent.BlockingCollection`1.TryTakeWithNoTimeValidation(T& item, Int32 millisecondsTimeout, CancellationToken cancellationToken, CancellationTokenSource combinedTokenSource)
   at System.Collections.Concurrent.BlockingCollection`1.Take(CancellationToken cancellationToken)
   at FwmTestHelper.CommonBusiness.HardWare.FWM8612.FWM8612Context.WaveLengthResultVisual(BlockingCollection`1 queue, Action`2 action, CancellationToken cancellationToken) in D:\FWMAutoTest\Code\FwmTestHelper\CommonBusiness\HardWare\FWM8612\FWM8612Context.cs:line 549
2023-11-06 10:22:23,849[34] ERROR 波长结果显示错误 
System.OperationCanceledException: The operation was canceled.
   at System.Threading.CancellationToken.ThrowOperationCanceledException()
   at System.Threading.CancellationToken.ThrowIfCancellationRequested()
   at System.Collections.Concurrent.BlockingCollection`1.TryTakeWithNoTimeValidation(T& item, Int32 millisecondsTimeout, CancellationToken cancellationToken, CancellationTokenSource combinedTokenSource)
   at System.Collections.Concurrent.BlockingCollection`1.Take(CancellationToken cancellationToken)
   at FwmTestHelper.CommonBusiness.HardWare.FWM8612.FWM8612Context.WaveLengthResultVisual(BlockingCollection`1 queue, Action`2 action, CancellationToken cancellationToken) in D:\FWMAutoTest\Code\FwmTestHelper\CommonBusiness\HardWare\FWM8612\FWM8612Context.cs:line 549
2023-11-06 10:22:23,858[33] ERROR 原始数据显示错误 
System.OperationCanceledException: The operation was canceled.
   at System.Threading.CancellationToken.ThrowOperationCanceledException()
   at System.Threading.CancellationToken.ThrowIfCancellationRequested()
   at System.Collections.Concurrent.BlockingCollection`1.TryTakeWithNoTimeValidation(T& item, Int32 millisecondsTimeout, CancellationToken cancellationToken, CancellationTokenSource combinedTokenSource)
   at System.Collections.Concurrent.BlockingCollection`1.Take(CancellationToken cancellationToken)
   at FwmTestHelper.CommonBusiness.HardWare.FWM8612.FWM8612Context.CCDDataVisual(BlockingCollection`1 queue, Action`2 action, CancellationToken cancellationToken) in D:\FWMAutoTest\Code\FwmTestHelper\CommonBusiness\HardWare\FWM8612\FWM8612Context.cs:line 517
2023-11-06 10:22:23,874[36] ERROR 波长表格显示错误 
System.OperationCanceledException: The operation was canceled.
   at System.Threading.CancellationToken.ThrowOperationCanceledException()
   at System.Threading.CancellationToken.ThrowIfCancellationRequested()
   at System.Collections.Concurrent.BlockingCollection`1.TryTakeWithNoTimeValidation(T& item, Int32 millisecondsTimeout, CancellationToken cancellationToken, CancellationTokenSource combinedTokenSource)
   at System.Collections.Concurrent.BlockingCollection`1.Take(CancellationToken cancellationToken)
   at FwmTestHelper.CommonBusiness.HardWare.FWM8612.FWM8612Context.WaveLengthGridVisual(BlockingCollection`1 queue, Action`1 action, CancellationToken cancellationToken) in D:\FWMAutoTest\Code\FwmTestHelper\CommonBusiness\HardWare\FWM8612\FWM8612Context.cs:line 581
2023-11-06 10:28:22,972[6] ERROR 测量波长错误 
System.Exception: 不存在None段Thin参数！
   at FwmTestHelper.CommonBusiness.HardWare.FWM8612.FWM8612Context.SaveAlgoFizeauParam(WaveBand waveBand, WLThickNess widthType) in D:\FWMAutoTest\Code\FwmTestHelper\CommonBusiness\HardWare\FWM8612\FWM8612Context.cs:line 481
   at FwmTestHelper.CommonBusiness.HardWare.FWM8612.FWM8612Context.CalculateWaveLength(Int32[] thinIntensity, Int32[] thickIntensity, CavityType cavityType, Boolean fit) in D:\FWMAutoTest\Code\FwmTestHelper\CommonBusiness\HardWare\FWM8612\FWM8612Context.cs:line 400
   at FwmTestHelper.CommonBusiness.HardWare.FWM8612.FWM8612Context.<StartMeasure>b__50_2() in D:\FWMAutoTest\Code\FwmTestHelper\CommonBusiness\HardWare\FWM8612\FWM8612Context.cs:line 267
2023-11-06 10:28:23,087[24] ERROR 波长结果显示错误 
System.OperationCanceledException: The operation was canceled.
   at System.Threading.CancellationToken.ThrowOperationCanceledException()
   at System.Threading.CancellationToken.ThrowIfCancellationRequested()
   at System.Collections.Concurrent.BlockingCollection`1.TryTakeWithNoTimeValidation(T& item, Int32 millisecondsTimeout, CancellationToken cancellationToken, CancellationTokenSource combinedTokenSource)
   at System.Collections.Concurrent.BlockingCollection`1.Take(CancellationToken cancellationToken)
   at FwmTestHelper.CommonBusiness.HardWare.FWM8612.FWM8612Context.WaveLengthResultVisual(BlockingCollection`1 queue, Action`2 action, CancellationToken cancellationToken) in D:\FWMAutoTest\Code\FwmTestHelper\CommonBusiness\HardWare\FWM8612\FWM8612Context.cs:line 549
2023-11-06 10:28:23,087[23] ERROR 原始数据显示错误 
System.OperationCanceledException: The operation was canceled.
   at System.Threading.CancellationToken.ThrowOperationCanceledException()
   at System.Threading.CancellationToken.ThrowIfCancellationRequested()
   at System.Collections.Concurrent.BlockingCollection`1.TryTakeWithNoTimeValidation(T& item, Int32 millisecondsTimeout, CancellationToken cancellationToken, CancellationTokenSource combinedTokenSource)
   at System.Collections.Concurrent.BlockingCollection`1.Take(CancellationToken cancellationToken)
   at FwmTestHelper.CommonBusiness.HardWare.FWM8612.FWM8612Context.CCDDataVisual(BlockingCollection`1 queue, Action`2 action, CancellationToken cancellationToken) in D:\FWMAutoTest\Code\FwmTestHelper\CommonBusiness\HardWare\FWM8612\FWM8612Context.cs:line 517
2023-11-06 10:28:23,087[25] ERROR 波长结果显示错误 
System.OperationCanceledException: The operation was canceled.
   at System.Threading.CancellationToken.ThrowOperationCanceledException()
   at System.Threading.CancellationToken.ThrowIfCancellationRequested()
   at System.Collections.Concurrent.BlockingCollection`1.TryTakeWithNoTimeValidation(T& item, Int32 millisecondsTimeout, CancellationToken cancellationToken, CancellationTokenSource combinedTokenSource)
   at System.Collections.Concurrent.BlockingCollection`1.Take(CancellationToken cancellationToken)
   at FwmTestHelper.CommonBusiness.HardWare.FWM8612.FWM8612Context.WaveLengthResultVisual(BlockingCollection`1 queue, Action`2 action, CancellationToken cancellationToken) in D:\FWMAutoTest\Code\FwmTestHelper\CommonBusiness\HardWare\FWM8612\FWM8612Context.cs:line 549
2023-11-06 10:28:23,087[26] ERROR 波长表格显示错误 
System.OperationCanceledException: The operation was canceled.
   at System.Threading.CancellationToken.ThrowOperationCanceledException()
   at System.Threading.CancellationToken.ThrowIfCancellationRequested()
   at System.Collections.Concurrent.BlockingCollection`1.TryTakeWithNoTimeValidation(T& item, Int32 millisecondsTimeout, CancellationToken cancellationToken, CancellationTokenSource combinedTokenSource)
   at System.Collections.Concurrent.BlockingCollection`1.Take(CancellationToken cancellationToken)
   at FwmTestHelper.CommonBusiness.HardWare.FWM8612.FWM8612Context.WaveLengthGridVisual(BlockingCollection`1 queue, Action`1 action, CancellationToken cancellationToken) in D:\FWMAutoTest\Code\FwmTestHelper\CommonBusiness\HardWare\FWM8612\FWM8612Context.cs:line 581
2023-11-06 10:30:03,292[5] ERROR 获取波长值失败 
System.Exception: There are errors in the obtained data!
   at FwmTestHelper.CommonBusiness.HardWare.FWM8612.FWM8612Context.GetWaveLengthFromLower() in D:\FWMAutoTest\Code\FwmTestHelper\CommonBusiness\HardWare\FWM8612\FWM8612Context.cs:line 347
2023-11-06 10:30:03,320[5] ERROR 测量波长错误 
System.Exception: There are errors in the obtained data!
   at FwmTestHelper.CommonBusiness.HardWare.FWM8612.FWM8612Context.GetWaveLengthFromLower() in D:\FWMAutoTest\Code\FwmTestHelper\CommonBusiness\HardWare\FWM8612\FWM8612Context.cs:line 347
   at FwmTestHelper.CommonBusiness.HardWare.FWM8612.FWM8612Context.<StartMeasure>b__50_2() in D:\FWMAutoTest\Code\FwmTestHelper\CommonBusiness\HardWare\FWM8612\FWM8612Context.cs:line 261
2023-11-06 10:30:03,354[23] ERROR 波长结果显示错误 
System.OperationCanceledException: The operation was canceled.
   at System.Threading.CancellationToken.ThrowOperationCanceledException()
   at System.Threading.CancellationToken.ThrowIfCancellationRequested()
   at System.Collections.Concurrent.BlockingCollection`1.TryTakeWithNoTimeValidation(T& item, Int32 millisecondsTimeout, CancellationToken cancellationToken, CancellationTokenSource combinedTokenSource)
   at System.Collections.Concurrent.BlockingCollection`1.Take(CancellationToken cancellationToken)
   at FwmTestHelper.CommonBusiness.HardWare.FWM8612.FWM8612Context.WaveLengthResultVisual(BlockingCollection`1 queue, Action`2 action, CancellationToken cancellationToken) in D:\FWMAutoTest\Code\FwmTestHelper\CommonBusiness\HardWare\FWM8612\FWM8612Context.cs:line 549
2023-11-06 10:30:03,364[6] ERROR 波长结果显示错误 
System.OperationCanceledException: The operation was canceled.
   at System.Threading.CancellationToken.ThrowOperationCanceledException()
   at System.Threading.CancellationToken.ThrowIfCancellationRequested()
   at System.Collections.Concurrent.BlockingCollection`1.TryTakeWithNoTimeValidation(T& item, Int32 millisecondsTimeout, CancellationToken cancellationToken, CancellationTokenSource combinedTokenSource)
   at System.Collections.Concurrent.BlockingCollection`1.Take(CancellationToken cancellationToken)
   at FwmTestHelper.CommonBusiness.HardWare.FWM8612.FWM8612Context.WaveLengthResultVisual(BlockingCollection`1 queue, Action`2 action, CancellationToken cancellationToken) in D:\FWMAutoTest\Code\FwmTestHelper\CommonBusiness\HardWare\FWM8612\FWM8612Context.cs:line 549
2023-11-06 10:30:03,368[20] ERROR 波长表格显示错误 
System.OperationCanceledException: The operation was canceled.
   at System.Threading.CancellationToken.ThrowOperationCanceledException()
   at System.Threading.CancellationToken.ThrowIfCancellationRequested()
   at System.Collections.Concurrent.BlockingCollection`1.TryTakeWithNoTimeValidation(T& item, Int32 millisecondsTimeout, CancellationToken cancellationToken, CancellationTokenSource combinedTokenSource)
   at System.Collections.Concurrent.BlockingCollection`1.Take(CancellationToken cancellationToken)
   at FwmTestHelper.CommonBusiness.HardWare.FWM8612.FWM8612Context.WaveLengthGridVisual(BlockingCollection`1 queue, Action`1 action, CancellationToken cancellationToken) in D:\FWMAutoTest\Code\FwmTestHelper\CommonBusiness\HardWare\FWM8612\FWM8612Context.cs:line 581
2023-11-06 10:30:03,377[24] ERROR 原始数据显示错误 
System.OperationCanceledException: The operation was canceled.
   at System.Threading.CancellationToken.ThrowOperationCanceledException()
   at System.Threading.CancellationToken.ThrowIfCancellationRequested()
   at System.Collections.Concurrent.BlockingCollection`1.TryTakeWithNoTimeValidation(T& item, Int32 millisecondsTimeout, CancellationToken cancellationToken, CancellationTokenSource combinedTokenSource)
   at System.Collections.Concurrent.BlockingCollection`1.Take(CancellationToken cancellationToken)
   at FwmTestHelper.CommonBusiness.HardWare.FWM8612.FWM8612Context.CCDDataVisual(BlockingCollection`1 queue, Action`2 action, CancellationToken cancellationToken) in D:\FWMAutoTest\Code\FwmTestHelper\CommonBusiness\HardWare\FWM8612\FWM8612Context.cs:line 517
2023-11-06 10:30:42,326[21] ERROR 获取波长值失败 
System.Exception: There are errors in the obtained data!
   at FwmTestHelper.CommonBusiness.HardWare.FWM8612.FWM8612Context.GetWaveLengthFromLower() in D:\FWMAutoTest\Code\FwmTestHelper\CommonBusiness\HardWare\FWM8612\FWM8612Context.cs:line 347
2023-11-06 10:30:42,338[21] ERROR 测量波长错误 
System.Exception: There are errors in the obtained data!
   at FwmTestHelper.CommonBusiness.HardWare.FWM8612.FWM8612Context.GetWaveLengthFromLower() in D:\FWMAutoTest\Code\FwmTestHelper\CommonBusiness\HardWare\FWM8612\FWM8612Context.cs:line 347
   at FwmTestHelper.CommonBusiness.HardWare.FWM8612.FWM8612Context.<StartMeasure>b__50_2() in D:\FWMAutoTest\Code\FwmTestHelper\CommonBusiness\HardWare\FWM8612\FWM8612Context.cs:line 261
2023-11-06 10:30:42,387[22] ERROR 波长结果显示错误 
System.OperationCanceledException: The operation was canceled.
   at System.Threading.CancellationToken.ThrowOperationCanceledException()
   at System.Threading.CancellationToken.ThrowIfCancellationRequested()
   at System.Collections.Concurrent.BlockingCollection`1.TryTakeWithNoTimeValidation(T& item, Int32 millisecondsTimeout, CancellationToken cancellationToken, CancellationTokenSource combinedTokenSource)
   at System.Collections.Concurrent.BlockingCollection`1.Take(CancellationToken cancellationToken)
   at FwmTestHelper.CommonBusiness.HardWare.FWM8612.FWM8612Context.WaveLengthResultVisual(BlockingCollection`1 queue, Action`2 action, CancellationToken cancellationToken) in D:\FWMAutoTest\Code\FwmTestHelper\CommonBusiness\HardWare\FWM8612\FWM8612Context.cs:line 549
2023-11-06 10:30:42,387[3] ERROR 原始数据显示错误 
System.OperationCanceledException: The operation was canceled.
   at System.Threading.CancellationToken.ThrowOperationCanceledException()
   at System.Threading.CancellationToken.ThrowIfCancellationRequested()
   at System.Collections.Concurrent.BlockingCollection`1.TryTakeWithNoTimeValidation(T& item, Int32 millisecondsTimeout, CancellationToken cancellationToken, CancellationTokenSource combinedTokenSource)
   at System.Collections.Concurrent.BlockingCollection`1.Take(CancellationToken cancellationToken)
   at FwmTestHelper.CommonBusiness.HardWare.FWM8612.FWM8612Context.CCDDataVisual(BlockingCollection`1 queue, Action`2 action, CancellationToken cancellationToken) in D:\FWMAutoTest\Code\FwmTestHelper\CommonBusiness\HardWare\FWM8612\FWM8612Context.cs:line 517
2023-11-06 10:30:42,391[8] ERROR 波长结果显示错误 
System.OperationCanceledException: The operation was canceled.
   at System.Threading.CancellationToken.ThrowOperationCanceledException()
   at System.Threading.CancellationToken.ThrowIfCancellationRequested()
   at System.Collections.Concurrent.BlockingCollection`1.TryTakeWithNoTimeValidation(T& item, Int32 millisecondsTimeout, CancellationToken cancellationToken, CancellationTokenSource combinedTokenSource)
   at System.Collections.Concurrent.BlockingCollection`1.Take(CancellationToken cancellationToken)
   at FwmTestHelper.CommonBusiness.HardWare.FWM8612.FWM8612Context.WaveLengthResultVisual(BlockingCollection`1 queue, Action`2 action, CancellationToken cancellationToken) in D:\FWMAutoTest\Code\FwmTestHelper\CommonBusiness\HardWare\FWM8612\FWM8612Context.cs:line 549
2023-11-06 10:30:42,387[9] ERROR 波长表格显示错误 
System.OperationCanceledException: The operation was canceled.
   at System.Threading.CancellationToken.ThrowOperationCanceledException()
   at System.Threading.CancellationToken.ThrowIfCancellationRequested()
   at System.Collections.Concurrent.BlockingCollection`1.TryTakeWithNoTimeValidation(T& item, Int32 millisecondsTimeout, CancellationToken cancellationToken, CancellationTokenSource combinedTokenSource)
   at System.Collections.Concurrent.BlockingCollection`1.Take(CancellationToken cancellationToken)
   at FwmTestHelper.CommonBusiness.HardWare.FWM8612.FWM8612Context.WaveLengthGridVisual(BlockingCollection`1 queue, Action`1 action, CancellationToken cancellationToken) in D:\FWMAutoTest\Code\FwmTestHelper\CommonBusiness\HardWare\FWM8612\FWM8612Context.cs:line 581
2023-11-06 10:33:50,656[6] ERROR 测量波长错误 
System.Exception: 不存在None段Thin参数！
   at FwmTestHelper.CommonBusiness.HardWare.FWM8612.FWM8612Context.SaveAlgoFizeauParam(WaveBand waveBand, WLThickNess widthType) in D:\FWMAutoTest\Code\FwmTestHelper\CommonBusiness\HardWare\FWM8612\FWM8612Context.cs:line 481
   at FwmTestHelper.CommonBusiness.HardWare.FWM8612.FWM8612Context.CalculateWaveLength(Int32[] thinIntensity, Int32[] thickIntensity, CavityType cavityType, Boolean fit) in D:\FWMAutoTest\Code\FwmTestHelper\CommonBusiness\HardWare\FWM8612\FWM8612Context.cs:line 400
   at FwmTestHelper.CommonBusiness.HardWare.FWM8612.FWM8612Context.<StartMeasure>b__50_2() in D:\FWMAutoTest\Code\FwmTestHelper\CommonBusiness\HardWare\FWM8612\FWM8612Context.cs:line 267
2023-11-06 10:33:50,770[25] ERROR 波长表格显示错误 
System.OperationCanceledException: The operation was canceled.
   at System.Threading.CancellationToken.ThrowOperationCanceledException()
   at System.Threading.CancellationToken.ThrowIfCancellationRequested()
   at System.Collections.Concurrent.BlockingCollection`1.TryTakeWithNoTimeValidation(T& item, Int32 millisecondsTimeout, CancellationToken cancellationToken, CancellationTokenSource combinedTokenSource)
   at System.Collections.Concurrent.BlockingCollection`1.Take(CancellationToken cancellationToken)
   at FwmTestHelper.CommonBusiness.HardWare.FWM8612.FWM8612Context.WaveLengthGridVisual(BlockingCollection`1 queue, Action`1 action, CancellationToken cancellationToken) in D:\FWMAutoTest\Code\FwmTestHelper\CommonBusiness\HardWare\FWM8612\FWM8612Context.cs:line 581
2023-11-06 10:33:50,770[22] ERROR 原始数据显示错误 
System.OperationCanceledException: The operation was canceled.
   at System.Threading.CancellationToken.ThrowOperationCanceledException()
   at System.Threading.CancellationToken.ThrowIfCancellationRequested()
   at System.Collections.Concurrent.BlockingCollection`1.TryTakeWithNoTimeValidation(T& item, Int32 millisecondsTimeout, CancellationToken cancellationToken, CancellationTokenSource combinedTokenSource)
   at System.Collections.Concurrent.BlockingCollection`1.Take(CancellationToken cancellationToken)
   at FwmTestHelper.CommonBusiness.HardWare.FWM8612.FWM8612Context.CCDDataVisual(BlockingCollection`1 queue, Action`2 action, CancellationToken cancellationToken) in D:\FWMAutoTest\Code\FwmTestHelper\CommonBusiness\HardWare\FWM8612\FWM8612Context.cs:line 517
2023-11-06 10:33:50,770[23] ERROR 波长结果显示错误 
System.OperationCanceledException: The operation was canceled.
   at System.Threading.CancellationToken.ThrowOperationCanceledException()
   at System.Threading.CancellationToken.ThrowIfCancellationRequested()
   at System.Collections.Concurrent.BlockingCollection`1.TryTakeWithNoTimeValidation(T& item, Int32 millisecondsTimeout, CancellationToken cancellationToken, CancellationTokenSource combinedTokenSource)
   at System.Collections.Concurrent.BlockingCollection`1.Take(CancellationToken cancellationToken)
   at FwmTestHelper.CommonBusiness.HardWare.FWM8612.FWM8612Context.WaveLengthResultVisual(BlockingCollection`1 queue, Action`2 action, CancellationToken cancellationToken) in D:\FWMAutoTest\Code\FwmTestHelper\CommonBusiness\HardWare\FWM8612\FWM8612Context.cs:line 549
2023-11-06 10:33:50,770[24] ERROR 波长结果显示错误 
System.OperationCanceledException: The operation was canceled.
   at System.Threading.CancellationToken.ThrowOperationCanceledException()
   at System.Threading.CancellationToken.ThrowIfCancellationRequested()
   at System.Collections.Concurrent.BlockingCollection`1.TryTakeWithNoTimeValidation(T& item, Int32 millisecondsTimeout, CancellationToken cancellationToken, CancellationTokenSource combinedTokenSource)
   at System.Collections.Concurrent.BlockingCollection`1.Take(CancellationToken cancellationToken)
   at FwmTestHelper.CommonBusiness.HardWare.FWM8612.FWM8612Context.WaveLengthResultVisual(BlockingCollection`1 queue, Action`2 action, CancellationToken cancellationToken) in D:\FWMAutoTest\Code\FwmTestHelper\CommonBusiness\HardWare\FWM8612\FWM8612Context.cs:line 549
2023-11-06 10:39:51,026[1] ERROR 获取设定发生错误 
System.TimeoutException: SendMessage Failed : Time Limit Exceeded!
   at ConnectionAssistantLib.ConnectionHelper.SendMessageWithReply(String msg, Int32 timeOut) in D:\FWMAutoTest\Code\Connection\ConnectionAssistantLib\ConnectionHelper.cs:line 225
   at FWM8612InteractionLib.FWM8612API.AcquireMessage(String commandMsg, Int32 timeout) in D:\FWMAutoTest\Code\HardWare\FWM8612InteractionLib\FWM8612API.cs:line 144
   at FWM8612InteractionLib.FWM8612API.GetCalculatingAverage() in D:\FWMAutoTest\Code\HardWare\FWM8612InteractionLib\FWM8612API.cs:line 1063
   at FwmTestHelper.CommonBusiness.HardWare.FWM8612.FWM8612Context.GetAverageCount() in D:\FWMAutoTest\Code\FwmTestHelper\CommonBusiness\HardWare\FWM8612\FWM8612Context.cs:line 608
   at FwmTestHelper.ViewModel.HardWare.Setting.AverageSettingViewModel.InitialAverage() in D:\FWMAutoTest\Code\FwmTestHelper\ViewModel\HardWare\Setting\AverageSettingViewModel.cs:line 73
2023-11-06 10:40:11,270[6] ERROR 测量波长错误 
System.Exception: 不存在None段Thin参数！
   at FwmTestHelper.CommonBusiness.HardWare.FWM8612.FWM8612Context.SaveAlgoFizeauParam(WaveBand waveBand, WLThickNess widthType) in D:\FWMAutoTest\Code\FwmTestHelper\CommonBusiness\HardWare\FWM8612\FWM8612Context.cs:line 481
   at FwmTestHelper.CommonBusiness.HardWare.FWM8612.FWM8612Context.CalculateWaveLength(Int32[] thinIntensity, Int32[] thickIntensity, CavityType cavityType, Boolean fit) in D:\FWMAutoTest\Code\FwmTestHelper\CommonBusiness\HardWare\FWM8612\FWM8612Context.cs:line 400
   at FwmTestHelper.CommonBusiness.HardWare.FWM8612.FWM8612Context.<StartMeasure>b__50_2() in D:\FWMAutoTest\Code\FwmTestHelper\CommonBusiness\HardWare\FWM8612\FWM8612Context.cs:line 267
2023-11-06 10:40:11,309[17] ERROR 波长结果显示错误 
System.OperationCanceledException: The operation was canceled.
   at System.Threading.CancellationToken.ThrowOperationCanceledException()
   at System.Threading.CancellationToken.ThrowIfCancellationRequested()
   at System.Collections.Concurrent.BlockingCollection`1.TryTakeWithNoTimeValidation(T& item, Int32 millisecondsTimeout, CancellationToken cancellationToken, CancellationTokenSource combinedTokenSource)
   at System.Collections.Concurrent.BlockingCollection`1.Take(CancellationToken cancellationToken)
   at FwmTestHelper.CommonBusiness.HardWare.FWM8612.FWM8612Context.WaveLengthResultVisual(BlockingCollection`1 queue, Action`2 action, CancellationToken cancellationToken) in D:\FWMAutoTest\Code\FwmTestHelper\CommonBusiness\HardWare\FWM8612\FWM8612Context.cs:line 549
2023-11-06 10:40:11,309[15] ERROR 原始数据显示错误 
System.OperationCanceledException: The operation was canceled.
   at System.Threading.CancellationToken.ThrowOperationCanceledException()
   at System.Threading.CancellationToken.ThrowIfCancellationRequested()
   at System.Collections.Concurrent.BlockingCollection`1.TryTakeWithNoTimeValidation(T& item, Int32 millisecondsTimeout, CancellationToken cancellationToken, CancellationTokenSource combinedTokenSource)
   at System.Collections.Concurrent.BlockingCollection`1.Take(CancellationToken cancellationToken)
   at FwmTestHelper.CommonBusiness.HardWare.FWM8612.FWM8612Context.CCDDataVisual(BlockingCollection`1 queue, Action`2 action, CancellationToken cancellationToken) in D:\FWMAutoTest\Code\FwmTestHelper\CommonBusiness\HardWare\FWM8612\FWM8612Context.cs:line 517
2023-11-06 10:40:11,309[16] ERROR 波长结果显示错误 
System.OperationCanceledException: The operation was canceled.
   at System.Threading.CancellationToken.ThrowOperationCanceledException()
   at System.Threading.CancellationToken.ThrowIfCancellationRequested()
   at System.Collections.Concurrent.BlockingCollection`1.TryTakeWithNoTimeValidation(T& item, Int32 millisecondsTimeout, CancellationToken cancellationToken, CancellationTokenSource combinedTokenSource)
   at System.Collections.Concurrent.BlockingCollection`1.Take(CancellationToken cancellationToken)
   at FwmTestHelper.CommonBusiness.HardWare.FWM8612.FWM8612Context.WaveLengthResultVisual(BlockingCollection`1 queue, Action`2 action, CancellationToken cancellationToken) in D:\FWMAutoTest\Code\FwmTestHelper\CommonBusiness\HardWare\FWM8612\FWM8612Context.cs:line 549
2023-11-06 10:40:11,309[18] ERROR 波长表格显示错误 
System.OperationCanceledException: The operation was canceled.
   at System.Threading.CancellationToken.ThrowOperationCanceledException()
   at System.Threading.CancellationToken.ThrowIfCancellationRequested()
   at System.Collections.Concurrent.BlockingCollection`1.TryTakeWithNoTimeValidation(T& item, Int32 millisecondsTimeout, CancellationToken cancellationToken, CancellationTokenSource combinedTokenSource)
   at System.Collections.Concurrent.BlockingCollection`1.Take(CancellationToken cancellationToken)
   at FwmTestHelper.CommonBusiness.HardWare.FWM8612.FWM8612Context.WaveLengthGridVisual(BlockingCollection`1 queue, Action`1 action, CancellationToken cancellationToken) in D:\FWMAutoTest\Code\FwmTestHelper\CommonBusiness\HardWare\FWM8612\FWM8612Context.cs:line 581
2023-11-06 10:41:32,155[9] ERROR 获取波长值失败 
System.Exception: There are errors in the obtained data!
   at FwmTestHelper.CommonBusiness.HardWare.FWM8612.FWM8612Context.GetWaveLengthFromLower() in D:\FWMAutoTest\Code\FwmTestHelper\CommonBusiness\HardWare\FWM8612\FWM8612Context.cs:line 347
2023-11-06 10:41:32,170[9] ERROR 测量波长错误 
System.Exception: There are errors in the obtained data!
   at FwmTestHelper.CommonBusiness.HardWare.FWM8612.FWM8612Context.GetWaveLengthFromLower() in D:\FWMAutoTest\Code\FwmTestHelper\CommonBusiness\HardWare\FWM8612\FWM8612Context.cs:line 347
   at FwmTestHelper.CommonBusiness.HardWare.FWM8612.FWM8612Context.<StartMeasure>b__50_2() in D:\FWMAutoTest\Code\FwmTestHelper\CommonBusiness\HardWare\FWM8612\FWM8612Context.cs:line 261
2023-11-06 10:41:32,204[8] ERROR 原始数据显示错误 
System.OperationCanceledException: The operation was canceled.
   at System.Threading.CancellationToken.ThrowOperationCanceledException()
   at System.Threading.CancellationToken.ThrowIfCancellationRequested()
   at System.Collections.Concurrent.BlockingCollection`1.TryTakeWithNoTimeValidation(T& item, Int32 millisecondsTimeout, CancellationToken cancellationToken, CancellationTokenSource combinedTokenSource)
   at System.Collections.Concurrent.BlockingCollection`1.Take(CancellationToken cancellationToken)
   at FwmTestHelper.CommonBusiness.HardWare.FWM8612.FWM8612Context.CCDDataVisual(BlockingCollection`1 queue, Action`2 action, CancellationToken cancellationToken) in D:\FWMAutoTest\Code\FwmTestHelper\CommonBusiness\HardWare\FWM8612\FWM8612Context.cs:line 517
2023-11-06 10:41:32,217[5] ERROR 波长结果显示错误 
System.OperationCanceledException: The operation was canceled.
   at System.Threading.CancellationToken.ThrowOperationCanceledException()
   at System.Threading.CancellationToken.ThrowIfCancellationRequested()
   at System.Collections.Concurrent.BlockingCollection`1.TryTakeWithNoTimeValidation(T& item, Int32 millisecondsTimeout, CancellationToken cancellationToken, CancellationTokenSource combinedTokenSource)
   at System.Collections.Concurrent.BlockingCollection`1.Take(CancellationToken cancellationToken)
   at FwmTestHelper.CommonBusiness.HardWare.FWM8612.FWM8612Context.WaveLengthResultVisual(BlockingCollection`1 queue, Action`2 action, CancellationToken cancellationToken) in D:\FWMAutoTest\Code\FwmTestHelper\CommonBusiness\HardWare\FWM8612\FWM8612Context.cs:line 549
2023-11-06 10:41:32,218[3] ERROR 波长结果显示错误 
System.OperationCanceledException: The operation was canceled.
   at System.Threading.CancellationToken.ThrowOperationCanceledException()
   at System.Threading.CancellationToken.ThrowIfCancellationRequested()
   at System.Collections.Concurrent.BlockingCollection`1.TryTakeWithNoTimeValidation(T& item, Int32 millisecondsTimeout, CancellationToken cancellationToken, CancellationTokenSource combinedTokenSource)
   at System.Collections.Concurrent.BlockingCollection`1.Take(CancellationToken cancellationToken)
   at FwmTestHelper.CommonBusiness.HardWare.FWM8612.FWM8612Context.WaveLengthResultVisual(BlockingCollection`1 queue, Action`2 action, CancellationToken cancellationToken) in D:\FWMAutoTest\Code\FwmTestHelper\CommonBusiness\HardWare\FWM8612\FWM8612Context.cs:line 549
2023-11-06 10:41:32,222[16] ERROR 波长表格显示错误 
System.OperationCanceledException: The operation was canceled.
   at System.Threading.CancellationToken.ThrowOperationCanceledException()
   at System.Threading.CancellationToken.ThrowIfCancellationRequested()
   at System.Collections.Concurrent.BlockingCollection`1.TryTakeWithNoTimeValidation(T& item, Int32 millisecondsTimeout, CancellationToken cancellationToken, CancellationTokenSource combinedTokenSource)
   at System.Collections.Concurrent.BlockingCollection`1.Take(CancellationToken cancellationToken)
   at FwmTestHelper.CommonBusiness.HardWare.FWM8612.FWM8612Context.WaveLengthGridVisual(BlockingCollection`1 queue, Action`1 action, CancellationToken cancellationToken) in D:\FWMAutoTest\Code\FwmTestHelper\CommonBusiness\HardWare\FWM8612\FWM8612Context.cs:line 581
2023-11-06 10:44:06,578[1] ERROR 获取设定发生错误 
System.TimeoutException: SendMessage Failed : Time Limit Exceeded!
   at ConnectionAssistantLib.ConnectionHelper.SendMessageWithReply(String msg, Int32 timeOut) in D:\FWMAutoTest\Code\Connection\ConnectionAssistantLib\ConnectionHelper.cs:line 225
   at FWM8612InteractionLib.FWM8612API.AcquireMessage(String commandMsg, Int32 timeout) in D:\FWMAutoTest\Code\HardWare\FWM8612InteractionLib\FWM8612API.cs:line 144
   at FWM8612InteractionLib.FWM8612API.GetCalculatingAverage() in D:\FWMAutoTest\Code\HardWare\FWM8612InteractionLib\FWM8612API.cs:line 1063
   at FwmTestHelper.CommonBusiness.HardWare.FWM8612.FWM8612Context.GetAverageCount() in D:\FWMAutoTest\Code\FwmTestHelper\CommonBusiness\HardWare\FWM8612\FWM8612Context.cs:line 620
   at FwmTestHelper.ViewModel.HardWare.Setting.AverageSettingViewModel.InitialAverage() in D:\FWMAutoTest\Code\FwmTestHelper\ViewModel\HardWare\Setting\AverageSettingViewModel.cs:line 73
2023-11-06 10:45:56,524[20] ERROR 测量波长错误 
System.TimeoutException: SendMessage Failed : Time Limit Exceeded!
   at ConnectionAssistantLib.ConnectionHelper.SendMessageWithData(String msg, Int32 timeOut, Int32 replyLength) in D:\FWMAutoTest\Code\Connection\ConnectionAssistantLib\ConnectionHelper.cs:line 160
   at FWM8612InteractionLib.FWM8612API.AcquireData(String commandMsg, Int32 replyLength, Int32 timeout) in D:\FWMAutoTest\Code\HardWare\FWM8612InteractionLib\FWM8612API.cs:line 166
   at FWM8612InteractionLib.FWM8612API.ReadCCD_SingleN() in D:\FWMAutoTest\Code\HardWare\FWM8612InteractionLib\FWM8612API.cs:line 70
   at FwmTestHelper.CommonBusiness.HardWare.FWM8612.FWM8612Context.GetCavityDataFromLower() in D:\FWMAutoTest\Code\FwmTestHelper\CommonBusiness\HardWare\FWM8612\FWM8612Context.cs:line 361
   at FwmTestHelper.CommonBusiness.HardWare.FWM8612.FWM8612Context.<StartMeasure>b__50_2() in D:\FWMAutoTest\Code\FwmTestHelper\CommonBusiness\HardWare\FWM8612\FWM8612Context.cs:line 257
2023-11-06 10:48:47,009[20] ERROR 测量波长错误 
System.TimeoutException: SendMessage Failed : Time Limit Exceeded!
   at ConnectionAssistantLib.ConnectionHelper.SendMessageWithData(String msg, Int32 timeOut, Int32 replyLength) in D:\FWMAutoTest\Code\Connection\ConnectionAssistantLib\ConnectionHelper.cs:line 160
   at FWM8612InteractionLib.FWM8612API.AcquireData(String commandMsg, Int32 replyLength, Int32 timeout) in D:\FWMAutoTest\Code\HardWare\FWM8612InteractionLib\FWM8612API.cs:line 166
   at FWM8612InteractionLib.FWM8612API.ReadCCD_SingleN() in D:\FWMAutoTest\Code\HardWare\FWM8612InteractionLib\FWM8612API.cs:line 70
   at FwmTestHelper.CommonBusiness.HardWare.FWM8612.FWM8612Context.GetCavityDataFromLower() in D:\FWMAutoTest\Code\FwmTestHelper\CommonBusiness\HardWare\FWM8612\FWM8612Context.cs:line 361
   at FwmTestHelper.CommonBusiness.HardWare.FWM8612.FWM8612Context.<StartMeasure>b__50_2() in D:\FWMAutoTest\Code\FwmTestHelper\CommonBusiness\HardWare\FWM8612\FWM8612Context.cs:line 257
2023-11-06 10:49:46,342[1] ERROR 开始测量失败 
System.TimeoutException: SendMessage Failed : Time Limit Exceeded!
   at ConnectionAssistantLib.ConnectionHelper.SendMessageWithReply(String msg, Int32 timeOut) in D:\FWMAutoTest\Code\Connection\ConnectionAssistantLib\ConnectionHelper.cs:line 225
   at FWM8612InteractionLib.FWM8612API.AcquireMessage(String commandMsg, Int32 timeout) in D:\FWMAutoTest\Code\HardWare\FWM8612InteractionLib\FWM8612API.cs:line 144
   at FWM8612InteractionLib.FWM8612API.GetCalibrateValidity() in D:\FWMAutoTest\Code\HardWare\FWM8612InteractionLib\FWM8612API.cs:line 402
   at FwmTestHelper.CommonBusiness.HardWare.FWM8612.FWM8612Context.GetParamValidity() in D:\FWMAutoTest\Code\FwmTestHelper\CommonBusiness\HardWare\FWM8612\FWM8612Context.cs:line 761
   at FwmTestHelper.CommonBusiness.HardWare.FWM8612.FWM8612Context.StartMeasure() in D:\FWMAutoTest\Code\FwmTestHelper\CommonBusiness\HardWare\FWM8612\FWM8612Context.cs:line 234
2023-11-06 11:33:34,025[14] ERROR 测量波长错误 
System.Exception: 不存在None段Thin参数！
   at FwmTestHelper.CommonBusiness.HardWare.FWM8612.FWM8612Context.SaveAlgoFizeauParam(WaveBand waveBand, WLThickNess widthType) in D:\FWMAutoTest\Code\FwmTestHelper\CommonBusiness\HardWare\FWM8612\FWM8612Context.cs:line 481
   at FwmTestHelper.CommonBusiness.HardWare.FWM8612.FWM8612Context.CalculateWaveLength(Int32[] thinIntensity, Int32[] thickIntensity, CavityType cavityType, Boolean fit) in D:\FWMAutoTest\Code\FwmTestHelper\CommonBusiness\HardWare\FWM8612\FWM8612Context.cs:line 400
   at FwmTestHelper.CommonBusiness.HardWare.FWM8612.FWM8612Context.<StartMeasure>b__50_2() in D:\FWMAutoTest\Code\FwmTestHelper\CommonBusiness\HardWare\FWM8612\FWM8612Context.cs:line 267
2023-11-06 11:48:20,624[6] ERROR 测量波长错误 
System.Exception: 不存在None段Thin参数！
   at FwmTestHelper.CommonBusiness.HardWare.FWM8612.FWM8612Context.SaveAlgoFizeauParam(WaveBand waveBand, WLThickNess widthType) in D:\FWMAutoTest\Code\FwmTestHelper\CommonBusiness\HardWare\FWM8612\FWM8612Context.cs:line 481
   at FwmTestHelper.CommonBusiness.HardWare.FWM8612.FWM8612Context.CalculateWaveLength(Int32[] thinIntensity, Int32[] thickIntensity, CavityType cavityType, Boolean fit) in D:\FWMAutoTest\Code\FwmTestHelper\CommonBusiness\HardWare\FWM8612\FWM8612Context.cs:line 400
   at FwmTestHelper.CommonBusiness.HardWare.FWM8612.FWM8612Context.<StartMeasure>b__50_2() in D:\FWMAutoTest\Code\FwmTestHelper\CommonBusiness\HardWare\FWM8612\FWM8612Context.cs:line 267
2023-11-06 11:49:26,073[3] ERROR 获取波长值失败 
System.Exception: There are errors in the obtained data!
   at FwmTestHelper.CommonBusiness.HardWare.FWM8612.FWM8612Context.GetWaveLengthFromLower() in D:\FWMAutoTest\Code\FwmTestHelper\CommonBusiness\HardWare\FWM8612\FWM8612Context.cs:line 347
2023-11-06 11:49:26,085[3] ERROR 测量波长错误 
System.Exception: There are errors in the obtained data!
   at FwmTestHelper.CommonBusiness.HardWare.FWM8612.FWM8612Context.GetWaveLengthFromLower() in D:\FWMAutoTest\Code\FwmTestHelper\CommonBusiness\HardWare\FWM8612\FWM8612Context.cs:line 347
   at FwmTestHelper.CommonBusiness.HardWare.FWM8612.FWM8612Context.<StartMeasure>b__50_2() in D:\FWMAutoTest\Code\FwmTestHelper\CommonBusiness\HardWare\FWM8612\FWM8612Context.cs:line 261
2023-11-06 11:49:34,916[19] ERROR 获取波长值失败 
System.Exception: There are errors in the obtained data!
   at FwmTestHelper.CommonBusiness.HardWare.FWM8612.FWM8612Context.GetWaveLengthFromLower() in D:\FWMAutoTest\Code\FwmTestHelper\CommonBusiness\HardWare\FWM8612\FWM8612Context.cs:line 347
2023-11-06 11:49:34,928[19] ERROR 测量波长错误 
System.Exception: There are errors in the obtained data!
   at FwmTestHelper.CommonBusiness.HardWare.FWM8612.FWM8612Context.GetWaveLengthFromLower() in D:\FWMAutoTest\Code\FwmTestHelper\CommonBusiness\HardWare\FWM8612\FWM8612Context.cs:line 347
   at FwmTestHelper.CommonBusiness.HardWare.FWM8612.FWM8612Context.<StartMeasure>b__50_2() in D:\FWMAutoTest\Code\FwmTestHelper\CommonBusiness\HardWare\FWM8612\FWM8612Context.cs:line 261
2023-11-06 11:49:41,768[3] ERROR 获取波长值失败 
System.Exception: There are errors in the obtained data!
   at FwmTestHelper.CommonBusiness.HardWare.FWM8612.FWM8612Context.GetWaveLengthFromLower() in D:\FWMAutoTest\Code\FwmTestHelper\CommonBusiness\HardWare\FWM8612\FWM8612Context.cs:line 347
2023-11-06 11:49:41,781[3] ERROR 测量波长错误 
System.Exception: There are errors in the obtained data!
   at FwmTestHelper.CommonBusiness.HardWare.FWM8612.FWM8612Context.GetWaveLengthFromLower() in D:\FWMAutoTest\Code\FwmTestHelper\CommonBusiness\HardWare\FWM8612\FWM8612Context.cs:line 347
   at FwmTestHelper.CommonBusiness.HardWare.FWM8612.FWM8612Context.<StartMeasure>b__50_2() in D:\FWMAutoTest\Code\FwmTestHelper\CommonBusiness\HardWare\FWM8612\FWM8612Context.cs:line 261
2023-11-06 11:52:05,452[7] ERROR 测量波长错误 
System.Exception: 不存在None段Thin参数！
   at FwmTestHelper.CommonBusiness.HardWare.FWM8612.FWM8612Context.SaveAlgoFizeauParam(WaveBand waveBand, WLThickNess widthType) in D:\FWMAutoTest\Code\FwmTestHelper\CommonBusiness\HardWare\FWM8612\FWM8612Context.cs:line 481
   at FwmTestHelper.CommonBusiness.HardWare.FWM8612.FWM8612Context.CalculateWaveLength(Int32[] thinIntensity, Int32[] thickIntensity, CavityType cavityType, Boolean fit) in D:\FWMAutoTest\Code\FwmTestHelper\CommonBusiness\HardWare\FWM8612\FWM8612Context.cs:line 400
   at FwmTestHelper.CommonBusiness.HardWare.FWM8612.FWM8612Context.<StartMeasure>b__50_2() in D:\FWMAutoTest\Code\FwmTestHelper\CommonBusiness\HardWare\FWM8612\FWM8612Context.cs:line 267
2023-11-06 13:26:51,707[16] ERROR 读取功率校准参数失败 
System.IndexOutOfRangeException: Index was outside the bounds of the array.
   at FwmTestHelper.CommonBusiness.HardWare.FWM8612.FWM8612Context.ReadPowerParamFromLower() in D:\FWMAutoTest\Code\FwmTestHelper\CommonBusiness\HardWare\FWM8612\FWM8612Context.cs:line 852
2023-11-06 13:26:51,887[16] ERROR 获取下位机参数失败 
System.IndexOutOfRangeException: Index was outside the bounds of the array.
   at FwmTestHelper.CommonBusiness.HardWare.FWM8612.FWM8612Context.ReadPowerParamFromLower() in D:\FWMAutoTest\Code\FwmTestHelper\CommonBusiness\HardWare\FWM8612\FWM8612Context.cs:line 852
   at FwmTestHelper.CommonBusiness.HardWare.FWM8612.FWM8612Context.ReadAllLowerComputerParam() in D:\FWMAutoTest\Code\FwmTestHelper\CommonBusiness\HardWare\FWM8612\FWM8612Context.cs:line 784
2023-11-06 13:27:01,285[1] ERROR 连接或断连出现报错 
System.IndexOutOfRangeException: Index was outside the bounds of the array.
   at FwmTestHelper.CommonBusiness.HardWare.FWM8612.FWM8612Context.ReadPowerParamFromLower() in D:\FWMAutoTest\Code\FwmTestHelper\CommonBusiness\HardWare\FWM8612\FWM8612Context.cs:line 852
   at FwmTestHelper.CommonBusiness.HardWare.FWM8612.FWM8612Context.ReadAllLowerComputerParam() in D:\FWMAutoTest\Code\FwmTestHelper\CommonBusiness\HardWare\FWM8612\FWM8612Context.cs:line 784
   at FwmTestHelper.CommonBusiness.HardWare.FWM8612.FWM8612Context.Connect(String ip, Int32 port) in D:\FWMAutoTest\Code\FwmTestHelper\CommonBusiness\HardWare\FWM8612\FWM8612Context.cs:line 118
   at FwmTestHelper.ViewModel.WaveLengthMesure.WaveLengthMeasureViewModel.<ConnectionChange>b__10_0() in D:\FWMAutoTest\Code\FwmTestHelper\ViewModel\WaveLengthMesure\WaveLengthMeasureViewModel.cs:line 97
   at System.Threading.Tasks.Task`1.InnerInvoke()
   at System.Threading.Tasks.Task.<>c.<.cctor>b__272_0(Object obj)
   at System.Threading.ExecutionContext.RunFromThreadPoolDispatchLoop(Thread threadPoolThread, ExecutionContext executionContext, ContextCallback callback, Object state)
--- End of stack trace from previous location ---
   at System.Threading.ExecutionContext.RunFromThreadPoolDispatchLoop(Thread threadPoolThread, ExecutionContext executionContext, ContextCallback callback, Object state)
   at System.Threading.Tasks.Task.ExecuteWithThreadLocal(Task& currentTaskSlot, Thread threadPoolThread)
--- End of stack trace from previous location ---
   at FwmTestHelper.ViewModel.WaveLengthMesure.WaveLengthMeasureViewModel.ConnectionChange() in D:\FWMAutoTest\Code\FwmTestHelper\ViewModel\WaveLengthMesure\WaveLengthMeasureViewModel.cs:line 106
2023-11-06 14:24:08,376[6] ERROR 读取参考光源参数失败 
System.IndexOutOfRangeException: Index was outside the bounds of the array.
   at FwmTestHelper.CommonBusiness.HardWare.FWM8612.LCParamBulider.SetFreqStableWLParam(String[] Ovalues, String[] Cvalues, String[] Lvalues, String[] Evalues, String[] Svalues) in D:\FWMAutoTest\Code\FwmTestHelper\CommonBusiness\HardWare\FWM8612\LCParamBuilder.cs:line 438
   at FwmTestHelper.CommonBusiness.HardWare.FWM8612.FWM8612Context.ReadFreqStableWLParam() in D:\FWMAutoTest\Code\FwmTestHelper\CommonBusiness\HardWare\FWM8612\FWM8612Context.cs:line 917
2023-11-06 14:24:08,430[6] ERROR 获取下位机参数失败 
System.IndexOutOfRangeException: Index was outside the bounds of the array.
   at FwmTestHelper.CommonBusiness.HardWare.FWM8612.LCParamBulider.SetFreqStableWLParam(String[] Ovalues, String[] Cvalues, String[] Lvalues, String[] Evalues, String[] Svalues) in D:\FWMAutoTest\Code\FwmTestHelper\CommonBusiness\HardWare\FWM8612\LCParamBuilder.cs:line 438
   at FwmTestHelper.CommonBusiness.HardWare.FWM8612.FWM8612Context.ReadFreqStableWLParam() in D:\FWMAutoTest\Code\FwmTestHelper\CommonBusiness\HardWare\FWM8612\FWM8612Context.cs:line 917
   at FwmTestHelper.CommonBusiness.HardWare.FWM8612.FWM8612Context.ReadAllLowerComputerParam() in D:\FWMAutoTest\Code\FwmTestHelper\CommonBusiness\HardWare\FWM8612\FWM8612Context.cs:line 787
2023-11-06 14:25:33,531[17] ERROR 初始化硬件失败！ 
System.TimeoutException: SendMessage Failed : Time Limit Exceeded!
   at ConnectionAssistantLib.ConnectionHelper.SendMessageWithReply(String msg, Int32 readDelayTime, Int32 timeOut) in D:\FWMAutoTest\Code\Connection\ConnectionAssistantLib\ConnectionHelper.cs:line 227
   at FWM8612InteractionLib.FWM8612API.AcquireMessage(String commandMsg, Int32 readDelayTime, Int32 timeout) in D:\FWMAutoTest\Code\HardWare\FWM8612InteractionLib\FWM8612API.cs:line 144
   at FWM8612InteractionLib.FWM8612API.MacDefault() in D:\FWMAutoTest\Code\HardWare\FWM8612InteractionLib\FWM8612API.cs:line 740
   at FwmTestHelper.CommonBusiness.HardWare.FWM8612.FWM8612Context.InitialHardWare() in D:\FWMAutoTest\Code\FwmTestHelper\CommonBusiness\HardWare\FWM8612\FWM8612Context.cs:line 144
2023-11-06 14:25:40,847[17] ERROR 初始化硬件失败！ 
System.TimeoutException: SendMessage Failed : Time Limit Exceeded!
   at ConnectionAssistantLib.ConnectionHelper.SendMessageWithReply(String msg, Int32 readDelayTime, Int32 timeOut) in D:\FWMAutoTest\Code\Connection\ConnectionAssistantLib\ConnectionHelper.cs:line 227
   at FWM8612InteractionLib.FWM8612API.AcquireMessage(String commandMsg, Int32 readDelayTime, Int32 timeout) in D:\FWMAutoTest\Code\HardWare\FWM8612InteractionLib\FWM8612API.cs:line 144
   at FWM8612InteractionLib.FWM8612API.MacDefault() in D:\FWMAutoTest\Code\HardWare\FWM8612InteractionLib\FWM8612API.cs:line 740
   at FwmTestHelper.CommonBusiness.HardWare.FWM8612.FWM8612Context.InitialHardWare() in D:\FWMAutoTest\Code\FwmTestHelper\CommonBusiness\HardWare\FWM8612\FWM8612Context.cs:line 144
2023-11-06 15:00:17,144[18] ERROR 获取测量温度错误 
System.TimeoutException: SendMessage Failed : Time Limit Exceeded!
   at ConnectionAssistantLib.ConnectionHelper.SendMessageWithReply(String msg, Int32 readDelayTime, Int32 timeOut) in D:\FWMAutoTest\Code\Connection\ConnectionAssistantLib\ConnectionHelper.cs:line 227
   at FWM8612InteractionLib.FWM8612API.AcquireMessage(String commandMsg, Int32 readDelayTime, Int32 timeout) in D:\FWMAutoTest\Code\HardWare\FWM8612InteractionLib\FWM8612API.cs:line 142
   at FWM8612InteractionLib.FWM8612API.GetTCM_Temperature(Int32 num) in D:\FWMAutoTest\Code\HardWare\FWM8612InteractionLib\FWM8612API.cs:line 1103
   at FwmTestHelper.CommonBusiness.HardWare.FWM8612.FWM8612Context.GetTCM_Temperature(Int32 index) in D:\FWMAutoTest\Code\FwmTestHelper\CommonBusiness\HardWare\FWM8612\FWM8612Context.cs:line 628
   at FwmTestHelper.ViewModel.HardWare.Setting.TemperatureViewModel.<>c__DisplayClass12_0.<ShowTemprature>b__0() in D:\FWMAutoTest\Code\FwmTestHelper\ViewModel\HardWare\State\TemperatureViewModel.cs:line 97
2023-11-06 15:33:07,535[19] ERROR 测量波长错误 
System.Exception: 不存在None段Thin参数！
   at FwmTestHelper.CommonBusiness.HardWare.FWM8612.FWM8612Context.SaveAlgoFizeauParam(WaveBand waveBand, WLThickNess widthType) in D:\FWMAutoTest\Code\FwmTestHelper\CommonBusiness\HardWare\FWM8612\FWM8612Context.cs:line 481
   at FwmTestHelper.CommonBusiness.HardWare.FWM8612.FWM8612Context.CalculateWaveLength(Int32[] thinIntensity, Int32[] thickIntensity, CavityType cavityType, Boolean fit) in D:\FWMAutoTest\Code\FwmTestHelper\CommonBusiness\HardWare\FWM8612\FWM8612Context.cs:line 400
   at FwmTestHelper.CommonBusiness.HardWare.FWM8612.FWM8612Context.<StartMeasure>b__50_2() in D:\FWMAutoTest\Code\FwmTestHelper\CommonBusiness\HardWare\FWM8612\FWM8612Context.cs:line 267
2023-11-06 15:39:12,226[23] ERROR 获取测量温度错误 
System.TimeoutException: SendMessage Failed : Time Limit Exceeded!
   at ConnectionAssistantLib.ConnectionHelper.SendMessageWithReply(String msg, Int32 readDelayTime, Int32 timeOut) in D:\FWMAutoTest\Code\Connection\ConnectionAssistantLib\ConnectionHelper.cs:line 227
   at FWM8612InteractionLib.FWM8612API.AcquireMessage(String commandMsg, Int32 readDelayTime, Int32 timeout) in D:\FWMAutoTest\Code\HardWare\FWM8612InteractionLib\FWM8612API.cs:line 142
   at FWM8612InteractionLib.FWM8612API.GetTCM_Temperature(Int32 num) in D:\FWMAutoTest\Code\HardWare\FWM8612InteractionLib\FWM8612API.cs:line 1103
   at FwmTestHelper.CommonBusiness.HardWare.FWM8612.FWM8612Context.GetTCM_Temperature(Int32 index) in D:\FWMAutoTest\Code\FwmTestHelper\CommonBusiness\HardWare\FWM8612\FWM8612Context.cs:line 663
   at FwmTestHelper.ViewModel.HardWare.Setting.TemperatureViewModel.<>c__DisplayClass12_0.<ShowTemprature>b__0() in D:\FWMAutoTest\Code\FwmTestHelper\ViewModel\HardWare\State\TemperatureViewModel.cs:line 96
2023-11-06 15:39:12,226[24] ERROR 测量波长错误 
System.TimeoutException: SendMessage Failed : Time Limit Exceeded!
   at ConnectionAssistantLib.ConnectionHelper.SendMessageWithData(String msg, Int32 readDelayTime, Int32 timeOut, Int32 replyLength) in D:\FWMAutoTest\Code\Connection\ConnectionAssistantLib\ConnectionHelper.cs:line 176
   at FWM8612InteractionLib.FWM8612API.AcquireData(String commandMsg, Int32 replyLength, Int32 readDelayTime, Int32 timeout) in D:\FWMAutoTest\Code\HardWare\FWM8612InteractionLib\FWM8612API.cs:line 184
   at FWM8612InteractionLib.FWM8612API.ReadCCD_SingleN() in D:\FWMAutoTest\Code\HardWare\FWM8612InteractionLib\FWM8612API.cs:line 72
   at FwmTestHelper.CommonBusiness.HardWare.FWM8612.FWM8612Context.GetCavityDataFromLower() in D:\FWMAutoTest\Code\FwmTestHelper\CommonBusiness\HardWare\FWM8612\FWM8612Context.cs:line 361
   at FwmTestHelper.CommonBusiness.HardWare.FWM8612.FWM8612Context.<StartMeasure>b__50_2() in D:\FWMAutoTest\Code\FwmTestHelper\CommonBusiness\HardWare\FWM8612\FWM8612Context.cs:line 257
2023-11-06 15:43:26,606[21] ERROR 测量波长错误 
System.Exception: 不存在None段Thin参数！
   at FwmTestHelper.CommonBusiness.HardWare.FWM8612.FWM8612Context.SaveAlgoFizeauParam(WaveBand waveBand, WLThickNess widthType) in D:\FWMAutoTest\Code\FwmTestHelper\CommonBusiness\HardWare\FWM8612\FWM8612Context.cs:line 466
   at FwmTestHelper.CommonBusiness.HardWare.FWM8612.FWM8612Context.CalculateWaveLength(Int32[] thinIntensity, Int32[] thickIntensity, CavityType cavityType, Boolean fit) in D:\FWMAutoTest\Code\FwmTestHelper\CommonBusiness\HardWare\FWM8612\FWM8612Context.cs:line 385
   at FwmTestHelper.CommonBusiness.HardWare.FWM8612.FWM8612Context.<StartMeasure>b__42_2() in D:\FWMAutoTest\Code\FwmTestHelper\CommonBusiness\HardWare\FWM8612\FWM8612Context.cs:line 256
2023-11-06 15:43:34,710[6] ERROR 测量波长错误 
System.Exception: 不存在None段Thin参数！
   at FwmTestHelper.CommonBusiness.HardWare.FWM8612.FWM8612Context.SaveAlgoFizeauParam(WaveBand waveBand, WLThickNess widthType) in D:\FWMAutoTest\Code\FwmTestHelper\CommonBusiness\HardWare\FWM8612\FWM8612Context.cs:line 466
   at FwmTestHelper.CommonBusiness.HardWare.FWM8612.FWM8612Context.CalculateWaveLength(Int32[] thinIntensity, Int32[] thickIntensity, CavityType cavityType, Boolean fit) in D:\FWMAutoTest\Code\FwmTestHelper\CommonBusiness\HardWare\FWM8612\FWM8612Context.cs:line 385
   at FwmTestHelper.CommonBusiness.HardWare.FWM8612.FWM8612Context.<StartMeasure>b__42_2() in D:\FWMAutoTest\Code\FwmTestHelper\CommonBusiness\HardWare\FWM8612\FWM8612Context.cs:line 256
2023-11-06 15:46:07,954[19] ERROR 测量波长错误 
System.Exception: 不存在None段Thin参数！
   at FwmTestHelper.CommonBusiness.HardWare.FWM8612.FWM8612Context.SaveAlgoFizeauParam(WaveBand waveBand, WLThickNess widthType) in D:\FWMAutoTest\Code\FwmTestHelper\CommonBusiness\HardWare\FWM8612\FWM8612Context.cs:line 466
   at FwmTestHelper.CommonBusiness.HardWare.FWM8612.FWM8612Context.CalculateWaveLength(Int32[] thinIntensity, Int32[] thickIntensity, CavityType cavityType, Boolean fit) in D:\FWMAutoTest\Code\FwmTestHelper\CommonBusiness\HardWare\FWM8612\FWM8612Context.cs:line 385
   at FwmTestHelper.CommonBusiness.HardWare.FWM8612.FWM8612Context.<StartMeasure>b__42_2() in D:\FWMAutoTest\Code\FwmTestHelper\CommonBusiness\HardWare\FWM8612\FWM8612Context.cs:line 256
2023-11-06 15:46:16,173[6] ERROR 测量波长错误 
System.Exception: 不存在None段Thin参数！
   at FwmTestHelper.CommonBusiness.HardWare.FWM8612.FWM8612Context.SaveAlgoFizeauParam(WaveBand waveBand, WLThickNess widthType) in D:\FWMAutoTest\Code\FwmTestHelper\CommonBusiness\HardWare\FWM8612\FWM8612Context.cs:line 466
   at FwmTestHelper.CommonBusiness.HardWare.FWM8612.FWM8612Context.CalculateWaveLength(Int32[] thinIntensity, Int32[] thickIntensity, CavityType cavityType, Boolean fit) in D:\FWMAutoTest\Code\FwmTestHelper\CommonBusiness\HardWare\FWM8612\FWM8612Context.cs:line 385
   at FwmTestHelper.CommonBusiness.HardWare.FWM8612.FWM8612Context.<StartMeasure>b__42_2() in D:\FWMAutoTest\Code\FwmTestHelper\CommonBusiness\HardWare\FWM8612\FWM8612Context.cs:line 256
2023-11-06 15:46:24,301[26] ERROR 测量波长错误 
System.Exception: 不存在None段Thin参数！
   at FwmTestHelper.CommonBusiness.HardWare.FWM8612.FWM8612Context.SaveAlgoFizeauParam(WaveBand waveBand, WLThickNess widthType) in D:\FWMAutoTest\Code\FwmTestHelper\CommonBusiness\HardWare\FWM8612\FWM8612Context.cs:line 466
   at FwmTestHelper.CommonBusiness.HardWare.FWM8612.FWM8612Context.CalculateWaveLength(Int32[] thinIntensity, Int32[] thickIntensity, CavityType cavityType, Boolean fit) in D:\FWMAutoTest\Code\FwmTestHelper\CommonBusiness\HardWare\FWM8612\FWM8612Context.cs:line 385
   at FwmTestHelper.CommonBusiness.HardWare.FWM8612.FWM8612Context.<StartMeasure>b__42_2() in D:\FWMAutoTest\Code\FwmTestHelper\CommonBusiness\HardWare\FWM8612\FWM8612Context.cs:line 256
2023-11-06 17:56:57,556[1] ERROR 获取设定发生错误 
System.TimeoutException: SendMessage Failed : Time Limit Exceeded!
   at ConnectionAssistantLib.ConnectionHelper.SendMessageWithReply(String msg, Int32 readDelayTime, Int32 timeOut) in D:\FWMAutoTest\Code\Connection\ConnectionAssistantLib\ConnectionHelper.cs:line 203
   at FWM8612InteractionLib.FWM8612API.AcquireMessage(String commandMsg, Int32 readDelayTime, Int32 timeout) in D:\FWMAutoTest\Code\HardWare\FWM8612InteractionLib\FWM8612API.cs:line 146
   at FWM8612InteractionLib.FWM8612API.QueryLastCalibrationTime() in D:\FWMAutoTest\Code\HardWare\FWM8612InteractionLib\FWM8612API.cs:line 398
   at FwmTestHelper.CommonBusiness.HardWare.FWM8612.FWM8612Context.QueryLastCalibrationTime() in D:\FWMAutoTest\Code\FwmTestHelper\CommonBusiness\HardWare\FWM8612\FWM8612Context.cs:line 725
   at FwmTestHelper.ViewModel.HardWare.Setting.CalibrationSettingViewModel.IntialCalibrationSetting() in D:\FWMAutoTest\Code\FwmTestHelper\ViewModel\HardWare\Setting\CalibrationSettingViewModel.cs:line 185
2023-11-06 17:59:07,992[1] ERROR 获取设定发生错误 
System.TimeoutException: SendMessage Failed : Time Limit Exceeded!
   at ConnectionAssistantLib.ConnectionHelper.SendMessageWithReply(String msg, Int32 readDelayTime, Int32 timeOut) in D:\FWMAutoTest\Code\Connection\ConnectionAssistantLib\ConnectionHelper.cs:line 203
   at FWM8612InteractionLib.FWM8612API.AcquireMessage(String commandMsg, Int32 readDelayTime, Int32 timeout) in D:\FWMAutoTest\Code\HardWare\FWM8612InteractionLib\FWM8612API.cs:line 146
   at FWM8612InteractionLib.FWM8612API.QueryLastCalibrationTime() in D:\FWMAutoTest\Code\HardWare\FWM8612InteractionLib\FWM8612API.cs:line 398
   at FwmTestHelper.CommonBusiness.HardWare.FWM8612.FWM8612Context.QueryLastCalibrationTime() in D:\FWMAutoTest\Code\FwmTestHelper\CommonBusiness\HardWare\FWM8612\FWM8612Context.cs:line 725
   at FwmTestHelper.ViewModel.HardWare.Setting.CalibrationSettingViewModel.IntialCalibrationSetting() in D:\FWMAutoTest\Code\FwmTestHelper\ViewModel\HardWare\Setting\CalibrationSettingViewModel.cs:line 185
2023-11-06 18:05:20,685[8] ERROR 连接下位机失败 
System.TimeoutException: Connection Failed : Time Limit Exceeded! 
   at ConnectionAssistantLib.ConnectionHelper.StartConnect(String strIP, Int32 Port, Int32 timeout) in D:\FWMAutoTest\Code\Connection\ConnectionAssistantLib\ConnectionHelper.cs:line 57
   at FWM8612InteractionLib.FWM8612API.Connect(String strIP, Int32 Port) in D:\FWMAutoTest\Code\HardWare\FWM8612InteractionLib\FWM8612API.cs:line 32
   at FwmTestHelper.CommonBusiness.HardWare.FWM8612.FWM8612Context.ConnectLowerComputer(String lcIP, Int32 lcPort) in D:\FWMAutoTest\Code\FwmTestHelper\CommonBusiness\HardWare\FWM8612\FWM8612Context.cs:line 151
2023-11-06 18:05:47,269[14] ERROR 连接下位机失败 
System.TimeoutException: Connection Failed : Time Limit Exceeded! 
   at ConnectionAssistantLib.ConnectionHelper.StartConnect(String strIP, Int32 Port, Int32 timeout) in D:\FWMAutoTest\Code\Connection\ConnectionAssistantLib\ConnectionHelper.cs:line 57
   at FWM8612InteractionLib.FWM8612API.Connect(String strIP, Int32 Port) in D:\FWMAutoTest\Code\HardWare\FWM8612InteractionLib\FWM8612API.cs:line 32
   at FwmTestHelper.CommonBusiness.HardWare.FWM8612.FWM8612Context.ConnectLowerComputer(String lcIP, Int32 lcPort) in D:\FWMAutoTest\Code\FwmTestHelper\CommonBusiness\HardWare\FWM8612\FWM8612Context.cs:line 151
2023-11-06 18:05:52,791[14] ERROR 初始化硬件失败！ 
System.TimeoutException: SendMessage Failed : Time Limit Exceeded!
   at ConnectionAssistantLib.ConnectionHelper.SendMessageWithReply(String msg, Int32 readDelayTime, Int32 timeOut) in D:\FWMAutoTest\Code\Connection\ConnectionAssistantLib\ConnectionHelper.cs:line 203
   at FWM8612InteractionLib.FWM8612API.AcquireMessage(String commandMsg, Int32 readDelayTime, Int32 timeout, Boolean log) in D:\FWMAutoTest\Code\HardWare\FWM8612InteractionLib\FWM8612API.cs:line 146
   at FWM8612InteractionLib.FWM8612API.MacDefault() in D:\FWMAutoTest\Code\HardWare\FWM8612InteractionLib\FWM8612API.cs:line 753
   at FwmTestHelper.CommonBusiness.HardWare.FWM8612.FWM8612Context.InitialHardWare() in D:\FWMAutoTest\Code\FwmTestHelper\CommonBusiness\HardWare\FWM8612\FWM8612Context.cs:line 134
2023-11-06 18:05:58,033[7] ERROR 初始化硬件失败！ 
System.TimeoutException: SendMessage Failed : Time Limit Exceeded!
   at ConnectionAssistantLib.ConnectionHelper.SendMessageWithReply(String msg, Int32 readDelayTime, Int32 timeOut) in D:\FWMAutoTest\Code\Connection\ConnectionAssistantLib\ConnectionHelper.cs:line 203
   at FWM8612InteractionLib.FWM8612API.AcquireMessage(String commandMsg, Int32 readDelayTime, Int32 timeout, Boolean log) in D:\FWMAutoTest\Code\HardWare\FWM8612InteractionLib\FWM8612API.cs:line 146
   at FWM8612InteractionLib.FWM8612API.MacDefault() in D:\FWMAutoTest\Code\HardWare\FWM8612InteractionLib\FWM8612API.cs:line 753
   at FwmTestHelper.CommonBusiness.HardWare.FWM8612.FWM8612Context.InitialHardWare() in D:\FWMAutoTest\Code\FwmTestHelper\CommonBusiness\HardWare\FWM8612\FWM8612Context.cs:line 134
2023-11-06 18:06:14,661[8] ERROR 初始化硬件失败！ 
System.TimeoutException: SendMessage Failed : Time Limit Exceeded!
   at ConnectionAssistantLib.ConnectionHelper.SendMessageWithReply(String msg, Int32 readDelayTime, Int32 timeOut) in D:\FWMAutoTest\Code\Connection\ConnectionAssistantLib\ConnectionHelper.cs:line 203
   at FWM8612InteractionLib.FWM8612API.AcquireMessage(String commandMsg, Int32 readDelayTime, Int32 timeout, Boolean log) in D:\FWMAutoTest\Code\HardWare\FWM8612InteractionLib\FWM8612API.cs:line 146
   at FWM8612InteractionLib.FWM8612API.MacDefault() in D:\FWMAutoTest\Code\HardWare\FWM8612InteractionLib\FWM8612API.cs:line 753
   at FwmTestHelper.CommonBusiness.HardWare.FWM8612.FWM8612Context.InitialHardWare() in D:\FWMAutoTest\Code\FwmTestHelper\CommonBusiness\HardWare\FWM8612\FWM8612Context.cs:line 134
2023-11-06 18:08:33,045[17] ERROR 获取波长值失败 
System.TimeoutException: SendMessage Failed : Time Limit Exceeded!
   at ConnectionAssistantLib.ConnectionHelper.SendMessageWithReply(String msg, Int32 readDelayTime, Int32 timeOut) in D:\FWMAutoTest\Code\Connection\ConnectionAssistantLib\ConnectionHelper.cs:line 203
   at FWM8612InteractionLib.FWM8612API.AcquireMessage(String commandMsg, Int32 readDelayTime, Int32 timeout, Boolean log) in D:\FWMAutoTest\Code\HardWare\FWM8612InteractionLib\FWM8612API.cs:line 146
   at FWM8612InteractionLib.FWM8612API.MeasureWLAndPower() in D:\FWMAutoTest\Code\HardWare\FWM8612InteractionLib\FWM8612API.cs:line 907
   at FwmTestHelper.CommonBusiness.HardWare.FWM8612.FWM8612Context.GetWaveLengthFromLower() in D:\FWMAutoTest\Code\FwmTestHelper\CommonBusiness\HardWare\FWM8612\FWM8612Context.cs:line 327
2023-11-06 18:08:33,080[17] ERROR 测量波长错误 
System.TimeoutException: SendMessage Failed : Time Limit Exceeded!
   at ConnectionAssistantLib.ConnectionHelper.SendMessageWithReply(String msg, Int32 readDelayTime, Int32 timeOut) in D:\FWMAutoTest\Code\Connection\ConnectionAssistantLib\ConnectionHelper.cs:line 203
   at FWM8612InteractionLib.FWM8612API.AcquireMessage(String commandMsg, Int32 readDelayTime, Int32 timeout, Boolean log) in D:\FWMAutoTest\Code\HardWare\FWM8612InteractionLib\FWM8612API.cs:line 146
   at FWM8612InteractionLib.FWM8612API.MeasureWLAndPower() in D:\FWMAutoTest\Code\HardWare\FWM8612InteractionLib\FWM8612API.cs:line 907
   at FwmTestHelper.CommonBusiness.HardWare.FWM8612.FWM8612Context.GetWaveLengthFromLower() in D:\FWMAutoTest\Code\FwmTestHelper\CommonBusiness\HardWare\FWM8612\FWM8612Context.cs:line 327
   at FwmTestHelper.CommonBusiness.HardWare.FWM8612.FWM8612Context.<StartMeasure>b__42_2() in D:\FWMAutoTest\Code\FwmTestHelper\CommonBusiness\HardWare\FWM8612\FWM8612Context.cs:line 250
2023-11-06 18:09:00,954[14] ERROR 获取波长值失败 
System.Exception: There are errors in the obtained data!
   at FwmTestHelper.CommonBusiness.HardWare.FWM8612.FWM8612Context.GetWaveLengthFromLower() in D:\FWMAutoTest\Code\FwmTestHelper\CommonBusiness\HardWare\FWM8612\FWM8612Context.cs:line 332
2023-11-06 18:09:00,961[14] ERROR 测量波长错误 
System.Exception: There are errors in the obtained data!
   at FwmTestHelper.CommonBusiness.HardWare.FWM8612.FWM8612Context.GetWaveLengthFromLower() in D:\FWMAutoTest\Code\FwmTestHelper\CommonBusiness\HardWare\FWM8612\FWM8612Context.cs:line 332
   at FwmTestHelper.CommonBusiness.HardWare.FWM8612.FWM8612Context.<StartMeasure>b__42_2() in D:\FWMAutoTest\Code\FwmTestHelper\CommonBusiness\HardWare\FWM8612\FWM8612Context.cs:line 250
2023-11-06 18:09:13,232[20] ERROR 获取波长值失败 
System.Exception: There are errors in the obtained data!
   at FwmTestHelper.CommonBusiness.HardWare.FWM8612.FWM8612Context.GetWaveLengthFromLower() in D:\FWMAutoTest\Code\FwmTestHelper\CommonBusiness\HardWare\FWM8612\FWM8612Context.cs:line 332
2023-11-06 18:09:13,238[20] ERROR 测量波长错误 
System.Exception: There are errors in the obtained data!
   at FwmTestHelper.CommonBusiness.HardWare.FWM8612.FWM8612Context.GetWaveLengthFromLower() in D:\FWMAutoTest\Code\FwmTestHelper\CommonBusiness\HardWare\FWM8612\FWM8612Context.cs:line 332
   at FwmTestHelper.CommonBusiness.HardWare.FWM8612.FWM8612Context.<StartMeasure>b__42_2() in D:\FWMAutoTest\Code\FwmTestHelper\CommonBusiness\HardWare\FWM8612\FWM8612Context.cs:line 250
2023-11-06 18:10:23,434[20] ERROR 测量波长错误 
System.Exception: 不存在None段Thin参数！
   at FwmTestHelper.CommonBusiness.HardWare.FWM8612.FWM8612Context.SaveAlgoFizeauParam(WaveBand waveBand, WLThickNess widthType) in D:\FWMAutoTest\Code\FwmTestHelper\CommonBusiness\HardWare\FWM8612\FWM8612Context.cs:line 466
   at FwmTestHelper.CommonBusiness.HardWare.FWM8612.FWM8612Context.CalculateWaveLength(Int32[] thinIntensity, Int32[] thickIntensity, CavityType cavityType, Boolean fit) in D:\FWMAutoTest\Code\FwmTestHelper\CommonBusiness\HardWare\FWM8612\FWM8612Context.cs:line 385
   at FwmTestHelper.CommonBusiness.HardWare.FWM8612.FWM8612Context.<StartMeasure>b__42_2() in D:\FWMAutoTest\Code\FwmTestHelper\CommonBusiness\HardWare\FWM8612\FWM8612Context.cs:line 256
2023-11-06 18:11:48,123[19] ERROR 测量波长错误 
System.Exception: 不存在None段Thin参数！
   at FwmTestHelper.CommonBusiness.HardWare.FWM8612.FWM8612Context.SaveAlgoFizeauParam(WaveBand waveBand, WLThickNess widthType) in D:\FWMAutoTest\Code\FwmTestHelper\CommonBusiness\HardWare\FWM8612\FWM8612Context.cs:line 466
   at FwmTestHelper.CommonBusiness.HardWare.FWM8612.FWM8612Context.CalculateWaveLength(Int32[] thinIntensity, Int32[] thickIntensity, CavityType cavityType, Boolean fit) in D:\FWMAutoTest\Code\FwmTestHelper\CommonBusiness\HardWare\FWM8612\FWM8612Context.cs:line 385
   at FwmTestHelper.CommonBusiness.HardWare.FWM8612.FWM8612Context.<StartMeasure>b__42_2() in D:\FWMAutoTest\Code\FwmTestHelper\CommonBusiness\HardWare\FWM8612\FWM8612Context.cs:line 256
2023-11-06 18:13:04,214[23] ERROR 测量波长错误 
System.Exception: 不存在None段Thin参数！
   at FwmTestHelper.CommonBusiness.HardWare.FWM8612.FWM8612Context.SaveAlgoFizeauParam(WaveBand waveBand, WLThickNess widthType) in D:\FWMAutoTest\Code\FwmTestHelper\CommonBusiness\HardWare\FWM8612\FWM8612Context.cs:line 466
   at FwmTestHelper.CommonBusiness.HardWare.FWM8612.FWM8612Context.CalculateWaveLength(Int32[] thinIntensity, Int32[] thickIntensity, CavityType cavityType, Boolean fit) in D:\FWMAutoTest\Code\FwmTestHelper\CommonBusiness\HardWare\FWM8612\FWM8612Context.cs:line 385
   at FwmTestHelper.CommonBusiness.HardWare.FWM8612.FWM8612Context.<StartMeasure>b__42_2() in D:\FWMAutoTest\Code\FwmTestHelper\CommonBusiness\HardWare\FWM8612\FWM8612Context.cs:line 256
2023-11-06 18:18:07,148[26] ERROR 测量波长错误 
System.Exception: 不存在None段Thin参数！
   at FwmTestHelper.CommonBusiness.HardWare.FWM8612.FWM8612Context.SaveAlgoFizeauParam(WaveBand waveBand, WLThickNess widthType) in D:\FWMAutoTest\Code\FwmTestHelper\CommonBusiness\HardWare\FWM8612\FWM8612Context.cs:line 466
   at FwmTestHelper.CommonBusiness.HardWare.FWM8612.FWM8612Context.CalculateWaveLength(Int32[] thinIntensity, Int32[] thickIntensity, CavityType cavityType, Boolean fit) in D:\FWMAutoTest\Code\FwmTestHelper\CommonBusiness\HardWare\FWM8612\FWM8612Context.cs:line 385
   at FwmTestHelper.CommonBusiness.HardWare.FWM8612.FWM8612Context.<StartMeasure>b__42_2() in D:\FWMAutoTest\Code\FwmTestHelper\CommonBusiness\HardWare\FWM8612\FWM8612Context.cs:line 256
2023-11-06 18:18:21,886[27] ERROR 测量波长错误 
System.Exception: 不存在None段Thin参数！
   at FwmTestHelper.CommonBusiness.HardWare.FWM8612.FWM8612Context.SaveAlgoFizeauParam(WaveBand waveBand, WLThickNess widthType) in D:\FWMAutoTest\Code\FwmTestHelper\CommonBusiness\HardWare\FWM8612\FWM8612Context.cs:line 466
   at FwmTestHelper.CommonBusiness.HardWare.FWM8612.FWM8612Context.CalculateWaveLength(Int32[] thinIntensity, Int32[] thickIntensity, CavityType cavityType, Boolean fit) in D:\FWMAutoTest\Code\FwmTestHelper\CommonBusiness\HardWare\FWM8612\FWM8612Context.cs:line 385
   at FwmTestHelper.CommonBusiness.HardWare.FWM8612.FWM8612Context.<StartMeasure>b__42_2() in D:\FWMAutoTest\Code\FwmTestHelper\CommonBusiness\HardWare\FWM8612\FWM8612Context.cs:line 256
