2023-11-16 11:24:35,834[1] ERROR 显示波长错误 
System.Exception: 测量数量超出界限！
   at FwmTestHelper.View.Chart.UcScottPlot.NewDataHandler(Double power, Double wavelength, Boolean refresh) in D:\FWMAutoTest\Code\FwmTestHelper\View\Chart\UcScottPlot.xaml.cs:line 168
2023-11-16 11:24:36,654[1] ERROR 显示波长错误 
System.Exception: 测量数量超出界限！
   at FwmTestHelper.View.Chart.UcScottPlot.NewDataHandler(Double power, Double wavelength, Boolean refresh) in D:\FWMAutoTest\Code\FwmTestHelper\View\Chart\UcScottPlot.xaml.cs:line 168
2023-11-16 11:24:37,206[1] ERROR 显示波长错误 
System.Exception: 测量数量超出界限！
   at FwmTestHelper.View.Chart.UcScottPlot.NewDataHandler(Double power, Double wavelength, Boolean refresh) in D:\FWMAutoTest\Code\FwmTestHelper\View\Chart\UcScottPlot.xaml.cs:line 168
2023-11-16 11:24:37,539[1] ERROR 显示波长错误 
System.Exception: 测量数量超出界限！
   at FwmTestHelper.View.Chart.UcScottPlot.NewDataHandler(Double power, Double wavelength, Boolean refresh) in D:\FWMAutoTest\Code\FwmTestHelper\View\Chart\UcScottPlot.xaml.cs:line 168
2023-11-16 11:24:37,752[1] ERROR 显示波长错误 
System.Exception: 测量数量超出界限！
   at FwmTestHelper.View.Chart.UcScottPlot.NewDataHandler(Double power, Double wavelength, Boolean refresh) in D:\FWMAutoTest\Code\FwmTestHelper\View\Chart\UcScottPlot.xaml.cs:line 168
2023-11-16 11:24:38,089[1] ERROR 显示波长错误 
System.Exception: 测量数量超出界限！
   at FwmTestHelper.View.Chart.UcScottPlot.NewDataHandler(Double power, Double wavelength, Boolean refresh) in D:\FWMAutoTest\Code\FwmTestHelper\View\Chart\UcScottPlot.xaml.cs:line 168
2023-11-16 11:24:38,548[1] ERROR 显示波长错误 
System.Exception: 测量数量超出界限！
   at FwmTestHelper.View.Chart.UcScottPlot.NewDataHandler(Double power, Double wavelength, Boolean refresh) in D:\FWMAutoTest\Code\FwmTestHelper\View\Chart\UcScottPlot.xaml.cs:line 168
2023-11-16 11:24:39,180[1] ERROR 显示波长错误 
System.Exception: 测量数量超出界限！
   at FwmTestHelper.View.Chart.UcScottPlot.NewDataHandler(Double power, Double wavelength, Boolean refresh) in D:\FWMAutoTest\Code\FwmTestHelper\View\Chart\UcScottPlot.xaml.cs:line 168
2023-11-16 11:24:39,829[1] ERROR 显示波长错误 
System.Exception: 测量数量超出界限！
   at FwmTestHelper.View.Chart.UcScottPlot.NewDataHandler(Double power, Double wavelength, Boolean refresh) in D:\FWMAutoTest\Code\FwmTestHelper\View\Chart\UcScottPlot.xaml.cs:line 168
2023-11-16 11:24:40,485[1] ERROR 显示波长错误 
System.Exception: 测量数量超出界限！
   at FwmTestHelper.View.Chart.UcScottPlot.NewDataHandler(Double power, Double wavelength, Boolean refresh) in D:\FWMAutoTest\Code\FwmTestHelper\View\Chart\UcScottPlot.xaml.cs:line 168
2023-11-16 11:24:42,425[1] ERROR 显示波长错误 
System.Exception: 测量数量超出界限！
   at FwmTestHelper.View.Chart.UcScottPlot.NewDataHandler(Double power, Double wavelength, Boolean refresh) in D:\FWMAutoTest\Code\FwmTestHelper\View\Chart\UcScottPlot.xaml.cs:line 168
2023-11-16 11:24:42,929[1] ERROR 显示波长错误 
System.Exception: 测量数量超出界限！
   at FwmTestHelper.View.Chart.UcScottPlot.NewDataHandler(Double power, Double wavelength, Boolean refresh) in D:\FWMAutoTest\Code\FwmTestHelper\View\Chart\UcScottPlot.xaml.cs:line 168
2023-11-16 11:24:43,108[1] ERROR 显示波长错误 
System.Exception: 测量数量超出界限！
   at FwmTestHelper.View.Chart.UcScottPlot.NewDataHandler(Double power, Double wavelength, Boolean refresh) in D:\FWMAutoTest\Code\FwmTestHelper\View\Chart\UcScottPlot.xaml.cs:line 168
2023-11-16 11:24:43,282[1] ERROR 显示波长错误 
System.Exception: 测量数量超出界限！
   at FwmTestHelper.View.Chart.UcScottPlot.NewDataHandler(Double power, Double wavelength, Boolean refresh) in D:\FWMAutoTest\Code\FwmTestHelper\View\Chart\UcScottPlot.xaml.cs:line 168
2023-11-16 11:24:43,460[1] ERROR 显示波长错误 
System.Exception: 测量数量超出界限！
   at FwmTestHelper.View.Chart.UcScottPlot.NewDataHandler(Double power, Double wavelength, Boolean refresh) in D:\FWMAutoTest\Code\FwmTestHelper\View\Chart\UcScottPlot.xaml.cs:line 168
2023-11-16 11:24:43,639[1] ERROR 显示波长错误 
System.Exception: 测量数量超出界限！
   at FwmTestHelper.View.Chart.UcScottPlot.NewDataHandler(Double power, Double wavelength, Boolean refresh) in D:\FWMAutoTest\Code\FwmTestHelper\View\Chart\UcScottPlot.xaml.cs:line 168
2023-11-16 11:24:43,818[1] ERROR 显示波长错误 
System.Exception: 测量数量超出界限！
   at FwmTestHelper.View.Chart.UcScottPlot.NewDataHandler(Double power, Double wavelength, Boolean refresh) in D:\FWMAutoTest\Code\FwmTestHelper\View\Chart\UcScottPlot.xaml.cs:line 168
2023-11-16 11:24:43,989[1] ERROR 显示波长错误 
System.Exception: 测量数量超出界限！
   at FwmTestHelper.View.Chart.UcScottPlot.NewDataHandler(Double power, Double wavelength, Boolean refresh) in D:\FWMAutoTest\Code\FwmTestHelper\View\Chart\UcScottPlot.xaml.cs:line 168
2023-11-16 11:24:44,144[1] ERROR 显示波长错误 
System.Exception: 测量数量超出界限！
   at FwmTestHelper.View.Chart.UcScottPlot.NewDataHandler(Double power, Double wavelength, Boolean refresh) in D:\FWMAutoTest\Code\FwmTestHelper\View\Chart\UcScottPlot.xaml.cs:line 168
2023-11-16 11:29:59,705[21] ERROR 波长折线图刷新发生错误 
System.Exception: 测量数量超出界限！
   at FwmTestHelper.View.Chart.UcScottPlot.NewDataHandler(Double power, Double wavelength, Boolean refresh) in D:\FWMAutoTest\Code\FwmTestHelper\View\Chart\UcScottPlot.xaml.cs:line 170
   at FwmTestHelper.ViewModel.Chart.WaveLengthChartViewModel.<>c__DisplayClass38_0.<RefreshVisual>b__0() in D:\FWMAutoTest\Code\FwmTestHelper\ViewModel\Chart\WaveLengthChartViewModel.cs:line 413
   at System.Windows.Threading.DispatcherOperation.InvokeDelegateCore()
   at System.Windows.Threading.DispatcherOperation.InvokeImpl()
--- End of stack trace from previous location ---
   at System.Windows.Threading.DispatcherOperation.Wait(TimeSpan timeout)
   at System.Windows.Threading.Dispatcher.InvokeImpl(DispatcherOperation operation, CancellationToken cancellationToken, TimeSpan timeout)
   at System.Windows.Threading.Dispatcher.Invoke(Action callback, DispatcherPriority priority, CancellationToken cancellationToken, TimeSpan timeout)
   at System.Windows.Threading.Dispatcher.Invoke(Action callback)
   at FwmTestHelper.ViewModel.Chart.WaveLengthChartViewModel.RefreshVisual(CancellationToken cancellationToken) in D:\FWMAutoTest\Code\FwmTestHelper\ViewModel\Chart\WaveLengthChartViewModel.cs:line 411
2023-11-16 11:29:59,705[17] ERROR 测量波长错误 
System.TimeoutException: Acquire Data Failed : Time Limit Exceeded!
   at ConnectionAssistantLib.ConnectionHelper.SendMessageWithData(String msg, Int64& elapsedTime, Int32 timeOut, Int32 replyLength) in D:\FWMAutoTest\Code\Connection\ConnectionAssistantLib\ConnectionHelper.cs:line 165
   at FWM8612InteractionLib.FWM8612API.AcquireData(String commandMsg, Int32 replyLength, Int32 timeout) in D:\FWMAutoTest\Code\HardWare\FWM8612InteractionLib\FWM8612API.cs:line 113
   at FWM8612InteractionLib.FWM8612API.ReadCCD_SingleN() in D:\FWMAutoTest\Code\HardWare\FWM8612InteractionLib\FWM8612API.cs:line 163
   at FwmTestHelper.CommonBusiness.HardWare.FWM8612.FWM8612Context.GetCavityDataFromLower() in D:\FWMAutoTest\Code\FwmTestHelper\CommonBusiness\HardWare\FWM8612\FWM8612Context.cs:line 317
   at FwmTestHelper.CommonBusiness.HardWare.FWM8612.FWM8612Context.<StartMeasure>b__33_2() in D:\FWMAutoTest\Code\FwmTestHelper\CommonBusiness\HardWare\FWM8612\FWM8612Context.cs:line 219
2023-11-16 11:36:26,860[18] ERROR 测量波长错误 
System.TimeoutException: Acquire Data Failed : Time Limit Exceeded!
   at ConnectionAssistantLib.ConnectionHelper.SendMessageWithData(String msg, Int64& elapsedTime, Int32 timeOut, Int32 replyLength) in D:\FWMAutoTest\Code\Connection\ConnectionAssistantLib\ConnectionHelper.cs:line 165
   at FWM8612InteractionLib.FWM8612API.AcquireData(String commandMsg, Int32 replyLength, Int32 timeout) in D:\FWMAutoTest\Code\HardWare\FWM8612InteractionLib\FWM8612API.cs:line 113
   at FWM8612InteractionLib.FWM8612API.ReadCCD_SingleN() in D:\FWMAutoTest\Code\HardWare\FWM8612InteractionLib\FWM8612API.cs:line 163
   at FwmTestHelper.CommonBusiness.HardWare.FWM8612.FWM8612Context.GetCavityDataFromLower() in D:\FWMAutoTest\Code\FwmTestHelper\CommonBusiness\HardWare\FWM8612\FWM8612Context.cs:line 317
   at FwmTestHelper.CommonBusiness.HardWare.FWM8612.FWM8612Context.<StartMeasure>b__33_2() in D:\FWMAutoTest\Code\FwmTestHelper\CommonBusiness\HardWare\FWM8612\FWM8612Context.cs:line 219
2023-11-16 13:51:25,584[1] ERROR UI线程发生未处理错误 
System.ObjectDisposedException: The CancellationTokenSource has been disposed.
   at System.Threading.CancellationTokenSource.Cancel()
   at FwmTestHelper.ViewModel.Chart.WaveLengthChartViewModel.TurnSwitchVisualThread(Boolean onOff) in D:\FWMAutoTest\Code\FwmTestHelper\ViewModel\Chart\WaveLengthChartViewModel.cs:line 393
   at FwmTestHelper.ViewModel.Chart.WaveLengthChartViewModel.Unloaded() in D:\FWMAutoTest\Code\FwmTestHelper\ViewModel\Chart\WaveLengthChartViewModel.cs:line 155
   at CommunityToolkit.Mvvm.Input.RelayCommand.Execute(Object parameter)
   at Microsoft.Xaml.Behaviors.InvokeCommandAction.Invoke(Object parameter)
   at Microsoft.Xaml.Behaviors.TriggerBase.InvokeActions(Object parameter)
   at Microsoft.Xaml.Behaviors.EventTriggerBase.OnEvent(EventArgs eventArgs)
   at Microsoft.Xaml.Behaviors.EventTriggerBase.OnEventImpl(Object sender, EventArgs eventArgs)
   at System.Windows.RoutedEventHandlerInfo.InvokeHandler(Object target, RoutedEventArgs routedEventArgs)
   at System.Windows.EventRoute.InvokeHandlersImpl(Object source, RoutedEventArgs args, Boolean reRaised)
   at System.Windows.UIElement.RaiseEventImpl(DependencyObject sender, RoutedEventArgs args)
   at System.Windows.UIElement.RaiseEvent(RoutedEventArgs e)
   at System.Windows.BroadcastEventHelper.BroadcastEvent(DependencyObject root, RoutedEvent routedEvent)
   at System.Windows.BroadcastEventHelper.BroadcastUnloadedEvent(Object root)
   at System.Windows.Media.MediaContext.FireLoadedPendingCallbacks()
   at System.Windows.Media.MediaContext.FireInvokeOnRenderCallbacks()
   at System.Windows.Media.MediaContext.RenderMessageHandlerCore(Object resizedCompositionTarget)
   at System.Windows.Media.MediaContext.RenderMessageHandler(Object resizedCompositionTarget)
   at System.Windows.Threading.ExceptionWrapper.InternalRealCall(Delegate callback, Object args, Int32 numArgs)
   at System.Windows.Threading.ExceptionWrapper.TryCatchWhen(Object source, Delegate callback, Object args, Int32 numArgs, Delegate catchHandler)
2023-11-16 13:51:25,710[1] ERROR 非UI线程发生未处理错误 
System.ObjectDisposedException: The CancellationTokenSource has been disposed.
   at System.Threading.CancellationTokenSource.Cancel()
   at FwmTestHelper.ViewModel.Chart.WaveLengthChartViewModel.TurnSwitchVisualThread(Boolean onOff) in D:\FWMAutoTest\Code\FwmTestHelper\ViewModel\Chart\WaveLengthChartViewModel.cs:line 393
   at FwmTestHelper.ViewModel.Chart.WaveLengthChartViewModel.Unloaded() in D:\FWMAutoTest\Code\FwmTestHelper\ViewModel\Chart\WaveLengthChartViewModel.cs:line 155
   at CommunityToolkit.Mvvm.Input.RelayCommand.Execute(Object parameter)
   at Microsoft.Xaml.Behaviors.InvokeCommandAction.Invoke(Object parameter)
   at Microsoft.Xaml.Behaviors.TriggerBase.InvokeActions(Object parameter)
   at Microsoft.Xaml.Behaviors.EventTriggerBase.OnEvent(EventArgs eventArgs)
   at Microsoft.Xaml.Behaviors.EventTriggerBase.OnEventImpl(Object sender, EventArgs eventArgs)
   at System.Windows.RoutedEventHandlerInfo.InvokeHandler(Object target, RoutedEventArgs routedEventArgs)
   at System.Windows.EventRoute.InvokeHandlersImpl(Object source, RoutedEventArgs args, Boolean reRaised)
   at System.Windows.UIElement.RaiseEventImpl(DependencyObject sender, RoutedEventArgs args)
   at System.Windows.UIElement.RaiseEvent(RoutedEventArgs e)
   at System.Windows.BroadcastEventHelper.BroadcastEvent(DependencyObject root, RoutedEvent routedEvent)
   at System.Windows.BroadcastEventHelper.BroadcastUnloadedEvent(Object root)
   at System.Windows.Media.MediaContext.FireLoadedPendingCallbacks()
   at System.Windows.Media.MediaContext.FireInvokeOnRenderCallbacks()
   at System.Windows.Media.MediaContext.RenderMessageHandlerCore(Object resizedCompositionTarget)
   at System.Windows.Media.MediaContext.RenderMessageHandler(Object resizedCompositionTarget)
   at System.Windows.Threading.ExceptionWrapper.InternalRealCall(Delegate callback, Object args, Int32 numArgs)
   at System.Windows.Threading.ExceptionWrapper.TryCatchWhen(Object source, Delegate callback, Object args, Int32 numArgs, Delegate catchHandler)
   at System.Windows.Threading.DispatcherOperation.InvokeImpl()
   at System.Windows.Threading.DispatcherOperation.InvokeInSecurityContext(Object state)
   at MS.Internal.CulturePreservingExecutionContext.CallbackWrapper(Object obj)
   at System.Threading.ExecutionContext.RunInternal(ExecutionContext executionContext, ContextCallback callback, Object state)
--- End of stack trace from previous location ---
   at System.Threading.ExecutionContext.RunInternal(ExecutionContext executionContext, ContextCallback callback, Object state)
   at System.Threading.ExecutionContext.Run(ExecutionContext executionContext, ContextCallback callback, Object state)
   at MS.Internal.CulturePreservingExecutionContext.Run(CulturePreservingExecutionContext executionContext, ContextCallback callback, Object state)
   at System.Windows.Threading.DispatcherOperation.Invoke()
   at System.Windows.Threading.Dispatcher.ProcessQueue()
   at System.Windows.Threading.Dispatcher.WndProcHook(IntPtr hwnd, Int32 msg, IntPtr wParam, IntPtr lParam, Boolean& handled)
   at MS.Win32.HwndWrapper.WndProc(IntPtr hwnd, Int32 msg, IntPtr wParam, IntPtr lParam, Boolean& handled)
   at MS.Win32.HwndSubclass.DispatcherCallbackOperation(Object o)
   at System.Windows.Threading.ExceptionWrapper.InternalRealCall(Delegate callback, Object args, Int32 numArgs)
   at System.Windows.Threading.ExceptionWrapper.TryCatchWhen(Object source, Delegate callback, Object args, Int32 numArgs, Delegate catchHandler)
   at System.Windows.Threading.Dispatcher.LegacyInvokeImpl(DispatcherPriority priority, TimeSpan timeout, Delegate method, Object args, Int32 numArgs)
   at MS.Win32.HwndSubclass.SubclassWndProc(IntPtr hwnd, Int32 msg, IntPtr wParam, IntPtr lParam)
   at MS.Win32.UnsafeNativeMethods.DispatchMessage(MSG& msg)
   at System.Windows.Threading.Dispatcher.PushFrameImpl(DispatcherFrame frame)
   at System.Windows.Threading.Dispatcher.PushFrame(DispatcherFrame frame)
   at System.Windows.Threading.Dispatcher.Run()
   at System.Windows.Application.RunDispatcher(Object ignore)
   at System.Windows.Application.RunInternal(Window window)
   at System.Windows.Application.Run()
   at FwmTestHelper.App.Main()
2023-11-16 15:04:22,652[17] ERROR 测量波长错误 
System.TimeoutException: Acquire Data Failed : Time Limit Exceeded!
   at ConnectionAssistantLib.ConnectionHelper.SendMessageWithData(String msg, Int64& elapsedTime, Int32 timeOut, Int32 replyLength) in D:\FWMAutoTest\Code\Connection\ConnectionAssistantLib\ConnectionHelper.cs:line 165
   at FWM8612InteractionLib.FWM8612API.AcquireData(String commandMsg, Int32 replyLength, Int32 timeout) in D:\FWMAutoTest\Code\HardWare\FWM8612InteractionLib\FWM8612API.cs:line 113
   at FWM8612InteractionLib.FWM8612API.ReadCCD_SingleN() in D:\FWMAutoTest\Code\HardWare\FWM8612InteractionLib\FWM8612API.cs:line 163
   at FwmTestHelper.CommonBusiness.HardWare.FWM8612.FWM8612Context.GetCavityDataFromLower() in D:\FWMAutoTest\Code\FwmTestHelper\CommonBusiness\HardWare\FWM8612\FWM8612Context.cs:line 317
   at FwmTestHelper.CommonBusiness.HardWare.FWM8612.FWM8612Context.<StartMeasure>b__33_2() in D:\FWMAutoTest\Code\FwmTestHelper\CommonBusiness\HardWare\FWM8612\FWM8612Context.cs:line 219
2023-11-16 16:07:35,245[16] ERROR 测量波长错误 
System.TimeoutException: Acquire Data Failed : Time Limit Exceeded!
   at ConnectionAssistantLib.ConnectionHelper.SendMessageWithData(String msg, Int64& elapsedTime, Int32 timeOut, Int32 replyLength) in D:\FWMAutoTest\Code\Connection\ConnectionAssistantLib\ConnectionHelper.cs:line 165
   at FWM8612InteractionLib.FWM8612API.AcquireData(String commandMsg, Int32 replyLength, Int32 timeout) in D:\FWMAutoTest\Code\HardWare\FWM8612InteractionLib\FWM8612API.cs:line 113
   at FWM8612InteractionLib.FWM8612API.ReadCCD_SingleN() in D:\FWMAutoTest\Code\HardWare\FWM8612InteractionLib\FWM8612API.cs:line 163
   at FwmTestHelper.CommonBusiness.HardWare.FWM8612.FWM8612Context.GetCavityDataFromLower() in D:\FWMAutoTest\Code\FwmTestHelper\CommonBusiness\HardWare\FWM8612\FWM8612Context.cs:line 317
   at FwmTestHelper.CommonBusiness.HardWare.FWM8612.FWM8612Context.<StartMeasure>b__33_2() in D:\FWMAutoTest\Code\FwmTestHelper\CommonBusiness\HardWare\FWM8612\FWM8612Context.cs:line 219
2023-11-16 16:51:17,995[18] ERROR 测量波长错误 
System.TimeoutException: Acquire Data Failed : Time Limit Exceeded!
   at ConnectionAssistantLib.ConnectionHelper.SendMessageWithData(String msg, Int64& elapsedTime, Int32 timeOut, Int32 replyLength) in D:\FWMAutoTest\Code\Connection\ConnectionAssistantLib\ConnectionHelper.cs:line 165
   at FWM8612InteractionLib.FWM8612API.AcquireData(String commandMsg, Int32 replyLength, Int32 timeout) in D:\FWMAutoTest\Code\HardWare\FWM8612InteractionLib\FWM8612API.cs:line 113
   at FWM8612InteractionLib.FWM8612API.ReadCCD_SingleN() in D:\FWMAutoTest\Code\HardWare\FWM8612InteractionLib\FWM8612API.cs:line 163
   at FwmTestHelper.CommonBusiness.HardWare.FWM8612.FWM8612Context.GetCavityDataFromLower() in D:\FWMAutoTest\Code\FwmTestHelper\CommonBusiness\HardWare\FWM8612\FWM8612Context.cs:line 317
   at FwmTestHelper.CommonBusiness.HardWare.FWM8612.FWM8612Context.<StartMeasure>b__33_2() in D:\FWMAutoTest\Code\FwmTestHelper\CommonBusiness\HardWare\FWM8612\FWM8612Context.cs:line 219
