2023-11-27 14:21:02,973[1] ERROR UI线程发生未处理错误 
System.OutOfMemoryException: Exception of type 'System.OutOfMemoryException' was thrown.
   at MS.Internal.PtsHost.PtsHelper.ParaListFromTrack(PtsContext ptsContext, IntPtr track, FSTRACKDETAILS& trackDetails, FSPARADESCRIPTION[]& arrayParaDesc)
   at MS.Internal.PtsHost.PtsHelper.UpdateViewportTrack(PtsContext ptsContext, FSTRACKDESCRIPTION& trackDesc, FSRECT& viewport)
   at MS.Internal.PtsHost.PtsPage.UpdateViewport(FSRECT& viewport)
   at MS.Internal.PtsHost.FlowDocumentPage.UpdateViewport(FSRECT& viewport, Boolean drawBackground)
   at MS.Internal.Documents.FlowDocumentFormatter.Arrange(Size arrangeSize, Rect viewport)
   at MS.Internal.Documents.FlowDocumentView.ArrangeOverride(Size arrangeSize)
   at System.Windows.FrameworkElement.ArrangeCore(Rect finalRect)
   at System.Windows.UIElement.Arrange(Rect finalRect)
   at System.Windows.ContextLayoutManager.UpdateLayout()
   at System.Windows.UIElement.UpdateLayout()
   at System.Windows.Controls.Primitives.TextBoxBase.ScrollToEnd()
   at Common.CommonUILib.CustomUserControl.Log.UCLogViewer.<>c__DisplayClass1_0.<AddLog>b__0() in D:\FWMAutoTest\Code\Common\CommonUILib\CustomUserControl\Log\UcLogViewer.xaml.cs:line 57
   at System.Windows.Threading.ExceptionWrapper.InternalRealCall(Delegate callback, Object args, Int32 numArgs)
   at System.Windows.Threading.ExceptionWrapper.TryCatchWhen(Object source, Delegate callback, Object args, Int32 numArgs, Delegate catchHandler)
2023-11-27 14:21:05,084[1] ERROR 非UI线程发生未处理错误 
System.OutOfMemoryException: Exception of type 'System.OutOfMemoryException' was thrown.
   at MS.Internal.PtsHost.PtsHelper.ParaListFromTrack(PtsContext ptsContext, IntPtr track, FSTRACKDETAILS& trackDetails, FSPARADESCRIPTION[]& arrayParaDesc)
   at MS.Internal.PtsHost.PtsHelper.UpdateViewportTrack(PtsContext ptsContext, FSTRACKDESCRIPTION& trackDesc, FSRECT& viewport)
   at MS.Internal.PtsHost.PtsPage.UpdateViewport(FSRECT& viewport)
   at MS.Internal.PtsHost.FlowDocumentPage.UpdateViewport(FSRECT& viewport, Boolean drawBackground)
   at MS.Internal.Documents.FlowDocumentFormatter.Arrange(Size arrangeSize, Rect viewport)
   at MS.Internal.Documents.FlowDocumentView.ArrangeOverride(Size arrangeSize)
   at System.Windows.FrameworkElement.ArrangeCore(Rect finalRect)
   at System.Windows.UIElement.Arrange(Rect finalRect)
   at System.Windows.ContextLayoutManager.UpdateLayout()
   at System.Windows.UIElement.UpdateLayout()
   at System.Windows.Controls.Primitives.TextBoxBase.ScrollToEnd()
   at Common.CommonUILib.CustomUserControl.Log.UCLogViewer.<>c__DisplayClass1_0.<AddLog>b__0() in D:\FWMAutoTest\Code\Common\CommonUILib\CustomUserControl\Log\UcLogViewer.xaml.cs:line 57
   at System.Windows.Threading.ExceptionWrapper.InternalRealCall(Delegate callback, Object args, Int32 numArgs)
   at System.Windows.Threading.ExceptionWrapper.TryCatchWhen(Object source, Delegate callback, Object args, Int32 numArgs, Delegate catchHandler)
   at System.Windows.Threading.DispatcherOperation.InvokeImpl()
   at System.Windows.Threading.DispatcherOperation.InvokeInSecurityContext(Object state)
   at MS.Internal.CulturePreservingExecutionContext.CallbackWrapper(Object obj)
   at System.Threading.ExecutionContext.RunInternal(ExecutionContext executionContext, ContextCallback callback, Object state)
--- End of stack trace from previous location ---
   at System.Threading.ExecutionContext.RunInternal(ExecutionContext executionContext, ContextCallback callback, Object state)
   at System.Threading.ExecutionContext.Run(ExecutionContext executionContext, ContextCallback callback, Object state)
   at MS.Internal.CulturePreservingExecutionContext.Run(CulturePreservingExecutionContext executionContext, ContextCallback callback, Object state)
   at System.Windows.Threading.DispatcherOperation.Invoke()
   at System.Windows.Threading.Dispatcher.ProcessQueue()
   at System.Windows.Threading.Dispatcher.WndProcHook(IntPtr hwnd, Int32 msg, IntPtr wParam, IntPtr lParam, Boolean& handled)
   at MS.Win32.HwndWrapper.WndProc(IntPtr hwnd, Int32 msg, IntPtr wParam, IntPtr lParam, Boolean& handled)
   at MS.Win32.HwndSubclass.DispatcherCallbackOperation(Object o)
   at System.Windows.Threading.ExceptionWrapper.InternalRealCall(Delegate callback, Object args, Int32 numArgs)
   at System.Windows.Threading.ExceptionWrapper.TryCatchWhen(Object source, Delegate callback, Object args, Int32 numArgs, Delegate catchHandler)
   at System.Windows.Threading.Dispatcher.LegacyInvokeImpl(DispatcherPriority priority, TimeSpan timeout, Delegate method, Object args, Int32 numArgs)
   at MS.Win32.HwndSubclass.SubclassWndProc(IntPtr hwnd, Int32 msg, IntPtr wParam, IntPtr lParam)
   at MS.Win32.UnsafeNativeMethods.DispatchMessage(MSG& msg)
   at System.Windows.Threading.Dispatcher.PushFrameImpl(DispatcherFrame frame)
   at System.Windows.Threading.Dispatcher.PushFrame(DispatcherFrame frame)
   at System.Windows.Threading.Dispatcher.Run()
   at System.Windows.Application.RunDispatcher(Object ignore)
   at System.Windows.Application.RunInternal(Window window)
   at System.Windows.Application.Run()
   at FwmTestHelper.App.Main()
