2024-01-22 14:50:49,874[1] ERROR UI线程发生未处理错误 
System.Windows.ResourceReferenceKeyNotFoundException: 未找到“po”资源。
   at MS.Internal.Helper.FindResourceHelper.DoTryCatchWhen(Object arg)
   at System.Windows.Threading.ExceptionWrapper.InternalRealCall(Delegate callback, Object args, Int32 numArgs)
   at System.Windows.Threading.ExceptionWrapper.TryCatchWhen(Object source, Delegate callback, Object args, Int32 numArgs, Delegate catchHandler)
2024-01-22 14:51:08,960[1] ERROR UI线程发生未处理错误 
System.Windows.ResourceReferenceKeyNotFoundException: 未找到“positiveBool2VisibleConverte”资源。
   at MS.Internal.Helper.FindResourceHelper.DoTryCatchWhen(Object arg)
   at System.Windows.Threading.ExceptionWrapper.InternalRealCall(Delegate callback, Object args, Int32 numArgs)
   at System.Windows.Threading.ExceptionWrapper.TryCatchWhen(Object source, Delegate callback, Object args, Int32 numArgs, Delegate catchHandler)
2024-01-22 14:51:10,320[1] ERROR UI线程发生未处理错误 
System.Windows.ResourceReferenceKeyNotFoundException: 未找到“positi”资源。
   at MS.Internal.Helper.FindResourceHelper.DoTryCatchWhen(Object arg)
   at System.Windows.Threading.ExceptionWrapper.InternalRealCall(Delegate callback, Object args, Int32 numArgs)
   at System.Windows.Threading.ExceptionWrapper.TryCatchWhen(Object source, Delegate callback, Object args, Int32 numArgs, Delegate catchHandler)
2024-01-22 15:44:33,160[1] ERROR 获取仪表信息发生错误 
System.Exception: Connection was Broke!
   at Semight.Fwm.HardWare.FWM8612InteractionLib.FWM8612_API.AcquireMessage(String commandMsg, Int32 timeout) in D:\Semight.Fwm.Fwm8612\Code\03Semight.Fwm.HardWare\Implement\Semight.Fwm.HardWare.FWM8612InteractionLib\FWM8612_API.cs:line 109
   at Semight.Fwm.HardWare.FWM8612InteractionLib.FWM8612_API.QueryIDN() in D:\Semight.Fwm.Fwm8612\Code\03Semight.Fwm.HardWare\Implement\Semight.Fwm.HardWare.FWM8612InteractionLib\FWM8612_API.cs:line 267
   at Semight.Fwm.HardWare.HardwarePlatform.FWM8612.FWM8612Context.QueryIDN() in D:\Semight.Fwm.Fwm8612\Code\03Semight.Fwm.HardWare\Platform\Semight.Fwm.HardWare.HardwarePlatform\FWM8612\FWM8612Context.cs:line 161
   at Semight.Fwm.Fwm8612Helper.ViewModel.HardWare.Setting.HardWareSnViewModel.InitialIDN() in D:\Semight.Fwm.Fwm8612\Code\Semight.Fwm.Fwm8612Helper\ViewModel\HardWare\Setting\HardWareSnViewModel.cs:line 59
2024-01-22 15:44:35,237[1] ERROR 获取设定发生错误 
System.Exception: Connection was Broke!
   at Semight.Fwm.HardWare.FWM8612InteractionLib.FWM8612_API.AcquireMessage(String commandMsg, Int32 timeout) in D:\Semight.Fwm.Fwm8612\Code\03Semight.Fwm.HardWare\Implement\Semight.Fwm.HardWare.FWM8612InteractionLib\FWM8612_API.cs:line 109
   at Semight.Fwm.HardWare.FWM8612InteractionLib.FWM8612_API.GetFPGA_IntergrationTime() in D:\Semight.Fwm.Fwm8612\Code\03Semight.Fwm.HardWare\Implement\Semight.Fwm.HardWare.FWM8612InteractionLib\FWM8612_API.cs:line 585
   at Semight.Fwm.HardWare.HardwarePlatform.FWM8612.FWM8612Context.GetFPGA_IntergrationTime() in D:\Semight.Fwm.Fwm8612\Code\03Semight.Fwm.HardWare\Platform\Semight.Fwm.HardWare.HardwarePlatform\FWM8612\FWM8612Context.cs:line 233
   at Semight.Fwm.Fwm8612Helper.ViewModel.HardWare.Setting.ExposureSettingViewModel.InitialExpoSettings() in D:\Semight.Fwm.Fwm8612\Code\Semight.Fwm.Fwm8612Helper\ViewModel\HardWare\Setting\ExposureSettingViewModel.cs:line 121
2024-01-22 15:44:36,358[1] ERROR 获取设定发生错误 
System.Exception: Connection was Broke!
   at Semight.Fwm.HardWare.FWM8612InteractionLib.FWM8612_API.AcquireMessage(String commandMsg, Int32 timeout) in D:\Semight.Fwm.Fwm8612\Code\03Semight.Fwm.HardWare\Implement\Semight.Fwm.HardWare.FWM8612InteractionLib\FWM8612_API.cs:line 109
   at Semight.Fwm.HardWare.FWM8612InteractionLib.FWM8612_API.GetCalculatingAverage() in D:\Semight.Fwm.Fwm8612\Code\03Semight.Fwm.HardWare\Implement\Semight.Fwm.HardWare.FWM8612InteractionLib\FWM8612_API.cs:line 820
   at Semight.Fwm.HardWare.HardwarePlatform.FWM8612.FWM8612Context.GetAverageCount() in D:\Semight.Fwm.Fwm8612\Code\03Semight.Fwm.HardWare\Platform\Semight.Fwm.HardWare.HardwarePlatform\FWM8612\FWM8612Context.cs:line 167
   at Semight.Fwm.Fwm8612Helper.ViewModel.HardWare.Setting.AverageSettingViewModel.InitialAverage() in D:\Semight.Fwm.Fwm8612\Code\Semight.Fwm.Fwm8612Helper\ViewModel\HardWare\Setting\AverageSettingViewModel.cs:line 78
2024-01-22 15:44:36,386[1] ERROR 读取设定发生错误 
System.Exception: Connection was Broke!
   at Semight.Fwm.HardWare.FWM8612InteractionLib.FWM8612_API.AcquireMessage(String commandMsg, Int32 timeout) in D:\Semight.Fwm.Fwm8612\Code\03Semight.Fwm.HardWare\Implement\Semight.Fwm.HardWare.FWM8612InteractionLib\FWM8612_API.cs:line 109
   at Semight.Fwm.HardWare.FWM8612InteractionLib.FWM8612_API.GetWaveLengthUnit() in D:\Semight.Fwm.Fwm8612\Code\03Semight.Fwm.HardWare\Implement\Semight.Fwm.HardWare.FWM8612InteractionLib\FWM8612_API.cs:line 712
   at Semight.Fwm.HardWare.HardwarePlatform.FWM8612.FWM8612Context.GetWaveLengthUnit() in D:\Semight.Fwm.Fwm8612\Code\03Semight.Fwm.HardWare\Platform\Semight.Fwm.HardWare.HardwarePlatform\FWM8612\FWM8612Context.cs:line 183
   at Semight.Fwm.Fwm8612Helper.ViewModel.HardWare.Setting.WaveLengthUnitViewModel.InitialWaveLengthUnit() in D:\Semight.Fwm.Fwm8612\Code\Semight.Fwm.Fwm8612Helper\ViewModel\HardWare\Setting\WaveLengthUnitViewModel.cs:line 104
2024-01-22 15:44:36,416[1] ERROR 读取设定发生错误 
System.Exception: Connection was Broke!
   at Semight.Fwm.HardWare.FWM8612InteractionLib.FWM8612_API.AcquireMessage(String commandMsg, Int32 timeout) in D:\Semight.Fwm.Fwm8612\Code\03Semight.Fwm.HardWare\Implement\Semight.Fwm.HardWare.FWM8612InteractionLib\FWM8612_API.cs:line 109
   at Semight.Fwm.HardWare.FWM8612InteractionLib.FWM8612_API.GetPowerUnit() in D:\Semight.Fwm.Fwm8612\Code\03Semight.Fwm.HardWare\Implement\Semight.Fwm.HardWare.FWM8612InteractionLib\FWM8612_API.cs:line 666
   at Semight.Fwm.HardWare.HardwarePlatform.FWM8612.FWM8612Context.GetPowerUnit() in D:\Semight.Fwm.Fwm8612\Code\03Semight.Fwm.HardWare\Platform\Semight.Fwm.HardWare.HardwarePlatform\FWM8612\FWM8612Context.cs:line 187
   at Semight.Fwm.Fwm8612Helper.ViewModel.HardWare.Setting.PowerUnitViewModel.InitialPowerUnit() in D:\Semight.Fwm.Fwm8612\Code\Semight.Fwm.Fwm8612Helper\ViewModel\HardWare\Setting\PowerUnitViewModel.cs:line 95
2024-01-22 15:44:36,443[1] ERROR 获取设定发生错误 
System.Exception: Connection was Broke!
   at Semight.Fwm.HardWare.FWM8612InteractionLib.FWM8612_API.AcquireMessage(String commandMsg, Int32 timeout) in D:\Semight.Fwm.Fwm8612\Code\03Semight.Fwm.HardWare\Implement\Semight.Fwm.HardWare.FWM8612InteractionLib\FWM8612_API.cs:line 109
   at Semight.Fwm.HardWare.FWM8612InteractionLib.FWM8612_API.GetWaveThickness() in D:\Semight.Fwm.Fwm8612\Code\03Semight.Fwm.HardWare\Implement\Semight.Fwm.HardWare.FWM8612InteractionLib\FWM8612_API.cs:line 770
   at Semight.Fwm.HardWare.HardwarePlatform.FWM8612.FWM8612Context.GetWaveBand() in D:\Semight.Fwm.Fwm8612\Code\03Semight.Fwm.HardWare\Platform\Semight.Fwm.HardWare.HardwarePlatform\FWM8612\FWM8612Context.cs:line 195
   at Semight.Fwm.Fwm8612Helper.ViewModel.HardWare.Setting.LaserModeViewModel.InitialWaveBand() in D:\Semight.Fwm.Fwm8612\Code\Semight.Fwm.Fwm8612Helper\ViewModel\HardWare\Setting\LaserModeViewModel.cs:line 115
2024-01-22 15:44:37,003[1] ERROR 读取设定发生错误 
System.Exception: Connection was Broke!
   at Semight.Fwm.HardWare.FWM8612InteractionLib.FWM8612_API.AcquireMessage(String commandMsg, Int32 timeout) in D:\Semight.Fwm.Fwm8612\Code\03Semight.Fwm.HardWare\Implement\Semight.Fwm.HardWare.FWM8612InteractionLib\FWM8612_API.cs:line 109
   at Semight.Fwm.HardWare.FWM8612InteractionLib.FWM8612_API.GetTrigMode() in D:\Semight.Fwm.Fwm8612\Code\03Semight.Fwm.HardWare\Implement\Semight.Fwm.HardWare.FWM8612InteractionLib\FWM8612_API.cs:line 514
   at Semight.Fwm.HardWare.HardwarePlatform.FWM8612.FWM8612Context.GetTrigMode() in D:\Semight.Fwm.Fwm8612\Code\03Semight.Fwm.HardWare\Platform\Semight.Fwm.HardWare.HardwarePlatform\FWM8612\FWM8612Context.cs:line 207
   at Semight.Fwm.Fwm8612Helper.ViewModel.HardWare.Setting.TriggerSettingViewModel.InitialTriggerSetting() in D:\Semight.Fwm.Fwm8612\Code\Semight.Fwm.Fwm8612Helper\ViewModel\HardWare\Setting\TriggerSettingViewModel.cs:line 194
2024-01-22 15:44:37,032[1] ERROR 获取设定发生错误 
System.Exception: Connection was Broke!
   at Semight.Fwm.HardWare.FWM8612InteractionLib.FWM8612_API.AcquireMessage(String commandMsg, Int32 timeout) in D:\Semight.Fwm.Fwm8612\Code\03Semight.Fwm.HardWare\Implement\Semight.Fwm.HardWare.FWM8612InteractionLib\FWM8612_API.cs:line 109
   at Semight.Fwm.HardWare.FWM8612InteractionLib.FWM8612_API.QueryLastCalibrationTime() in D:\Semight.Fwm.Fwm8612\Code\03Semight.Fwm.HardWare\Implement\Semight.Fwm.HardWare.FWM8612InteractionLib\FWM8612_API.cs:line 402
   at Semight.Fwm.HardWare.HardwarePlatform.FWM8612.FWM8612Context.QueryLastCalibrationTime() in D:\Semight.Fwm.Fwm8612\Code\03Semight.Fwm.HardWare\Platform\Semight.Fwm.HardWare.HardwarePlatform\FWM8612\FWM8612Context.cs:line 290
   at Semight.Fwm.Fwm8612Helper.ViewModel.HardWare.Setting.CalibrationSettingViewModel.IntialCalibrationSetting() in D:\Semight.Fwm.Fwm8612\Code\Semight.Fwm.Fwm8612Helper\ViewModel\HardWare\Setting\CalibrationSettingViewModel.cs:line 187
