2024-01-04 14:06:27,989[23] ERROR 测量波长错误 
System.Exception: 验证当前波段错误，计算波长值为NaN
   at Semight.Fwm.Fwm8612Helper.CommonBusiness.HardWare.FWM8612.FWM8612Context.RangeChecked(Int32[] thinIntensity) in D:\Semight.Fwm.Fwm8612\Code\Semight.Fwm.Fwm8612Helper\CommonBusiness\HardWare\FWM8612\FWM8612Context.cs:line 422
   at Semight.Fwm.Fwm8612Helper.CommonBusiness.HardWare.FWM8612.FWM8612Context.GetCurWaveLengthAndPower(Int32 average, Boolean compensate) in D:\Semight.Fwm.Fwm8612\Code\Semight.Fwm.Fwm8612Helper\CommonBusiness\HardWare\FWM8612\FWM8612Context.cs:line 272
   at Semight.Fwm.Fwm8612Helper.CommonBusiness.HardWare.FWM8612.FWM8612Context.<StartMeasure>b__36_2() in D:\Semight.Fwm.Fwm8612\Code\Semight.Fwm.Fwm8612Helper\CommonBusiness\HardWare\FWM8612\FWM8612Context.cs:line 484
2024-01-04 14:06:33,550[23] ERROR 测量波长错误 
System.Exception: 验证当前波段错误，计算波长值为NaN
   at Semight.Fwm.Fwm8612Helper.CommonBusiness.HardWare.FWM8612.FWM8612Context.RangeChecked(Int32[] thinIntensity) in D:\Semight.Fwm.Fwm8612\Code\Semight.Fwm.Fwm8612Helper\CommonBusiness\HardWare\FWM8612\FWM8612Context.cs:line 422
   at Semight.Fwm.Fwm8612Helper.CommonBusiness.HardWare.FWM8612.FWM8612Context.GetCurWaveLengthAndPower(Int32 average, Boolean compensate) in D:\Semight.Fwm.Fwm8612\Code\Semight.Fwm.Fwm8612Helper\CommonBusiness\HardWare\FWM8612\FWM8612Context.cs:line 272
   at Semight.Fwm.Fwm8612Helper.CommonBusiness.HardWare.FWM8612.FWM8612Context.<StartMeasure>b__36_2() in D:\Semight.Fwm.Fwm8612\Code\Semight.Fwm.Fwm8612Helper\CommonBusiness\HardWare\FWM8612\FWM8612Context.cs:line 484
2024-01-04 14:07:02,134[20] ERROR 测量波长错误 
System.Exception: 验证当前波段错误，计算波长值为NaN
   at Semight.Fwm.Fwm8612Helper.CommonBusiness.HardWare.FWM8612.FWM8612Context.RangeChecked(Int32[] thinIntensity) in D:\Semight.Fwm.Fwm8612\Code\Semight.Fwm.Fwm8612Helper\CommonBusiness\HardWare\FWM8612\FWM8612Context.cs:line 422
   at Semight.Fwm.Fwm8612Helper.CommonBusiness.HardWare.FWM8612.FWM8612Context.GetCurWaveLengthAndPower(Int32 average, Boolean compensate) in D:\Semight.Fwm.Fwm8612\Code\Semight.Fwm.Fwm8612Helper\CommonBusiness\HardWare\FWM8612\FWM8612Context.cs:line 272
   at Semight.Fwm.Fwm8612Helper.CommonBusiness.HardWare.FWM8612.FWM8612Context.<StartMeasure>b__36_2() in D:\Semight.Fwm.Fwm8612\Code\Semight.Fwm.Fwm8612Helper\CommonBusiness\HardWare\FWM8612\FWM8612Context.cs:line 484
2024-01-04 14:07:17,139[23] ERROR 测量波长错误 
System.Exception: 验证当前波段错误，计算波长值为NaN
   at Semight.Fwm.Fwm8612Helper.CommonBusiness.HardWare.FWM8612.FWM8612Context.RangeChecked(Int32[] thinIntensity) in D:\Semight.Fwm.Fwm8612\Code\Semight.Fwm.Fwm8612Helper\CommonBusiness\HardWare\FWM8612\FWM8612Context.cs:line 422
   at Semight.Fwm.Fwm8612Helper.CommonBusiness.HardWare.FWM8612.FWM8612Context.GetCurWaveLengthAndPower(Int32 average, Boolean compensate) in D:\Semight.Fwm.Fwm8612\Code\Semight.Fwm.Fwm8612Helper\CommonBusiness\HardWare\FWM8612\FWM8612Context.cs:line 272
   at Semight.Fwm.Fwm8612Helper.CommonBusiness.HardWare.FWM8612.FWM8612Context.<StartMeasure>b__36_2() in D:\Semight.Fwm.Fwm8612\Code\Semight.Fwm.Fwm8612Helper\CommonBusiness\HardWare\FWM8612\FWM8612Context.cs:line 484
2024-01-04 14:08:25,072[23] ERROR 测量波长错误 
System.Exception: 验证当前波段错误，计算波长值为NaN
   at Semight.Fwm.Fwm8612Helper.CommonBusiness.HardWare.FWM8612.FWM8612Context.RangeChecked(Int32[] thinIntensity) in D:\Semight.Fwm.Fwm8612\Code\Semight.Fwm.Fwm8612Helper\CommonBusiness\HardWare\FWM8612\FWM8612Context.cs:line 422
   at Semight.Fwm.Fwm8612Helper.CommonBusiness.HardWare.FWM8612.FWM8612Context.GetCurWaveLengthAndPower(Int32 average, Boolean compensate) in D:\Semight.Fwm.Fwm8612\Code\Semight.Fwm.Fwm8612Helper\CommonBusiness\HardWare\FWM8612\FWM8612Context.cs:line 272
   at Semight.Fwm.Fwm8612Helper.CommonBusiness.HardWare.FWM8612.FWM8612Context.<StartMeasure>b__36_2() in D:\Semight.Fwm.Fwm8612\Code\Semight.Fwm.Fwm8612Helper\CommonBusiness\HardWare\FWM8612\FWM8612Context.cs:line 484
2024-01-04 14:09:18,894[18] ERROR 测量波长错误 
System.Exception: 验证当前波段错误，计算波长值为NaN
   at Semight.Fwm.Fwm8612Helper.CommonBusiness.HardWare.FWM8612.FWM8612Context.RangeChecked(Int32[] thinIntensity) in D:\Semight.Fwm.Fwm8612\Code\Semight.Fwm.Fwm8612Helper\CommonBusiness\HardWare\FWM8612\FWM8612Context.cs:line 422
   at Semight.Fwm.Fwm8612Helper.CommonBusiness.HardWare.FWM8612.FWM8612Context.GetCurWaveLengthAndPower(Int32 average, Boolean compensate) in D:\Semight.Fwm.Fwm8612\Code\Semight.Fwm.Fwm8612Helper\CommonBusiness\HardWare\FWM8612\FWM8612Context.cs:line 272
   at Semight.Fwm.Fwm8612Helper.CommonBusiness.HardWare.FWM8612.FWM8612Context.<StartMeasure>b__36_2() in D:\Semight.Fwm.Fwm8612\Code\Semight.Fwm.Fwm8612Helper\CommonBusiness\HardWare\FWM8612\FWM8612Context.cs:line 484
