2024-01-23 17:23:54,535[6] ERROR 波长折线图刷新发生错误 
System.NullReferenceException: Object reference not set to an instance of an object.
   at Semight.Fwm.Fwm8612Helper.ViewModel.Chart.WaveLengthChartViewModel.<RefreshVisual>b__27_0() in D:\Semight.Fwm.Fwm8612\Code\Semight.Fwm.Fwm8612Helper\ViewModel\Chart\WaveLengthChartViewModel.cs:line 331
   at System.Windows.Threading.DispatcherOperation.InvokeDelegateCore()
   at System.Windows.Threading.DispatcherOperation.InvokeImpl()
--- End of stack trace from previous location ---
   at System.Windows.Threading.DispatcherOperation.Wait(TimeSpan timeout)
   at System.Windows.Threading.Dispatcher.InvokeImpl(DispatcherOperation operation, CancellationToken cancellationToken, TimeSpan timeout)
   at System.Windows.Threading.Dispatcher.Invoke(Action callback, DispatcherPriority priority, CancellationToken cancellationToken, TimeSpan timeout)
   at System.Windows.Threading.Dispatcher.Invoke(Action callback)
   at Semight.Fwm.Fwm8612Helper.ViewModel.Chart.WaveLengthChartViewModel.RefreshVisual(CancellationToken cancellationToken) in D:\Semight.Fwm.Fwm8612\Code\Semight.Fwm.Fwm8612Helper\ViewModel\Chart\WaveLengthChartViewModel.cs:line 329
2024-01-23 17:36:37,538[1] ERROR UI线程发生未处理错误 
System.IndexOutOfRangeException: Index was outside the bounds of the array.
   at Semight.Fwm.CustomUserControl.WaveLengthChart.View.UcScottPlot.WaveChart_MouseMove(Object sender, MouseEventArgs e) in D:\Semight.Fwm.Fwm8612\Code\05Semight.Fwm.CustomUserControl\Semight.Fwm.CustomUserControl.WaveLengthChart\View\UcScottPlot.xaml.cs:line 100
   at System.Windows.Input.MouseButtonEventArgs.InvokeEventHandler(Delegate genericHandler, Object genericTarget)
   at System.Windows.RoutedEventArgs.InvokeHandler(Delegate handler, Object target)
   at System.Windows.RoutedEventHandlerInfo.InvokeHandler(Object target, RoutedEventArgs routedEventArgs)
   at System.Windows.EventRoute.InvokeHandlersImpl(Object source, RoutedEventArgs args, Boolean reRaised)
   at System.Windows.UIElement.RaiseEventImpl(DependencyObject sender, RoutedEventArgs args)
   at System.Windows.UIElement.RaiseTrustedEvent(RoutedEventArgs args)
   at System.Windows.Input.InputManager.ProcessStagingArea()
   at System.Windows.Input.InputManager.ProcessInput(InputEventArgs input)
   at System.Windows.Input.InputProviderSite.ReportInput(InputReport inputReport)
   at System.Windows.Interop.HwndMouseInputProvider.ReportInput(IntPtr hwnd, InputMode mode, Int32 timestamp, RawMouseActions actions, Int32 x, Int32 y, Int32 wheel)
   at System.Windows.Interop.HwndMouseInputProvider.FilterMessage(IntPtr hwnd, WindowMessage msg, IntPtr wParam, IntPtr lParam, Boolean& handled)
   at System.Windows.Interop.HwndSource.InputFilterMessage(IntPtr hwnd, Int32 msg, IntPtr wParam, IntPtr lParam, Boolean& handled)
   at MS.Win32.HwndWrapper.WndProc(IntPtr hwnd, Int32 msg, IntPtr wParam, IntPtr lParam, Boolean& handled)
   at MS.Win32.HwndSubclass.DispatcherCallbackOperation(Object o)
   at System.Windows.Threading.ExceptionWrapper.InternalRealCall(Delegate callback, Object args, Int32 numArgs)
   at System.Windows.Threading.ExceptionWrapper.TryCatchWhen(Object source, Delegate callback, Object args, Int32 numArgs, Delegate catchHandler)
2024-01-23 17:36:37,573[1] ERROR 非UI线程发生未处理错误 
System.IndexOutOfRangeException: Index was outside the bounds of the array.
   at Semight.Fwm.CustomUserControl.WaveLengthChart.View.UcScottPlot.WaveChart_MouseMove(Object sender, MouseEventArgs e) in D:\Semight.Fwm.Fwm8612\Code\05Semight.Fwm.CustomUserControl\Semight.Fwm.CustomUserControl.WaveLengthChart\View\UcScottPlot.xaml.cs:line 100
   at System.Windows.Input.MouseButtonEventArgs.InvokeEventHandler(Delegate genericHandler, Object genericTarget)
   at System.Windows.RoutedEventArgs.InvokeHandler(Delegate handler, Object target)
   at System.Windows.RoutedEventHandlerInfo.InvokeHandler(Object target, RoutedEventArgs routedEventArgs)
   at System.Windows.EventRoute.InvokeHandlersImpl(Object source, RoutedEventArgs args, Boolean reRaised)
   at System.Windows.UIElement.RaiseEventImpl(DependencyObject sender, RoutedEventArgs args)
   at System.Windows.UIElement.RaiseTrustedEvent(RoutedEventArgs args)
   at System.Windows.Input.InputManager.ProcessStagingArea()
   at System.Windows.Input.InputManager.ProcessInput(InputEventArgs input)
   at System.Windows.Input.InputProviderSite.ReportInput(InputReport inputReport)
   at System.Windows.Interop.HwndMouseInputProvider.ReportInput(IntPtr hwnd, InputMode mode, Int32 timestamp, RawMouseActions actions, Int32 x, Int32 y, Int32 wheel)
   at System.Windows.Interop.HwndMouseInputProvider.FilterMessage(IntPtr hwnd, WindowMessage msg, IntPtr wParam, IntPtr lParam, Boolean& handled)
   at System.Windows.Interop.HwndSource.InputFilterMessage(IntPtr hwnd, Int32 msg, IntPtr wParam, IntPtr lParam, Boolean& handled)
   at MS.Win32.HwndWrapper.WndProc(IntPtr hwnd, Int32 msg, IntPtr wParam, IntPtr lParam, Boolean& handled)
   at MS.Win32.HwndSubclass.DispatcherCallbackOperation(Object o)
   at System.Windows.Threading.ExceptionWrapper.InternalRealCall(Delegate callback, Object args, Int32 numArgs)
   at System.Windows.Threading.ExceptionWrapper.TryCatchWhen(Object source, Delegate callback, Object args, Int32 numArgs, Delegate catchHandler)
   at System.Windows.Threading.Dispatcher.LegacyInvokeImpl(DispatcherPriority priority, TimeSpan timeout, Delegate method, Object args, Int32 numArgs)
   at MS.Win32.HwndSubclass.SubclassWndProc(IntPtr hwnd, Int32 msg, IntPtr wParam, IntPtr lParam)
   at MS.Win32.UnsafeNativeMethods.DispatchMessage(MSG& msg)
   at System.Windows.Threading.Dispatcher.PushFrameImpl(DispatcherFrame frame)
   at System.Windows.Threading.Dispatcher.PushFrame(DispatcherFrame frame)
   at System.Windows.Threading.Dispatcher.Run()
   at System.Windows.Application.RunDispatcher(Object ignore)
   at System.Windows.Application.RunInternal(Window window)
   at System.Windows.Application.Run()
   at Semight.Fwm.Fwm8612Helper.App.Main()
2024-01-23 18:01:50,659[1] ERROR UI线程发生未处理错误 
System.Runtime.Serialization.SerializationException: Type 'ScottPlot.AxisPanels.BottomAxis' in Assembly 'ScottPlot, Version=5.0.20.0, Culture=neutral, PublicKeyToken=86698dc10387c39e' is not marked as serializable.
   at System.Runtime.Serialization.FormatterServices.InternalGetSerializableMembers(Type type)
   at System.Runtime.Serialization.FormatterServices.<>c.<GetSerializableMembers>b__5_0(MemberHolder mh)
   at System.Collections.Concurrent.ConcurrentDictionary`2.GetOrAdd(TKey key, Func`2 valueFactory)
   at System.Runtime.Serialization.FormatterServices.GetSerializableMembers(Type type, StreamingContext context)
   at System.Runtime.Serialization.Formatters.Binary.WriteObjectInfo.InitMemberInfo()
   at System.Runtime.Serialization.Formatters.Binary.WriteObjectInfo.InitSerialize(Object obj, ISurrogateSelector surrogateSelector, StreamingContext context, SerObjectInfoInit serObjectInfoInit, IFormatterConverter converter, ObjectWriter objectWriter, SerializationBinder binder)
   at System.Runtime.Serialization.Formatters.Binary.ObjectWriter.Serialize(Object graph, BinaryFormatterWriter serWriter)
   at System.Runtime.Serialization.Formatters.Binary.BinaryFormatter.Serialize(Stream serializationStream, Object graph)
   at Semight.Fwm.Common.CommonTools.ExtensionMethods.ExtensionAdapter.DeepClone[T](T source) in D:\Semight.Fwm.Fwm8612\Code\01Semight.Fwm.Common\SingleEntity\Semight.Fwm.Common.CommonTools\ExtensionMethods\ExtensionAdapter.cs:line 85
   at Semight.Fwm.CustomUserControl.WaveLengthChart.View.UcScottPlot.ChangeXAxis(Boolean dateTimeAxis) in D:\Semight.Fwm.Fwm8612\Code\05Semight.Fwm.CustomUserControl\Semight.Fwm.CustomUserControl.WaveLengthChart\View\UcScottPlot.xaml.cs:line 282
   at Semight.Fwm.Fwm8612Helper.ViewModel.Chart.WaveLengthChartViewModel.XAxisChanged() in D:\Semight.Fwm.Fwm8612\Code\Semight.Fwm.Fwm8612Helper\ViewModel\Chart\WaveLengthChartViewModel.cs:line 200
   at CommunityToolkit.Mvvm.Input.RelayCommand.Execute(Object parameter) in /_/src/CommunityToolkit.Mvvm/Input/RelayCommand.cs:line 77
   at MS.Internal.Commands.CommandHelpers.CriticalExecuteCommandSource(ICommandSource commandSource, Boolean userInitiated)
   at System.Windows.Controls.Primitives.ButtonBase.OnClick()
   at System.Windows.Controls.Primitives.ToggleButton.OnClick()
   at System.Windows.Controls.Primitives.ButtonBase.OnMouseLeftButtonUp(MouseButtonEventArgs e)
   at System.Windows.UIElement.OnMouseLeftButtonUpThunk(Object sender, MouseButtonEventArgs e)
   at System.Windows.Input.MouseButtonEventArgs.InvokeEventHandler(Delegate genericHandler, Object genericTarget)
   at System.Windows.RoutedEventArgs.InvokeHandler(Delegate handler, Object target)
   at System.Windows.RoutedEventHandlerInfo.InvokeHandler(Object target, RoutedEventArgs routedEventArgs)
   at System.Windows.EventRoute.InvokeHandlersImpl(Object source, RoutedEventArgs args, Boolean reRaised)
   at System.Windows.UIElement.ReRaiseEventAs(DependencyObject sender, RoutedEventArgs args, RoutedEvent newEvent)
   at System.Windows.UIElement.OnMouseUpThunk(Object sender, MouseButtonEventArgs e)
   at System.Windows.Input.MouseButtonEventArgs.InvokeEventHandler(Delegate genericHandler, Object genericTarget)
   at System.Windows.RoutedEventArgs.InvokeHandler(Delegate handler, Object target)
   at System.Windows.RoutedEventHandlerInfo.InvokeHandler(Object target, RoutedEventArgs routedEventArgs)
   at System.Windows.EventRoute.InvokeHandlersImpl(Object source, RoutedEventArgs args, Boolean reRaised)
   at System.Windows.UIElement.RaiseEventImpl(DependencyObject sender, RoutedEventArgs args)
   at System.Windows.UIElement.RaiseTrustedEvent(RoutedEventArgs args)
   at System.Windows.Input.InputManager.ProcessStagingArea()
   at System.Windows.Input.InputManager.ProcessInput(InputEventArgs input)
   at System.Windows.Input.InputProviderSite.ReportInput(InputReport inputReport)
   at System.Windows.Interop.HwndMouseInputProvider.ReportInput(IntPtr hwnd, InputMode mode, Int32 timestamp, RawMouseActions actions, Int32 x, Int32 y, Int32 wheel)
   at System.Windows.Interop.HwndMouseInputProvider.FilterMessage(IntPtr hwnd, WindowMessage msg, IntPtr wParam, IntPtr lParam, Boolean& handled)
   at System.Windows.Interop.HwndSource.InputFilterMessage(IntPtr hwnd, Int32 msg, IntPtr wParam, IntPtr lParam, Boolean& handled)
   at MS.Win32.HwndWrapper.WndProc(IntPtr hwnd, Int32 msg, IntPtr wParam, IntPtr lParam, Boolean& handled)
   at MS.Win32.HwndSubclass.DispatcherCallbackOperation(Object o)
   at System.Windows.Threading.ExceptionWrapper.InternalRealCall(Delegate callback, Object args, Int32 numArgs)
   at System.Windows.Threading.ExceptionWrapper.TryCatchWhen(Object source, Delegate callback, Object args, Int32 numArgs, Delegate catchHandler)
2024-01-23 18:01:50,697[1] ERROR 非UI线程发生未处理错误 
System.Runtime.Serialization.SerializationException: Type 'ScottPlot.AxisPanels.BottomAxis' in Assembly 'ScottPlot, Version=5.0.20.0, Culture=neutral, PublicKeyToken=86698dc10387c39e' is not marked as serializable.
   at System.Runtime.Serialization.FormatterServices.InternalGetSerializableMembers(Type type)
   at System.Runtime.Serialization.FormatterServices.<>c.<GetSerializableMembers>b__5_0(MemberHolder mh)
   at System.Collections.Concurrent.ConcurrentDictionary`2.GetOrAdd(TKey key, Func`2 valueFactory)
   at System.Runtime.Serialization.FormatterServices.GetSerializableMembers(Type type, StreamingContext context)
   at System.Runtime.Serialization.Formatters.Binary.WriteObjectInfo.InitMemberInfo()
   at System.Runtime.Serialization.Formatters.Binary.WriteObjectInfo.InitSerialize(Object obj, ISurrogateSelector surrogateSelector, StreamingContext context, SerObjectInfoInit serObjectInfoInit, IFormatterConverter converter, ObjectWriter objectWriter, SerializationBinder binder)
   at System.Runtime.Serialization.Formatters.Binary.ObjectWriter.Serialize(Object graph, BinaryFormatterWriter serWriter)
   at System.Runtime.Serialization.Formatters.Binary.BinaryFormatter.Serialize(Stream serializationStream, Object graph)
   at Semight.Fwm.Common.CommonTools.ExtensionMethods.ExtensionAdapter.DeepClone[T](T source) in D:\Semight.Fwm.Fwm8612\Code\01Semight.Fwm.Common\SingleEntity\Semight.Fwm.Common.CommonTools\ExtensionMethods\ExtensionAdapter.cs:line 85
   at Semight.Fwm.CustomUserControl.WaveLengthChart.View.UcScottPlot.ChangeXAxis(Boolean dateTimeAxis) in D:\Semight.Fwm.Fwm8612\Code\05Semight.Fwm.CustomUserControl\Semight.Fwm.CustomUserControl.WaveLengthChart\View\UcScottPlot.xaml.cs:line 282
   at Semight.Fwm.Fwm8612Helper.ViewModel.Chart.WaveLengthChartViewModel.XAxisChanged() in D:\Semight.Fwm.Fwm8612\Code\Semight.Fwm.Fwm8612Helper\ViewModel\Chart\WaveLengthChartViewModel.cs:line 200
   at CommunityToolkit.Mvvm.Input.RelayCommand.Execute(Object parameter) in /_/src/CommunityToolkit.Mvvm/Input/RelayCommand.cs:line 77
   at MS.Internal.Commands.CommandHelpers.CriticalExecuteCommandSource(ICommandSource commandSource, Boolean userInitiated)
   at System.Windows.Controls.Primitives.ButtonBase.OnClick()
   at System.Windows.Controls.Primitives.ToggleButton.OnClick()
   at System.Windows.Controls.Primitives.ButtonBase.OnMouseLeftButtonUp(MouseButtonEventArgs e)
   at System.Windows.UIElement.OnMouseLeftButtonUpThunk(Object sender, MouseButtonEventArgs e)
   at System.Windows.Input.MouseButtonEventArgs.InvokeEventHandler(Delegate genericHandler, Object genericTarget)
   at System.Windows.RoutedEventArgs.InvokeHandler(Delegate handler, Object target)
   at System.Windows.RoutedEventHandlerInfo.InvokeHandler(Object target, RoutedEventArgs routedEventArgs)
   at System.Windows.EventRoute.InvokeHandlersImpl(Object source, RoutedEventArgs args, Boolean reRaised)
   at System.Windows.UIElement.ReRaiseEventAs(DependencyObject sender, RoutedEventArgs args, RoutedEvent newEvent)
   at System.Windows.UIElement.OnMouseUpThunk(Object sender, MouseButtonEventArgs e)
   at System.Windows.Input.MouseButtonEventArgs.InvokeEventHandler(Delegate genericHandler, Object genericTarget)
   at System.Windows.RoutedEventArgs.InvokeHandler(Delegate handler, Object target)
   at System.Windows.RoutedEventHandlerInfo.InvokeHandler(Object target, RoutedEventArgs routedEventArgs)
   at System.Windows.EventRoute.InvokeHandlersImpl(Object source, RoutedEventArgs args, Boolean reRaised)
   at System.Windows.UIElement.RaiseEventImpl(DependencyObject sender, RoutedEventArgs args)
   at System.Windows.UIElement.RaiseTrustedEvent(RoutedEventArgs args)
   at System.Windows.Input.InputManager.ProcessStagingArea()
   at System.Windows.Input.InputManager.ProcessInput(InputEventArgs input)
   at System.Windows.Input.InputProviderSite.ReportInput(InputReport inputReport)
   at System.Windows.Interop.HwndMouseInputProvider.ReportInput(IntPtr hwnd, InputMode mode, Int32 timestamp, RawMouseActions actions, Int32 x, Int32 y, Int32 wheel)
   at System.Windows.Interop.HwndMouseInputProvider.FilterMessage(IntPtr hwnd, WindowMessage msg, IntPtr wParam, IntPtr lParam, Boolean& handled)
   at System.Windows.Interop.HwndSource.InputFilterMessage(IntPtr hwnd, Int32 msg, IntPtr wParam, IntPtr lParam, Boolean& handled)
   at MS.Win32.HwndWrapper.WndProc(IntPtr hwnd, Int32 msg, IntPtr wParam, IntPtr lParam, Boolean& handled)
   at MS.Win32.HwndSubclass.DispatcherCallbackOperation(Object o)
   at System.Windows.Threading.ExceptionWrapper.InternalRealCall(Delegate callback, Object args, Int32 numArgs)
   at System.Windows.Threading.ExceptionWrapper.TryCatchWhen(Object source, Delegate callback, Object args, Int32 numArgs, Delegate catchHandler)
   at System.Windows.Threading.Dispatcher.LegacyInvokeImpl(DispatcherPriority priority, TimeSpan timeout, Delegate method, Object args, Int32 numArgs)
   at MS.Win32.HwndSubclass.SubclassWndProc(IntPtr hwnd, Int32 msg, IntPtr wParam, IntPtr lParam)
   at MS.Win32.UnsafeNativeMethods.DispatchMessage(MSG& msg)
   at System.Windows.Threading.Dispatcher.PushFrameImpl(DispatcherFrame frame)
   at System.Windows.Threading.Dispatcher.PushFrame(DispatcherFrame frame)
   at System.Windows.Threading.Dispatcher.Run()
   at System.Windows.Application.RunDispatcher(Object ignore)
   at System.Windows.Application.RunInternal(Window window)
   at System.Windows.Application.Run()
   at Semight.Fwm.Fwm8612Helper.App.Main()
