2024-01-25 09:31:30,021[9] DEBUG: 数量：10000  耗时：157.6355771s_2.62726034m 
2024-01-25 09:34:10,983[4] DEBUG: 数量：20000  耗时：318.6680722s_5.311134593333334m 
2024-01-25 09:35:38,133[9] INFO: 波长折线图停止刷新 
2024-01-25 09:39:10,162[9] DEBUG: 数量：10000  耗时：159.9652498s_2.66608852m 
2024-01-25 09:42:14,177[6] DEBUG: 数量：20000  耗时：344.0515366s_5.734192353333333m 
2024-01-25 09:45:47,964[9] DEBUG: 数量：30000  耗时：557.838476s_9.29730802m 
2024-01-25 09:49:36,938[6] DEBUG: 数量：40000  耗时：786.8127383s_13.113545701666666m 
2024-01-25 09:53:41,763[6] DEBUG: 数量：50000  耗时：1031.637392s_17.193956645m 
2024-01-25 09:58:04,530[6] DEBUG: 数量：60000  耗时：1294.4045112s_21.57340859m 
2024-01-25 10:02:48,764[9] DEBUG: 数量：70000  耗时：1578.6388331s_26.310647306666667m 
2024-01-25 10:04:14,684[6] INFO: 波长折线图停止刷新 
2024-01-25 14:29:04,832[9] INFO: 波长折线图停止刷新 
2024-01-25 14:30:18,588[9] INFO: 波长折线图停止刷新 
2024-01-25 14:57:16,607[9] INFO: CCD数据显示停止更新 
2024-01-25 14:57:16,607[6] INFO: 硬件状态停止更新 
2024-01-25 14:57:16,607[15] INFO: 波长结果数据停止更新 
2024-01-25 15:24:50,823[6] INFO: 波长折线图停止刷新 
2024-01-25 15:35:39,886[9] INFO: 波长折线图停止刷新 
2024-01-25 15:37:49,480[10] INFO: 波长折线图停止刷新 
2024-01-25 15:38:41,131[4] INFO: 波长折线图停止刷新 
